[C:/Meus Sites/Análise de Circuitos Eletroeletrônicos/backblue.gif]
[C:/Meus Sites/Análise de Circuitos Eletroeletrônicos/fade.gif]
[C:/Meus Sites/Análise de Circuitos Eletroeletrônicos/index.html]
[C:/Meus Sites/Análise de Circuitos Eletroeletrônicos/scorm.onilearning.com.br/conteudo/assets/img/ONIfavicon-96x96.png]
[C:/Meus Sites/Análise de Circuitos Eletroeletrônicos/scorm.onilearning.com.br/conteudo/assets/css/novaTrilha.css]
[C:/Meus Sites/Análise de Circuitos Eletroeletrônicos/scorm.onilearning.com.br/conteudo/assets/js/acess_scripts.js]
[C:/Meus Sites/Análise de Circuitos Eletroeletrônicos/cdn.jsdelivr.net/npm/@phosphor-icons/web@2.1.1/src/regular/style.css]
[C:/Meus Sites/Análise de Circuitos Eletroeletrônicos/cdn.jsdelivr.net/npm/@phosphor-icons/web@2.1.1/src/bold/style.css]
[C:/Meus Sites/Análise de Circuitos Eletroeletrônicos/cdn.jsdelivr.net/npm/@phosphor-icons/web@2.1.1/src/fill/style.css]
[C:/Meus Sites/Análise de Circuitos Eletroeletrônicos/scorm.onilearning.com.br/conteudo/assets/img/iconografia/modelo-1/icone-1.png]
[C:/Meus Sites/Análise de Circuitos Eletroeletrônicos/scorm.onilearning.com.br/conteudo/assets/img/iconografia/modelo-1/icone-2.png]
[C:/Meus Sites/Análise de Circuitos Eletroeletrônicos/scorm.onilearning.com.br/conteudo/assets/img/iconografia/modelo-1/icone-3.png]
[C:/Meus Sites/Análise de Circuitos Eletroeletrônicos/scorm.onilearning.com.br/conteudo/assets/img/iconografia/modelo-1/icone-4.png]
[C:/Meus Sites/Análise de Circuitos Eletroeletrônicos/scorm.onilearning.com.br/conteudo/assets/img/iconografia/modelo-1/icone-5.png]
[C:/Meus Sites/Análise de Circuitos Eletroeletrônicos/scorm.onilearning.com.br/conteudo/assets/img/iconografia/modelo-1/icone-6.png]
[C:/Meus Sites/Análise de Circuitos Eletroeletrônicos/scorm.onilearning.com.br/conteudo/assets/img/iconografia/modelo-1/icone-7.png]
[C:/Meus Sites/Análise de Circuitos Eletroeletrônicos/scorm.onilearning.com.br/conteudo/assets/img/iconografia/modelo-1/icone-8.png]
[C:/Meus Sites/Análise de Circuitos Eletroeletrônicos/scorm.onilearning.com.br/conteudo/assets/img/iconografia/modelo-1/icone-9.png]
[C:/Meus Sites/Análise de Circuitos Eletroeletrônicos/scorm.onilearning.com.br/conteudo/assets/img/iconografia/modelo-1/icone-10.png]
[C:/Meus Sites/Análise de Circuitos Eletroeletrônicos/scorm.onilearning.com.br/conteudo/assets/img/iconografia/modelo-1/icone-11.png]
[C:/Meus Sites/Análise de Circuitos Eletroeletrônicos/scorm.onilearning.com.br/conteudo/assets/img/iconografia/modelo-1/icone-12.png]
[C:/Meus Sites/Análise de Circuitos Eletroeletrônicos/scorm.onilearning.com.br/conteudo/ebookd64f.pdf]
[C:/Meus Sites/Análise de Circuitos Eletroeletrônicos/scorm.onilearning.com.br/conteudo/componente476b.html]
[C:/Meus Sites/Análise de Circuitos Eletroeletrônicos/scorm.onilearning.com.br/conteudo/ebookbdb5.pdf]
[C:/Meus Sites/Análise de Circuitos Eletroeletrônicos/scorm.onilearning.com.br/conteudo/componentea150.html]
[C:/Meus Sites/Análise de Circuitos Eletroeletrônicos/scorm.onilearning.com.br/conteudo/ebook71bd.pdf]
[C:/Meus Sites/Análise de Circuitos Eletroeletrônicos/scorm.onilearning.com.br/conteudo/componente276c.html]
[C:/Meus Sites/Análise de Circuitos Eletroeletrônicos/scorm.onilearning.com.br/conteudo/ebook4a4a.pdf]
[C:/Meus Sites/Análise de Circuitos Eletroeletrônicos/scorm.onilearning.com.br/conteudo/componente48e8.html]
[C:/Meus Sites/Análise de Circuitos Eletroeletrônicos/scorm.onilearning.com.br/conteudo/assets/css/reset.css]
[C:/Meus Sites/Análise de Circuitos Eletroeletrônicos/scorm.onilearning.com.br/conteudo/assets/css/novaTrilha.css]
[C:/Meus Sites/Análise de Circuitos Eletroeletrônicos/scorm.onilearning.com.br/conteudo/assets/css/acess_contrast.css]
[C:/Meus Sites/Análise de Circuitos Eletroeletrônicos/scorm.onilearning.com.br/conteudo/assets/css/acess_bar.css]
[C:/Meus Sites/Análise de Circuitos Eletroeletrônicos/cdn.jsdelivr.net/npm/@phosphor-icons/web@2.1.1/src/regular/style.css]
[C:/Meus Sites/Análise de Circuitos Eletroeletrônicos/cdn.jsdelivr.net/npm/@phosphor-icons/web@2.1.1/src/bold/style.css]
[C:/Meus Sites/Análise de Circuitos Eletroeletrônicos/cdn.jsdelivr.net/npm/@phosphor-icons/web@2.1.1/src/fill/style.css]
[C:/Meus Sites/Análise de Circuitos Eletroeletrônicos/cdnjs.cloudflare.com/ajax/libs/jquery/3.6.4/jquery.min.js]
[C:/Meus Sites/Análise de Circuitos Eletroeletrônicos/oni360.com.br/externo/onicreative/template/3/dist/hls.js]
[C:/Meus Sites/Análise de Circuitos Eletroeletrônicos/scorm.onilearning.com.br/conteudo/assets/js/novaTrilha.js]
[C:/Meus Sites/Análise de Circuitos Eletroeletrônicos/scorm.onilearning.com.br/conteudo/novo_scorm/scorm-padrao/padrao/css/bootstrap-grid.min.css]
[C:/Meus Sites/Análise de Circuitos Eletroeletrônicos/cdn.jsdelivr.net/npm/uikit@3.16.15/dist/css/uikit.min.css]
[C:/Meus Sites/Análise de Circuitos Eletroeletrônicos/api-externa360.onilearning.com.br/exemplo-mapa.jpg]
[C:/Meus Sites/Análise de Circuitos Eletroeletrônicos/cdn.jsdelivr.net/npm/bootstrap-icons@1.11.3/font/bootstrap-icons.css]
[C:/Meus Sites/Análise de Circuitos Eletroeletrônicos/scorm.onilearning.com.br/conteudo/novo_scorm/scorm-padrao/padrao/images/banner-trilha.jpg]
[C:/Meus Sites/Análise de Circuitos Eletroeletrônicos/cdn.jsdelivr.net/npm/uikit@3.16.15/dist/js/uikit-icons.min.js]
[C:/Meus Sites/Análise de Circuitos Eletroeletrônicos/scorm.onilearning.com.br/conteudo/novo_scorm/scorm-padrao/padrao/js/main.js]
[C:/Meus Sites/Análise de Circuitos Eletroeletrônicos/scorm.onilearning.com.br/conteudo/componented139.html]
[C:/Meus Sites/Análise de Circuitos Eletroeletrônicos/scorm.onilearning.com.br/conteudo/assets/img/pdf.svg]
[C:/Meus Sites/Análise de Circuitos Eletroeletrônicos/scorm.onilearning.com.br/conteudo/assets/img/lang_BR.svg]
[C:/Meus Sites/Análise de Circuitos Eletroeletrônicos/scorm.onilearning.com.br/conteudo/assets/img/lang_US.svg]
[C:/Meus Sites/Análise de Circuitos Eletroeletrônicos/scorm.onilearning.com.br/conteudo/assets/img/lang_ES.svg]
[C:/Meus Sites/Análise de Circuitos Eletroeletrônicos/cdn.jsdelivr.net/npm/@phosphor-icons/web@2.1.1/src/duotone/style.css]
[C:/Meus Sites/Análise de Circuitos Eletroeletrônicos/plugin.handtalk.me/web/latest/handtalk.min.js]
[C:/Meus Sites/Análise de Circuitos Eletroeletrônicos/scorm.onilearning.com.br/conteudo/chat_pdf_onitutor_moni.html]
[C:/Meus Sites/Análise de Circuitos Eletroeletrônicos/scorm.onilearning.com.br/conteudo/chatpdf/moni_onepage.html]
[C:/Meus Sites/Análise de Circuitos Eletroeletrônicos/scorm.onilearning.com.br/conteudo/POST.html]
[C:/Meus Sites/Análise de Circuitos Eletroeletrônicos/scorm.onilearning.com.br/conteudo/chatpdf/audioQuestion_moni92bd.json]
[C:/Meus Sites/Análise de Circuitos Eletroeletrônicos/scorm.onilearning.com.br/conteudo/audio.html]
[C:/Meus Sites/Análise de Circuitos Eletroeletrônicos/scorm.onilearning.com.br/conteudo/scripts.html]
[C:/Meus Sites/Análise de Circuitos Eletroeletrônicos/scorm.onilearning.com.br/conteudo/componente6ebf.html]
[C:/Meus Sites/Análise de Circuitos Eletroeletrônicos/scorm.onilearning.com.br/conteudo/componentefb09.html]
[C:/Meus Sites/Análise de Circuitos Eletroeletrônicos/scorm.onilearning.com.br/conteudo/componente0ac9.html]
[C:/Meus Sites/Análise de Circuitos Eletroeletrônicos/scorm.onilearning.com.br/conteudo/novo_scorm/scorm-padrao/padrao/fonts/roboto/Roboto-Thin.woff2]
[C:/Meus Sites/Análise de Circuitos Eletroeletrônicos/scorm.onilearning.com.br/conteudo/novo_scorm/scorm-padrao/padrao/fonts/roboto/Roboto-Thin.woff]
[C:/Meus Sites/Análise de Circuitos Eletroeletrônicos/scorm.onilearning.com.br/conteudo/novo_scorm/scorm-padrao/padrao/fonts/roboto/Roboto-Light.woff2]
[C:/Meus Sites/Análise de Circuitos Eletroeletrônicos/scorm.onilearning.com.br/conteudo/novo_scorm/scorm-padrao/padrao/fonts/roboto/Roboto-Light.woff]
[C:/Meus Sites/Análise de Circuitos Eletroeletrônicos/scorm.onilearning.com.br/conteudo/novo_scorm/scorm-padrao/padrao/fonts/roboto/Roboto-Regular.woff2]
[C:/Meus Sites/Análise de Circuitos Eletroeletrônicos/scorm.onilearning.com.br/conteudo/novo_scorm/scorm-padrao/padrao/fonts/roboto/Roboto-Regular.woff]
[C:/Meus Sites/Análise de Circuitos Eletroeletrônicos/scorm.onilearning.com.br/conteudo/novo_scorm/scorm-padrao/padrao/fonts/roboto/Roboto-Medium.woff2]
[C:/Meus Sites/Análise de Circuitos Eletroeletrônicos/scorm.onilearning.com.br/conteudo/novo_scorm/scorm-padrao/padrao/fonts/roboto/Roboto-Medium.woff]
[C:/Meus Sites/Análise de Circuitos Eletroeletrônicos/scorm.onilearning.com.br/conteudo/novo_scorm/scorm-padrao/padrao/fonts/roboto/Roboto-Bold.woff2]
[C:/Meus Sites/Análise de Circuitos Eletroeletrônicos/scorm.onilearning.com.br/conteudo/novo_scorm/scorm-padrao/padrao/fonts/roboto/Roboto-Bold.woff]
[C:/Meus Sites/Análise de Circuitos Eletroeletrônicos/scorm.onilearning.com.br/conteudo/novo_scorm/scorm-padrao/padrao/css/materialize.min.css]
[C:/Meus Sites/Análise de Circuitos Eletroeletrônicos/scorm.onilearning.com.br/conteudo/novo_scorm/scorm-padrao/padrao/contents/background_computador2.jpg]
[C:/Meus Sites/Análise de Circuitos Eletroeletrônicos/scorm.onilearning.com.br/conteudo/novo_scorm/scorm-padrao/padrao/css/main.css]
[C:/Meus Sites/Análise de Circuitos Eletroeletrônicos/scorm.onilearning.com.br/conteudo/novo_scorm/scorm-padrao/padrao/css/bootstrap-grid.min.css]
[C:/Meus Sites/Análise de Circuitos Eletroeletrônicos/cdn.jsdelivr.net/npm/uikit@3.16.15/dist/css/uikit.min.css]
[C:/Meus Sites/Análise de Circuitos Eletroeletrônicos/scorm.onilearning.com.br/conteudo/componentedc0c.html]
[C:/Meus Sites/Análise de Circuitos Eletroeletrônicos/scorm.onilearning.com.br/conteudo/slidec78b.pdf]
[C:/Meus Sites/Análise de Circuitos Eletroeletrônicos/scorm.onilearning.com.br/trilha/assets/pdf/web/viewer.css]
[C:/Meus Sites/Análise de Circuitos Eletroeletrônicos/scorm.onilearning.com.br/conteudo/componentec7d2.html]
[C:/Meus Sites/Análise de Circuitos Eletroeletrônicos/scorm.onilearning.com.br/trilha/assets/pdf/web/viewer.js]
[C:/Meus Sites/Análise de Circuitos Eletroeletrônicos/scorm.onilearning.com.br/conteudo/slide2e5a.pdf]
[C:/Meus Sites/Análise de Circuitos Eletroeletrônicos/scorm.onilearning.com.br/conteudo/componente4a0c.html]
[C:/Meus Sites/Análise de Circuitos Eletroeletrônicos/scorm.onilearning.com.br/conteudo/dist/hls.js]
[C:/Meus Sites/Análise de Circuitos Eletroeletrônicos/scorm.onilearning.com.br/conteudo/componente4b8c.html]
[C:/Meus Sites/Análise de Circuitos Eletroeletrônicos/scorm.onilearning.com.br/conteudo/componente1d3a.html]
[C:/Meus Sites/Análise de Circuitos Eletroeletrônicos/cdn.jsdelivr.net/npm/bootstrap-icons@1.11.3/font/bootstrap-icons.css]
[C:/Meus Sites/Análise de Circuitos Eletroeletrônicos/cdn.jsdelivr.net/npm/uikit@3.16.15/dist/js/uikit.min.js]
[C:/Meus Sites/Análise de Circuitos Eletroeletrônicos/cdn.jsdelivr.net/npm/@phosphor-icons/web@2.1.1/src/duotone/style.css]
[C:/Meus Sites/Análise de Circuitos Eletroeletrônicos/code.jquery.com/jquery-3.2.1.min.js]
[C:/Meus Sites/Análise de Circuitos Eletroeletrônicos/cdnjs.cloudflare.com/ajax/libs/jspdf/2.4.0/jspdf.umd.min.js]
[C:/Meus Sites/Análise de Circuitos Eletroeletrônicos/cdnjs.cloudflare.com/ajax/libs/html2pdf.js/0.10.1/html2pdf.bundle.min.js]
[C:/Meus Sites/Análise de Circuitos Eletroeletrônicos/scorm.onilearning.com.br/conteudo/novo_scorm/scorm-padrao/padrao/js/bootstrap.min.js]
[C:/Meus Sites/Análise de Circuitos Eletroeletrônicos/scorm.onilearning.com.br/conteudo/componente3a1b.html]
[C:/Meus Sites/Análise de Circuitos Eletroeletrônicos/scorm.onilearning.com.br/conteudo/slide38b6.pdf]
[C:/Meus Sites/Análise de Circuitos Eletroeletrônicos/scorm.onilearning.com.br/conteudo/componente7d29.html]
[C:/Meus Sites/Análise de Circuitos Eletroeletrônicos/scorm.onilearning.com.br/conteudo/slide70ec.pdf]
[C:/Meus Sites/Análise de Circuitos Eletroeletrônicos/scorm.onilearning.com.br/conteudo/componentea3e4.html]
[C:/Meus Sites/Análise de Circuitos Eletroeletrônicos/scorm.onilearning.com.br/conteudo/componenteadda.html]
[C:/Meus Sites/Análise de Circuitos Eletroeletrônicos/scorm.onilearning.com.br/conteudo/componented093.html]
[C:/Meus Sites/Análise de Circuitos Eletroeletrônicos/scorm.onilearning.com.br/conteudo/componente7061.html]
[C:/Meus Sites/Análise de Circuitos Eletroeletrônicos/scorm.onilearning.com.br/conteudo/slide738b.pdf]
[C:/Meus Sites/Análise de Circuitos Eletroeletrônicos/scorm.onilearning.com.br/conteudo/componente590a.html]
[C:/Meus Sites/Análise de Circuitos Eletroeletrônicos/scorm.onilearning.com.br/conteudo/slide07c1.pdf]
[C:/Meus Sites/Análise de Circuitos Eletroeletrônicos/scorm.onilearning.com.br/conteudo/componentef12b.html]
[C:/Meus Sites/Análise de Circuitos Eletroeletrônicos/scorm.onilearning.com.br/conteudo/componente4660.html]
[C:/Meus Sites/Análise de Circuitos Eletroeletrônicos/scorm.onilearning.com.br/conteudo/componente1d59.html]
[C:/Meus Sites/Análise de Circuitos Eletroeletrônicos/scorm.onilearning.com.br/conteudo/componente1ed3.html]
[C:/Meus Sites/Análise de Circuitos Eletroeletrônicos/scorm.onilearning.com.br/conteudo/ebook39de.pdf]
[C:/Meus Sites/Análise de Circuitos Eletroeletrônicos/scorm.onilearning.com.br/conteudo/componentedce2.html]
[C:/Meus Sites/Análise de Circuitos Eletroeletrônicos/scorm.onilearning.com.br/conteudo/componented221.html]
[C:/Meus Sites/Análise de Circuitos Eletroeletrônicos/scorm.onilearning.com.br/conteudo/componente8b5b.html]
[C:/Meus Sites/Análise de Circuitos Eletroeletrônicos/scorm.onilearning.com.br/conteudo/componenteef59.html]
[C:/Meus Sites/Análise de Circuitos Eletroeletrônicos/scorm.onilearning.com.br/conteudo/componented16b.html]
[C:/Meus Sites/Análise de Circuitos Eletroeletrônicos/scorm.onilearning.com.br/conteudo/locale/locale.html]
[C:/Meus Sites/Análise de Circuitos Eletroeletrônicos/scorm.onilearning.com.br/trilha/assets/pdf/web/viewer.css]
[C:/Meus Sites/Análise de Circuitos Eletroeletrônicos/scorm.onilearning.com.br/trilha/assets/pdf/build/pdf.js]
[C:/Meus Sites/Análise de Circuitos Eletroeletrônicos/scorm.onilearning.com.br/conteudo/componente783d.html]
[C:/Meus Sites/Análise de Circuitos Eletroeletrônicos/scorm.onilearning.com.br/conteudo/componente1ba2.html]
[C:/Meus Sites/Análise de Circuitos Eletroeletrônicos/scorm.onilearning.com.br/conteudo/componenteca4c.html]
[C:/Meus Sites/Análise de Circuitos Eletroeletrônicos/scorm.onilearning.com.br/conteudo/ebook3c2a.pdf]
[C:/Meus Sites/Análise de Circuitos Eletroeletrônicos/scorm.onilearning.com.br/conteudo/componente6ccc.php]
[C:/Meus Sites/Análise de Circuitos Eletroeletrônicos/scorm.onilearning.com.br/conteudo/chatpdf/baixarConversaMoni.html]
