[backblue.gif]
[fade.gif]
[index.html]
[scorm.onilearning.com.br/conteudo/assets/img/ONIfavicon-96x96.png]
[scorm.onilearning.com.br/conteudo/assets/css/novaTrilha.css]
[scorm.onilearning.com.br/conteudo/assets/js/novaTrilha.js]
[cdnjs.cloudflare.com/ajax/libs/jquery/3.6.4/jquery.min.js]
[scorm.onilearning.com.br/conteudo/assets/js/acess_scripts.js]
[cdn.jsdelivr.net/npm/@phosphor-icons/web@2.1.1/src/regular/style.css]
[cdn.jsdelivr.net/npm/@phosphor-icons/web@2.1.1/src/bold/style.css]
[cdn.jsdelivr.net/npm/@phosphor-icons/web@2.1.1/src/fill/style.css]
[oni360.com.br/externo/onicreative/template/3/dist/hls.js]
[scorm.onilearning.com.br/conteudo/assets/img/iconografia/modelo-3/icone-1.png]
[scorm.onilearning.com.br/conteudo/assets/img/iconografia/modelo-3/icone-2.png]
[scorm.onilearning.com.br/conteudo/assets/img/iconografia/modelo-3/icone-3.png]
[scorm.onilearning.com.br/conteudo/assets/img/iconografia/modelo-3/icone-4.png]
[scorm.onilearning.com.br/conteudo/assets/img/iconografia/modelo-3/icone-5.png]
[scorm.onilearning.com.br/conteudo/assets/img/iconografia/modelo-3/icone-6.png]
[scorm.onilearning.com.br/conteudo/assets/img/iconografia/modelo-3/icone-7.png]
[scorm.onilearning.com.br/conteudo/assets/img/iconografia/modelo-3/icone-8.png]
[scorm.onilearning.com.br/conteudo/assets/img/iconografia/modelo-3/icone-9.png]
[scorm.onilearning.com.br/conteudo/assets/img/iconografia/modelo-3/icone-10.png]
[scorm.onilearning.com.br/conteudo/assets/img/iconografia/modelo-3/icone-11.png]
[scorm.onilearning.com.br/conteudo/assets/img/iconografia/modelo-3/icone-12.png]
[scorm.onilearning.com.br/conteudo/ebook595e.pdf]
[scorm.onilearning.com.br/conteudo/assets/img/lang_ES.svg]
[plugin.handtalk.me/web/latest/handtalk.min.js]
[scorm.onilearning.com.br/conteudo/arquivo-pdfa444.pdf]
[scorm.onilearning.com.br/conteudo/componente8246.html]
[scorm.onilearning.com.br/conteudo/ebook4b10.pdf]
[scorm.onilearning.com.br/conteudo/arquivo-pdff1f1.pdf]
[scorm.onilearning.com.br/conteudo/componente1b24.html]
[scorm.onilearning.com.br/conteudo/ebookcb91.pdf]
[scorm.onilearning.com.br/conteudo/arquivo-pdf47f0.pdf]
[scorm.onilearning.com.br/conteudo/componente6795.html]
[scorm.onilearning.com.br/conteudo/ebook6b4e.pdf]
[scorm.onilearning.com.br/conteudo/arquivo-pdf1a2f.pdf]
[scorm.onilearning.com.br/conteudo/componentec135.html]
[scorm.onilearning.com.br/conteudo/assets/css/reset.css]
[scorm.onilearning.com.br/conteudo/assets/css/novaTrilha.css]
[scorm.onilearning.com.br/conteudo/assets/css/acess_contrast.css]
[scorm.onilearning.com.br/conteudo/assets/css/acess_bar.css]
[cdn.jsdelivr.net/npm/@phosphor-icons/web@2.1.1/src/regular/Phosphor.woff2]
[cdn.jsdelivr.net/npm/@phosphor-icons/web@2.1.1/src/regular/Phosphor.woff]
[cdn.jsdelivr.net/npm/@phosphor-icons/web@2.1.1/src/regular/Phosphor.ttf]
[cdn.jsdelivr.net/npm/@phosphor-icons/web@2.1.1/src/regular/style.css]
[cdn.jsdelivr.net/npm/@phosphor-icons/web@2.1.1/src/regular/Phosphor.svg]
[cdn.jsdelivr.net/npm/@phosphor-icons/web@2.1.1/src/bold/Phosphor-Bold.woff2]
[cdn.jsdelivr.net/npm/@phosphor-icons/web@2.1.1/src/bold/Phosphor-Bold.woff]
[cdn.jsdelivr.net/npm/@phosphor-icons/web@2.1.1/src/bold/Phosphor-Bold.ttf]
[cdn.jsdelivr.net/npm/@phosphor-icons/web@2.1.1/src/bold/style.css]
[cdn.jsdelivr.net/npm/@phosphor-icons/web@2.1.1/src/bold/Phosphor-Bold.svg]
[cdn.jsdelivr.net/npm/@phosphor-icons/web@2.1.1/src/fill/Phosphor-Fill.woff2]
[cdn.jsdelivr.net/npm/@phosphor-icons/web@2.1.1/src/fill/Phosphor-Fill.woff]
[cdn.jsdelivr.net/npm/@phosphor-icons/web@2.1.1/src/fill/Phosphor-Fill.ttf]
[cdn.jsdelivr.net/npm/@phosphor-icons/web@2.1.1/src/fill/style.css]
[cdn.jsdelivr.net/npm/@phosphor-icons/web@2.1.1/src/fill/Phosphor-Fill.svg]
[scorm.onilearning.com.br/conteudo/novo_scorm/scorm-padrao/padrao/css/materialize.min.css]
[scorm.onilearning.com.br/conteudo/novo_scorm/scorm-padrao/padrao/css/main.css]
[scorm.onilearning.com.br/conteudo/novo_scorm/scorm-padrao/padrao/css/bootstrap-grid.min.css]
[cdn.jsdelivr.net/npm/uikit@3.16.15/dist/css/uikit.min.css]
[api-externa360.onilearning.com.br/exemplo-mapa.jpg]
[cdn.jsdelivr.net/npm/bootstrap-icons@1.11.3/font/bootstrap-icons.css]
[scorm.onilearning.com.br/conteudo/novo_scorm/scorm-padrao/padrao/images/banner-trilha.jpg]
[code.jquery.com/jquery-3.2.1.min.js]
[scorm.onilearning.com.br/conteudo/novo_scorm/scorm-padrao/padrao/js/bootstrap.min.js]
[cdn.jsdelivr.net/npm/uikit@3.16.15/dist/js/uikit.min.js]
[cdn.jsdelivr.net/npm/uikit@3.16.15/dist/js/uikit-icons.min.js]
[scorm.onilearning.com.br/conteudo/novo_scorm/scorm-padrao/padrao/js/main.js]
[scorm.onilearning.com.br/conteudo/componente8002.html]
[scorm.onilearning.com.br/conteudo/assets/img/pdf.svg]
[scorm.onilearning.com.br/conteudo/assets/img/lang_BR.svg]
[scorm.onilearning.com.br/conteudo/assets/img/lang_US.svg]
[scorm.onilearning.com.br/conteudo/assets/img/lang_ES.svg]
[cdnjs.cloudflare.com/ajax/libs/html2pdf.js/0.10.1/html2pdf.bundle.min.js]
[cdnjs.cloudflare.com/ajax/libs/jspdf/2.4.0/jspdf.umd.min.js]
[scorm.onilearning.com.br/conteudo/chatpdf/HISTORICO.pdf]
[scorm.onilearning.com.br/conteudo/chat_pdf_onitutor.html]
[scorm.onilearning.com.br/conteudo/POST.html]
[scorm.onilearning.com.br/conteudo/chatpdf/FunPerguntapdf.html]
[scorm.onilearning.com.br/conteudo/chatpdf/carregarConversas.html]
[scorm.onilearning.com.br/conteudo/scripts.html]
[scorm.onilearning.com.br/conteudo/componentee352.html]
[scorm.onilearning.com.br/conteudo/componentef4a4.html]
[scorm.onilearning.com.br/conteudo/componenteb3dd.html]
[cdn.jsdelivr.net/npm/@phosphor-icons/web@2.1.1/src/regular/Phosphor.svg]
[cdn.jsdelivr.net/npm/@phosphor-icons/web@2.1.1/src/bold/Phosphor-Bold.svg]
[cdn.jsdelivr.net/npm/@phosphor-icons/web@2.1.1/src/fill/Phosphor-Fill.svg]
[scorm.onilearning.com.br/conteudo/novo_scorm/scorm-padrao/padrao/fonts/roboto/Roboto-Thin.woff2]
[scorm.onilearning.com.br/conteudo/novo_scorm/scorm-padrao/padrao/fonts/roboto/Roboto-Thin.woff]
[scorm.onilearning.com.br/conteudo/novo_scorm/scorm-padrao/padrao/fonts/roboto/Roboto-Light.woff2]
[scorm.onilearning.com.br/conteudo/novo_scorm/scorm-padrao/padrao/fonts/roboto/Roboto-Light.woff]
[scorm.onilearning.com.br/conteudo/novo_scorm/scorm-padrao/padrao/fonts/roboto/Roboto-Regular.woff2]
[scorm.onilearning.com.br/conteudo/novo_scorm/scorm-padrao/padrao/fonts/roboto/Roboto-Regular.woff]
[scorm.onilearning.com.br/conteudo/novo_scorm/scorm-padrao/padrao/fonts/roboto/Roboto-Medium.woff2]
[scorm.onilearning.com.br/conteudo/novo_scorm/scorm-padrao/padrao/fonts/roboto/Roboto-Medium.woff]
[scorm.onilearning.com.br/conteudo/novo_scorm/scorm-padrao/padrao/fonts/roboto/Roboto-Bold.woff2]
[scorm.onilearning.com.br/conteudo/novo_scorm/scorm-padrao/padrao/fonts/roboto/Roboto-Bold.woff]
[scorm.onilearning.com.br/conteudo/novo_scorm/scorm-padrao/padrao/css/materialize.min.css]
[scorm.onilearning.com.br/conteudo/novo_scorm/scorm-padrao/padrao/contents/background_computador2.jpg]
[scorm.onilearning.com.br/conteudo/novo_scorm/scorm-padrao/padrao/css/main.css]
[scorm.onilearning.com.br/conteudo/novo_scorm/scorm-padrao/padrao/css/bootstrap-grid.min.css]
[cdn.jsdelivr.net/npm/uikit@3.16.15/dist/css/uikit.min.css]
[scorm.onilearning.com.br/conteudo/componente5029.html]
[scorm.onilearning.com.br/conteudo/slide3626.pdf]
[scorm.onilearning.com.br/trilha/assets/pdf/build/pdf.js]
[scorm.onilearning.com.br/trilha/assets/pdf/web/viewer.css]
[scorm.onilearning.com.br/conteudo/componented2e2.html]
[scorm.onilearning.com.br/trilha/assets/pdf/web/viewer.js]
[scorm.onilearning.com.br/conteudo/slide3a6b.pdf]
[scorm.onilearning.com.br/conteudo/componente2102.html]
[scorm.onilearning.com.br/conteudo/componenteb026.html]
[scorm.onilearning.com.br/conteudo/componente4588.html]
[cdn.jsdelivr.net/npm/bootstrap-icons@1.11.3/font/fonts/bootstrap-icons0107.woff2]
[scorm.onilearning.com.br/conteudo/dist/hls.js]
[cdn.jsdelivr.net/npm/bootstrap-icons@1.11.3/font/fonts/bootstrap-icons0107.woff]
[cdn.jsdelivr.net/npm/bootstrap-icons@1.11.3/font/bootstrap-icons.css]
[scorm.onilearning.com.br/conteudo/componente3e56.html]
[scorm.onilearning.com.br/conteudo/slide8de6.pdf]
[scorm.onilearning.com.br/conteudo/componente04c9.html]
[scorm.onilearning.com.br/conteudo/slide22ae.pdf]
[scorm.onilearning.com.br/conteudo/componente83fc.html]
[scorm.onilearning.com.br/conteudo/componenteceb3.html]
[scorm.onilearning.com.br/conteudo/componenteb840.html]
[scorm.onilearning.com.br/conteudo/componenteb097.html]
[scorm.onilearning.com.br/conteudo/slide7029.pdf]
[scorm.onilearning.com.br/conteudo/componente2aaf.html]
[scorm.onilearning.com.br/conteudo/slide7aed.pdf]
[scorm.onilearning.com.br/conteudo/componentefe21.html]
[scorm.onilearning.com.br/conteudo/componente7cbd.html]
[scorm.onilearning.com.br/conteudo/componente64b0.html]
[scorm.onilearning.com.br/conteudo/componentec4f1.html]
[scorm.onilearning.com.br/conteudo/slidef28e.pdf]
[scorm.onilearning.com.br/conteudo/componented3ad.html]
[scorm.onilearning.com.br/conteudo/slidee498.pdf]
[scorm.onilearning.com.br/conteudo/componente4d0d.html]
[scorm.onilearning.com.br/conteudo/componented12e.html]
[scorm.onilearning.com.br/conteudo/componente9ed4.html]
[scorm.onilearning.com.br/conteudo/componentee33b.html]
[scorm.onilearning.com.br/conteudo/componente98eb.html]
[scorm.onilearning.com.br/conteudo/locale/locale.html]
[scorm.onilearning.com.br/trilha/assets/pdf/web/images/loading-icon.gif]
[scorm.onilearning.com.br/trilha/assets/pdf/web/viewer.css]
[scorm.onilearning.com.br/conteudo/chatpdf/audioQuestion92bd.html]
[scorm.onilearning.com.br/conteudo/componentecf38.html]
[scorm.onilearning.com.br/conteudo/componentef946.html]
[scorm.onilearning.com.br/conteudo/componente4159.html]
[scorm.onilearning.com.br/trilha/assets/pdf/web/images/cursor-editorInk.svg]
[scorm.onilearning.com.br/trilha/assets/pdf/web/images/cursor-editorFreeText.svg]
[scorm.onilearning.com.br/trilha/assets/pdf/web/images/loading.svg]
[scorm.onilearning.com.br/trilha/assets/pdf/web/images/treeitem-expanded.svg]
[scorm.onilearning.com.br/trilha/assets/pdf/web/images/treeitem-collapsed.svg]
[scorm.onilearning.com.br/trilha/assets/pdf/web/images/toolbarButton-editorFreeText.svg]
[scorm.onilearning.com.br/trilha/assets/pdf/web/images/toolbarButton-editorInk.svg]
[scorm.onilearning.com.br/trilha/assets/pdf/web/images/toolbarButton-menuArrow.svg]
[scorm.onilearning.com.br/trilha/assets/pdf/web/images/toolbarButton-sidebarToggle.svg]
[scorm.onilearning.com.br/trilha/assets/pdf/web/images/toolbarButton-secondaryToolbarToggle.svg]
[scorm.onilearning.com.br/trilha/assets/pdf/web/images/toolbarButton-pageUp.svg]
[scorm.onilearning.com.br/trilha/assets/pdf/web/images/toolbarButton-pageDown.svg]
[scorm.onilearning.com.br/trilha/assets/pdf/web/images/toolbarButton-zoomOut.svg]
[scorm.onilearning.com.br/trilha/assets/pdf/web/images/toolbarButton-zoomIn.svg]
[scorm.onilearning.com.br/trilha/assets/pdf/web/images/toolbarButton-presentationMode.svg]
[scorm.onilearning.com.br/trilha/assets/pdf/web/images/toolbarButton-print.svg]
[scorm.onilearning.com.br/trilha/assets/pdf/web/images/toolbarButton-openFile.svg]
[scorm.onilearning.com.br/trilha/assets/pdf/web/images/toolbarButton-download.svg]
[scorm.onilearning.com.br/trilha/assets/pdf/web/images/toolbarButton-bookmark.svg]
[scorm.onilearning.com.br/trilha/assets/pdf/web/images/toolbarButton-viewThumbnail.svg]
[scorm.onilearning.com.br/trilha/assets/pdf/web/images/toolbarButton-viewOutline.svg]
[scorm.onilearning.com.br/trilha/assets/pdf/web/images/toolbarButton-viewAttachments.svg]
[scorm.onilearning.com.br/trilha/assets/pdf/web/images/toolbarButton-viewLayers.svg]
[scorm.onilearning.com.br/trilha/assets/pdf/web/images/toolbarButton-currentOutlineItem.svg]
[scorm.onilearning.com.br/trilha/assets/pdf/web/images/toolbarButton-search.svg]
[scorm.onilearning.com.br/trilha/assets/pdf/web/images/findbarButton-previous.svg]
[scorm.onilearning.com.br/trilha/assets/pdf/web/images/findbarButton-next.svg]
[scorm.onilearning.com.br/trilha/assets/pdf/web/images/secondaryToolbarButton-firstPage.svg]
[scorm.onilearning.com.br/trilha/assets/pdf/web/images/secondaryToolbarButton-lastPage.svg]
[scorm.onilearning.com.br/trilha/assets/pdf/web/images/secondaryToolbarButton-rotateCcw.svg]
[scorm.onilearning.com.br/trilha/assets/pdf/web/images/secondaryToolbarButton-rotateCw.svg]
[scorm.onilearning.com.br/trilha/assets/pdf/web/images/secondaryToolbarButton-selectTool.svg]
[scorm.onilearning.com.br/trilha/assets/pdf/web/images/secondaryToolbarButton-handTool.svg]
[scorm.onilearning.com.br/trilha/assets/pdf/web/images/secondaryToolbarButton-scrollPage.svg]
[scorm.onilearning.com.br/trilha/assets/pdf/web/images/secondaryToolbarButton-scrollVertical.svg]
[scorm.onilearning.com.br/trilha/assets/pdf/web/images/secondaryToolbarButton-scrollHorizontal.svg]
[scorm.onilearning.com.br/trilha/assets/pdf/web/images/secondaryToolbarButton-scrollWrapped.svg]
[scorm.onilearning.com.br/trilha/assets/pdf/web/images/secondaryToolbarButton-spreadNone.svg]
[scorm.onilearning.com.br/trilha/assets/pdf/web/images/secondaryToolbarButton-spreadOdd.svg]
[scorm.onilearning.com.br/trilha/assets/pdf/web/images/secondaryToolbarButton-spreadEven.svg]
[scorm.onilearning.com.br/trilha/assets/pdf/web/images/secondaryToolbarButton-documentProperties.svg]
[scorm.onilearning.com.br/trilha/assets/pdf/web/images/loading-dark.svg]
