[C:/Meus Sites/Eletrônica Digital/backblue.gif]
[C:/Meus Sites/Eletrônica Digital/fade.gif]
[C:/Meus Sites/Eletrônica Digital/index.html]
[C:/Meus Sites/Eletrônica Digital/scorm.onilearning.com.br/conteudo/assets/img/ONIfavicon-96x96.png]
[C:/Meus Sites/Eletrônica Digital/scorm.onilearning.com.br/conteudo/assets/css/novaTrilha.css]
[C:/Meus Sites/Eletrônica Digital/scorm.onilearning.com.br/conteudo/assets/js/acess_scripts.js]
[C:/Meus Sites/Eletrônica Digital/cdn.jsdelivr.net/npm/@phosphor-icons/web@2.1.1/src/regular/style.css]
[C:/Meus Sites/Eletrônica Digital/cdn.jsdelivr.net/npm/@phosphor-icons/web@2.1.1/src/bold/style.css]
[C:/Meus Sites/Eletrônica Digital/cdn.jsdelivr.net/npm/@phosphor-icons/web@2.1.1/src/fill/style.css]
[C:/Meus Sites/Eletrônica Digital/oni360.com.br/externo/onicreative/template/3/dist/hls.js]
[C:/Meus Sites/Eletrônica Digital/scorm.onilearning.com.br/conteudo/assets/img/iconografia/modelo-3/icone-1.png]
[C:/Meus Sites/Eletrônica Digital/scorm.onilearning.com.br/conteudo/assets/img/iconografia/modelo-3/icone-2.png]
[C:/Meus Sites/Eletrônica Digital/scorm.onilearning.com.br/conteudo/assets/img/iconografia/modelo-3/icone-3.png]
[C:/Meus Sites/Eletrônica Digital/scorm.onilearning.com.br/conteudo/assets/img/iconografia/modelo-3/icone-4.png]
[C:/Meus Sites/Eletrônica Digital/scorm.onilearning.com.br/conteudo/assets/img/iconografia/modelo-3/icone-5.png]
[C:/Meus Sites/Eletrônica Digital/scorm.onilearning.com.br/conteudo/assets/img/iconografia/modelo-3/icone-6.png]
[C:/Meus Sites/Eletrônica Digital/scorm.onilearning.com.br/conteudo/assets/img/iconografia/modelo-3/icone-7.png]
[C:/Meus Sites/Eletrônica Digital/scorm.onilearning.com.br/conteudo/assets/img/iconografia/modelo-3/icone-8.png]
[C:/Meus Sites/Eletrônica Digital/scorm.onilearning.com.br/conteudo/assets/img/iconografia/modelo-3/icone-9.png]
[C:/Meus Sites/Eletrônica Digital/scorm.onilearning.com.br/conteudo/assets/img/iconografia/modelo-3/icone-10.png]
[C:/Meus Sites/Eletrônica Digital/scorm.onilearning.com.br/conteudo/assets/img/iconografia/modelo-3/icone-11.png]
[C:/Meus Sites/Eletrônica Digital/scorm.onilearning.com.br/conteudo/assets/img/iconografia/modelo-3/icone-12.png]
[C:/Meus Sites/Eletrônica Digital/scorm.onilearning.com.br/conteudo/ebook7323.pdf]
[C:/Meus Sites/Eletrônica Digital/scorm.onilearning.com.br/conteudo/assets/img/lang_ES.svg]
[C:/Meus Sites/Eletrônica Digital/scorm.onilearning.com.br/conteudo/arquivo-pdf200a.pdf]
[C:/Meus Sites/Eletrônica Digital/scorm.onilearning.com.br/conteudo/componenteee40.html]
[C:/Meus Sites/Eletrônica Digital/scorm.onilearning.com.br/conteudo/ebookb763.pdf]
[C:/Meus Sites/Eletrônica Digital/scorm.onilearning.com.br/conteudo/arquivo-pdf052b.pdf]
[C:/Meus Sites/Eletrônica Digital/scorm.onilearning.com.br/conteudo/componentedda8.html]
[C:/Meus Sites/Eletrônica Digital/scorm.onilearning.com.br/conteudo/ebookfe26.pdf]
[C:/Meus Sites/Eletrônica Digital/scorm.onilearning.com.br/conteudo/arquivo-pdfaa3f.pdf]
[C:/Meus Sites/Eletrônica Digital/scorm.onilearning.com.br/conteudo/componente1de3.html]
[C:/Meus Sites/Eletrônica Digital/scorm.onilearning.com.br/conteudo/ebookca2a.pdf]
[C:/Meus Sites/Eletrônica Digital/scorm.onilearning.com.br/conteudo/arquivo-pdfe47f.pdf]
[C:/Meus Sites/Eletrônica Digital/scorm.onilearning.com.br/conteudo/componente2a9a.html]
[C:/Meus Sites/Eletrônica Digital/scorm.onilearning.com.br/conteudo/assets/css/reset.css]
[C:/Meus Sites/Eletrônica Digital/scorm.onilearning.com.br/conteudo/assets/css/novaTrilha.css]
[C:/Meus Sites/Eletrônica Digital/cdnjs.cloudflare.com/ajax/libs/jquery/3.6.4/jquery.min.js]
[C:/Meus Sites/Eletrônica Digital/scorm.onilearning.com.br/conteudo/assets/css/acess_contrast.css]
[C:/Meus Sites/Eletrônica Digital/scorm.onilearning.com.br/conteudo/assets/css/acess_bar.css]
[C:/Meus Sites/Eletrônica Digital/cdn.jsdelivr.net/npm/@phosphor-icons/web@2.1.1/src/regular/style.css]
[C:/Meus Sites/Eletrônica Digital/cdn.jsdelivr.net/npm/@phosphor-icons/web@2.1.1/src/bold/style.css]
[C:/Meus Sites/Eletrônica Digital/cdn.jsdelivr.net/npm/@phosphor-icons/web@2.1.1/src/fill/style.css]
[C:/Meus Sites/Eletrônica Digital/scorm.onilearning.com.br/conteudo/assets/js/novaTrilha.js]
[C:/Meus Sites/Eletrônica Digital/scorm.onilearning.com.br/conteudo/novo_scorm/scorm-padrao/padrao/css/materialize.min.css]
[C:/Meus Sites/Eletrônica Digital/scorm.onilearning.com.br/conteudo/novo_scorm/scorm-padrao/padrao/css/main.css]
[C:/Meus Sites/Eletrônica Digital/scorm.onilearning.com.br/conteudo/novo_scorm/scorm-padrao/padrao/css/bootstrap-grid.min.css]
[C:/Meus Sites/Eletrônica Digital/cdn.jsdelivr.net/npm/uikit@3.16.15/dist/css/uikit.min.css]
[C:/Meus Sites/Eletrônica Digital/api-externa360.onilearning.com.br/exemplo-mapa.jpg]
[C:/Meus Sites/Eletrônica Digital/cdn.jsdelivr.net/npm/bootstrap-icons@1.11.3/font/bootstrap-icons.css]
[C:/Meus Sites/Eletrônica Digital/scorm.onilearning.com.br/conteudo/novo_scorm/scorm-padrao/padrao/images/banner-trilha.jpg]
[C:/Meus Sites/Eletrônica Digital/cdn.jsdelivr.net/npm/uikit@3.16.15/dist/js/uikit-icons.min.js]
[C:/Meus Sites/Eletrônica Digital/scorm.onilearning.com.br/conteudo/novo_scorm/scorm-padrao/padrao/js/main.js]
[C:/Meus Sites/Eletrônica Digital/scorm.onilearning.com.br/conteudo/componente6e02.html]
[C:/Meus Sites/Eletrônica Digital/scorm.onilearning.com.br/conteudo/assets/img/pdf.svg]
[C:/Meus Sites/Eletrônica Digital/scorm.onilearning.com.br/conteudo/assets/img/lang_BR.svg]
[C:/Meus Sites/Eletrônica Digital/scorm.onilearning.com.br/conteudo/assets/img/lang_US.svg]
[C:/Meus Sites/Eletrônica Digital/scorm.onilearning.com.br/conteudo/assets/img/lang_ES.svg]
[C:/Meus Sites/Eletrônica Digital/plugin.handtalk.me/web/latest/handtalk.min.js]
[C:/Meus Sites/Eletrônica Digital/scorm.onilearning.com.br/conteudo/chatpdf/HISTORICO.pdf]
[C:/Meus Sites/Eletrônica Digital/scorm.onilearning.com.br/conteudo/chat_pdf_onitutor.html]
[C:/Meus Sites/Eletrônica Digital/scorm.onilearning.com.br/conteudo/POST.html]
[C:/Meus Sites/Eletrônica Digital/scorm.onilearning.com.br/conteudo/chatpdf/FunPerguntapdf.html]
[C:/Meus Sites/Eletrônica Digital/scorm.onilearning.com.br/conteudo/chatpdf/carregarConversas.html]
[C:/Meus Sites/Eletrônica Digital/scorm.onilearning.com.br/conteudo/scripts.html]
[C:/Meus Sites/Eletrônica Digital/scorm.onilearning.com.br/conteudo/componente7ef9.html]
[C:/Meus Sites/Eletrônica Digital/scorm.onilearning.com.br/conteudo/componente43f2.html]
[C:/Meus Sites/Eletrônica Digital/scorm.onilearning.com.br/conteudo/componentef5ba.html]
[C:/Meus Sites/Eletrônica Digital/scorm.onilearning.com.br/conteudo/novo_scorm/scorm-padrao/padrao/css/materialize.min.css]
[C:/Meus Sites/Eletrônica Digital/scorm.onilearning.com.br/conteudo/novo_scorm/scorm-padrao/padrao/contents/background_computador2.jpg]
[C:/Meus Sites/Eletrônica Digital/scorm.onilearning.com.br/conteudo/novo_scorm/scorm-padrao/padrao/css/main.css]
[C:/Meus Sites/Eletrônica Digital/scorm.onilearning.com.br/conteudo/novo_scorm/scorm-padrao/padrao/css/bootstrap-grid.min.css]
[C:/Meus Sites/Eletrônica Digital/cdn.jsdelivr.net/npm/uikit@3.16.15/dist/css/uikit.min.css]
[C:/Meus Sites/Eletrônica Digital/scorm.onilearning.com.br/conteudo/componente7e47.html]
[C:/Meus Sites/Eletrônica Digital/scorm.onilearning.com.br/conteudo/slidebba4.pdf]
[C:/Meus Sites/Eletrônica Digital/scorm.onilearning.com.br/trilha/assets/pdf/web/viewer.css]
[C:/Meus Sites/Eletrônica Digital/scorm.onilearning.com.br/conteudo/componenteace3.html]
[C:/Meus Sites/Eletrônica Digital/scorm.onilearning.com.br/trilha/assets/pdf/web/viewer.js]
[C:/Meus Sites/Eletrônica Digital/scorm.onilearning.com.br/conteudo/slide7887.pdf]
[C:/Meus Sites/Eletrônica Digital/scorm.onilearning.com.br/conteudo/componenteb528.html]
[C:/Meus Sites/Eletrônica Digital/scorm.onilearning.com.br/conteudo/componentef419.html]
[C:/Meus Sites/Eletrônica Digital/scorm.onilearning.com.br/conteudo/componente1b02.html]
[C:/Meus Sites/Eletrônica Digital/cdn.jsdelivr.net/npm/bootstrap-icons@1.11.3/font/bootstrap-icons.css]
[C:/Meus Sites/Eletrônica Digital/code.jquery.com/jquery-3.2.1.min.js]
[C:/Meus Sites/Eletrônica Digital/cdn.jsdelivr.net/npm/uikit@3.16.15/dist/js/uikit.min.js]
[C:/Meus Sites/Eletrônica Digital/cdnjs.cloudflare.com/ajax/libs/html2pdf.js/0.10.1/html2pdf.bundle.min.js]
[C:/Meus Sites/Eletrônica Digital/cdnjs.cloudflare.com/ajax/libs/jspdf/2.4.0/jspdf.umd.min.js]
[C:/Meus Sites/Eletrônica Digital/scorm.onilearning.com.br/conteudo/novo_scorm/scorm-padrao/padrao/js/bootstrap.min.js]
[C:/Meus Sites/Eletrônica Digital/scorm.onilearning.com.br/conteudo/componente3a9d.html]
[C:/Meus Sites/Eletrônica Digital/scorm.onilearning.com.br/conteudo/slide5306.pdf]
[C:/Meus Sites/Eletrônica Digital/scorm.onilearning.com.br/conteudo/componenteace4.html]
[C:/Meus Sites/Eletrônica Digital/scorm.onilearning.com.br/conteudo/slide89e7.pdf]
[C:/Meus Sites/Eletrônica Digital/scorm.onilearning.com.br/conteudo/componentecc5e.html]
[C:/Meus Sites/Eletrônica Digital/scorm.onilearning.com.br/conteudo/componente874d.html]
[C:/Meus Sites/Eletrônica Digital/scorm.onilearning.com.br/conteudo/componente7607.html]
[C:/Meus Sites/Eletrônica Digital/scorm.onilearning.com.br/conteudo/componente4378.html]
[C:/Meus Sites/Eletrônica Digital/scorm.onilearning.com.br/conteudo/slided5a3.pdf]
[C:/Meus Sites/Eletrônica Digital/scorm.onilearning.com.br/conteudo/componenteb6ed.html]
[C:/Meus Sites/Eletrônica Digital/scorm.onilearning.com.br/conteudo/slidef727.pdf]
[C:/Meus Sites/Eletrônica Digital/scorm.onilearning.com.br/conteudo/componente9144.html]
[C:/Meus Sites/Eletrônica Digital/scorm.onilearning.com.br/conteudo/componenteeb6a.html]
[C:/Meus Sites/Eletrônica Digital/scorm.onilearning.com.br/conteudo/componente18cf.html]
[C:/Meus Sites/Eletrônica Digital/scorm.onilearning.com.br/conteudo/componente651e.html]
[C:/Meus Sites/Eletrônica Digital/scorm.onilearning.com.br/conteudo/slide8ae0.pdf]
[C:/Meus Sites/Eletrônica Digital/scorm.onilearning.com.br/conteudo/componentecf1e.html]
[C:/Meus Sites/Eletrônica Digital/scorm.onilearning.com.br/conteudo/slided90e.pdf]
[C:/Meus Sites/Eletrônica Digital/scorm.onilearning.com.br/conteudo/componentec249.html]
[C:/Meus Sites/Eletrônica Digital/scorm.onilearning.com.br/conteudo/componente5917.html]
[C:/Meus Sites/Eletrônica Digital/scorm.onilearning.com.br/conteudo/componente2fc0.html]
[C:/Meus Sites/Eletrônica Digital/scorm.onilearning.com.br/conteudo/componente28e3.html]
[C:/Meus Sites/Eletrônica Digital/scorm.onilearning.com.br/conteudo/componenteb299.html]
[C:/Meus Sites/Eletrônica Digital/scorm.onilearning.com.br/conteudo/locale/locale.html]
[C:/Meus Sites/Eletrônica Digital/scorm.onilearning.com.br/trilha/assets/pdf/web/viewer.css]
[C:/Meus Sites/Eletrônica Digital/scorm.onilearning.com.br/trilha/assets/pdf/build/pdf.js]
[C:/Meus Sites/Eletrônica Digital/scorm.onilearning.com.br/conteudo/chatpdf/audioQuestion92bd.html]
[C:/Meus Sites/Eletrônica Digital/scorm.onilearning.com.br/conteudo/dist/hls.js]
[C:/Meus Sites/Eletrônica Digital/scorm.onilearning.com.br/conteudo/componente8b71.html]
[C:/Meus Sites/Eletrônica Digital/scorm.onilearning.com.br/conteudo/componente935d.html]
[C:/Meus Sites/Eletrônica Digital/scorm.onilearning.com.br/conteudo/componente690b.html]
