[C:/Meus Sites/Orçamentos e Custos Industriais/backblue.gif]
[C:/Meus Sites/Orçamentos e Custos Industriais/fade.gif]
[C:/Meus Sites/Orçamentos e Custos Industriais/index.html]
[C:/Meus Sites/Orçamentos e Custos Industriais/scorm.onilearning.com.br/conteudo/assets/img/ONIfavicon-96x96.png]
[C:/Meus Sites/Orçamentos e Custos Industriais/scorm.onilearning.com.br/conteudo/assets/css/novaTrilha.css]
[C:/Meus Sites/Orçamentos e Custos Industriais/scorm.onilearning.com.br/conteudo/assets/js/acess_scripts.js]
[C:/Meus Sites/Orçamentos e Custos Industriais/cdn.jsdelivr.net/npm/@phosphor-icons/web@2.1.1/src/regular/style.css]
[C:/Meus Sites/Orçamentos e Custos Industriais/cdn.jsdelivr.net/npm/@phosphor-icons/web@2.1.1/src/bold/style.css]
[C:/Meus Sites/Orçamentos e Custos Industriais/cdn.jsdelivr.net/npm/@phosphor-icons/web@2.1.1/src/fill/style.css]
[C:/Meus Sites/Orçamentos e Custos Industriais/scorm.onilearning.com.br/conteudo/assets/img/iconografia/modelo-3/icone-1.png]
[C:/Meus Sites/Orçamentos e Custos Industriais/scorm.onilearning.com.br/conteudo/assets/img/iconografia/modelo-3/icone-2.png]
[C:/Meus Sites/Orçamentos e Custos Industriais/scorm.onilearning.com.br/conteudo/assets/img/iconografia/modelo-3/icone-3.png]
[C:/Meus Sites/Orçamentos e Custos Industriais/scorm.onilearning.com.br/conteudo/assets/img/iconografia/modelo-3/icone-4.png]
[C:/Meus Sites/Orçamentos e Custos Industriais/scorm.onilearning.com.br/conteudo/assets/img/iconografia/modelo-3/icone-5.png]
[C:/Meus Sites/Orçamentos e Custos Industriais/scorm.onilearning.com.br/conteudo/assets/img/iconografia/modelo-3/icone-6.png]
[C:/Meus Sites/Orçamentos e Custos Industriais/scorm.onilearning.com.br/conteudo/assets/img/iconografia/modelo-3/icone-7.png]
[C:/Meus Sites/Orçamentos e Custos Industriais/scorm.onilearning.com.br/conteudo/assets/img/iconografia/modelo-3/icone-8.png]
[C:/Meus Sites/Orçamentos e Custos Industriais/scorm.onilearning.com.br/conteudo/assets/img/iconografia/modelo-3/icone-9.png]
[C:/Meus Sites/Orçamentos e Custos Industriais/scorm.onilearning.com.br/conteudo/assets/img/iconografia/modelo-3/icone-10.png]
[C:/Meus Sites/Orçamentos e Custos Industriais/scorm.onilearning.com.br/conteudo/assets/img/iconografia/modelo-3/icone-11.png]
[C:/Meus Sites/Orçamentos e Custos Industriais/scorm.onilearning.com.br/conteudo/assets/img/iconografia/modelo-3/icone-12.png]
[C:/Meus Sites/Orçamentos e Custos Industriais/scorm.onilearning.com.br/conteudo/ebook6751.pdf]
[C:/Meus Sites/Orçamentos e Custos Industriais/scorm.onilearning.com.br/conteudo/assets/img/lang_ES.svg]
[C:/Meus Sites/Orçamentos e Custos Industriais/scorm.onilearning.com.br/conteudo/componente3e29.html]
[C:/Meus Sites/Orçamentos e Custos Industriais/scorm.onilearning.com.br/conteudo/ebookca05.pdf]
[C:/Meus Sites/Orçamentos e Custos Industriais/scorm.onilearning.com.br/conteudo/componentee067.html]
[C:/Meus Sites/Orçamentos e Custos Industriais/scorm.onilearning.com.br/conteudo/ebookdb22.pdf]
[C:/Meus Sites/Orçamentos e Custos Industriais/scorm.onilearning.com.br/conteudo/componente679a.html]
[C:/Meus Sites/Orçamentos e Custos Industriais/scorm.onilearning.com.br/conteudo/ebook0315.pdf]
[C:/Meus Sites/Orçamentos e Custos Industriais/scorm.onilearning.com.br/conteudo/componentec776.html]
[C:/Meus Sites/Orçamentos e Custos Industriais/scorm.onilearning.com.br/conteudo/assets/css/reset.css]
[C:/Meus Sites/Orçamentos e Custos Industriais/scorm.onilearning.com.br/conteudo/assets/css/novaTrilha.css]
[C:/Meus Sites/Orçamentos e Custos Industriais/cdnjs.cloudflare.com/ajax/libs/jquery/3.6.4/jquery.min.js]
[C:/Meus Sites/Orçamentos e Custos Industriais/scorm.onilearning.com.br/conteudo/assets/css/acess_contrast.css]
[C:/Meus Sites/Orçamentos e Custos Industriais/scorm.onilearning.com.br/conteudo/assets/css/acess_bar.css]
[C:/Meus Sites/Orçamentos e Custos Industriais/cdn.jsdelivr.net/npm/@phosphor-icons/web@2.1.1/src/regular/style.css]
[C:/Meus Sites/Orçamentos e Custos Industriais/cdn.jsdelivr.net/npm/@phosphor-icons/web@2.1.1/src/bold/style.css]
[C:/Meus Sites/Orçamentos e Custos Industriais/cdn.jsdelivr.net/npm/@phosphor-icons/web@2.1.1/src/fill/style.css]
[C:/Meus Sites/Orçamentos e Custos Industriais/oni360.com.br/externo/onicreative/template/3/dist/hls.js]
[C:/Meus Sites/Orçamentos e Custos Industriais/scorm.onilearning.com.br/conteudo/assets/js/novaTrilha.js]
[C:/Meus Sites/Orçamentos e Custos Industriais/scorm.onilearning.com.br/conteudo/novo_scorm/scorm-padrao/padrao/css/materialize.min.css]
[C:/Meus Sites/Orçamentos e Custos Industriais/scorm.onilearning.com.br/conteudo/novo_scorm/scorm-padrao/padrao/css/main.css]
[C:/Meus Sites/Orçamentos e Custos Industriais/scorm.onilearning.com.br/conteudo/novo_scorm/scorm-padrao/padrao/css/bootstrap-grid.min.css]
[C:/Meus Sites/Orçamentos e Custos Industriais/cdn.jsdelivr.net/npm/uikit@3.16.15/dist/css/uikit.min.css]
[C:/Meus Sites/Orçamentos e Custos Industriais/api-externa360.onilearning.com.br/exemplo-mapa.jpg]
[C:/Meus Sites/Orçamentos e Custos Industriais/cdn.jsdelivr.net/npm/bootstrap-icons@1.11.3/font/bootstrap-icons.css]
[C:/Meus Sites/Orçamentos e Custos Industriais/scorm.onilearning.com.br/conteudo/novo_scorm/scorm-padrao/padrao/images/banner-trilha.jpg]
[C:/Meus Sites/Orçamentos e Custos Industriais/cdn.jsdelivr.net/npm/uikit@3.16.15/dist/js/uikit-icons.min.js]
[C:/Meus Sites/Orçamentos e Custos Industriais/scorm.onilearning.com.br/conteudo/novo_scorm/scorm-padrao/padrao/js/main.js]
[C:/Meus Sites/Orçamentos e Custos Industriais/scorm.onilearning.com.br/conteudo/componente9240.html]
[C:/Meus Sites/Orçamentos e Custos Industriais/scorm.onilearning.com.br/conteudo/assets/img/pdf.svg]
[C:/Meus Sites/Orçamentos e Custos Industriais/scorm.onilearning.com.br/conteudo/assets/img/lang_BR.svg]
[C:/Meus Sites/Orçamentos e Custos Industriais/scorm.onilearning.com.br/conteudo/assets/img/lang_US.svg]
[C:/Meus Sites/Orçamentos e Custos Industriais/scorm.onilearning.com.br/conteudo/assets/img/lang_ES.svg]
[C:/Meus Sites/Orçamentos e Custos Industriais/plugin.handtalk.me/web/latest/handtalk.min.js]
[C:/Meus Sites/Orçamentos e Custos Industriais/scorm.onilearning.com.br/conteudo/chatpdf/HISTORICO.pdf]
[C:/Meus Sites/Orçamentos e Custos Industriais/scorm.onilearning.com.br/conteudo/chat_pdf_onitutor_moni.html]
[C:/Meus Sites/Orçamentos e Custos Industriais/scorm.onilearning.com.br/conteudo/chatpdf/moni_onepage.html]
[C:/Meus Sites/Orçamentos e Custos Industriais/scorm.onilearning.com.br/conteudo/POST.html]
[C:/Meus Sites/Orçamentos e Custos Industriais/scorm.onilearning.com.br/conteudo/chatpdf/audioQuestion_moni92bd.json]
[C:/Meus Sites/Orçamentos e Custos Industriais/scorm.onilearning.com.br/conteudo/audio.html]
[C:/Meus Sites/Orçamentos e Custos Industriais/scorm.onilearning.com.br/conteudo/scripts.html]
[C:/Meus Sites/Orçamentos e Custos Industriais/scorm.onilearning.com.br/conteudo/componentead73.html]
[C:/Meus Sites/Orçamentos e Custos Industriais/scorm.onilearning.com.br/conteudo/componentea853.html]
[C:/Meus Sites/Orçamentos e Custos Industriais/scorm.onilearning.com.br/conteudo/componenteaef5.html]
[C:/Meus Sites/Orçamentos e Custos Industriais/scorm.onilearning.com.br/conteudo/novo_scorm/scorm-padrao/padrao/css/materialize.min.css]
[C:/Meus Sites/Orçamentos e Custos Industriais/scorm.onilearning.com.br/conteudo/novo_scorm/scorm-padrao/padrao/contents/background_computador2.jpg]
[C:/Meus Sites/Orçamentos e Custos Industriais/scorm.onilearning.com.br/conteudo/novo_scorm/scorm-padrao/padrao/css/main.css]
[C:/Meus Sites/Orçamentos e Custos Industriais/scorm.onilearning.com.br/conteudo/novo_scorm/scorm-padrao/padrao/css/bootstrap-grid.min.css]
[C:/Meus Sites/Orçamentos e Custos Industriais/cdn.jsdelivr.net/npm/uikit@3.16.15/dist/css/uikit.min.css]
[C:/Meus Sites/Orçamentos e Custos Industriais/scorm.onilearning.com.br/conteudo/componente6786.html]
[C:/Meus Sites/Orçamentos e Custos Industriais/scorm.onilearning.com.br/conteudo/slide671b.pdf]
[C:/Meus Sites/Orçamentos e Custos Industriais/scorm.onilearning.com.br/trilha/assets/pdf/web/viewer.css]
[C:/Meus Sites/Orçamentos e Custos Industriais/scorm.onilearning.com.br/conteudo/componentecac6.html]
[C:/Meus Sites/Orçamentos e Custos Industriais/scorm.onilearning.com.br/trilha/assets/pdf/web/viewer.js]
[C:/Meus Sites/Orçamentos e Custos Industriais/scorm.onilearning.com.br/conteudo/slidefacd.pdf]
[C:/Meus Sites/Orçamentos e Custos Industriais/scorm.onilearning.com.br/conteudo/componente8510.html]
[C:/Meus Sites/Orçamentos e Custos Industriais/scorm.onilearning.com.br/conteudo/dist/hls.js]
[C:/Meus Sites/Orçamentos e Custos Industriais/scorm.onilearning.com.br/conteudo/componente72bd.html]
[C:/Meus Sites/Orçamentos e Custos Industriais/scorm.onilearning.com.br/conteudo/componentec3da.html]
[C:/Meus Sites/Orçamentos e Custos Industriais/cdn.jsdelivr.net/npm/bootstrap-icons@1.11.3/font/bootstrap-icons.css]
[C:/Meus Sites/Orçamentos e Custos Industriais/code.jquery.com/jquery-3.2.1.min.js]
[C:/Meus Sites/Orçamentos e Custos Industriais/cdn.jsdelivr.net/npm/uikit@3.16.15/dist/js/uikit.min.js]
[C:/Meus Sites/Orçamentos e Custos Industriais/cdnjs.cloudflare.com/ajax/libs/html2pdf.js/0.10.1/html2pdf.bundle.min.js]
[C:/Meus Sites/Orçamentos e Custos Industriais/cdnjs.cloudflare.com/ajax/libs/jspdf/2.4.0/jspdf.umd.min.js]
[C:/Meus Sites/Orçamentos e Custos Industriais/scorm.onilearning.com.br/conteudo/novo_scorm/scorm-padrao/padrao/js/bootstrap.min.js]
[C:/Meus Sites/Orçamentos e Custos Industriais/scorm.onilearning.com.br/conteudo/componente3946.html]
[C:/Meus Sites/Orçamentos e Custos Industriais/scorm.onilearning.com.br/conteudo/slide87f8.pdf]
[C:/Meus Sites/Orçamentos e Custos Industriais/scorm.onilearning.com.br/conteudo/componente1f47.html]
[C:/Meus Sites/Orçamentos e Custos Industriais/scorm.onilearning.com.br/conteudo/slide341c.pdf]
[C:/Meus Sites/Orçamentos e Custos Industriais/scorm.onilearning.com.br/conteudo/componente9eeb.html]
[C:/Meus Sites/Orçamentos e Custos Industriais/scorm.onilearning.com.br/conteudo/componente8c09.html]
[C:/Meus Sites/Orçamentos e Custos Industriais/scorm.onilearning.com.br/conteudo/componentef5fa.html]
[C:/Meus Sites/Orçamentos e Custos Industriais/scorm.onilearning.com.br/conteudo/componentef70b.html]
[C:/Meus Sites/Orçamentos e Custos Industriais/scorm.onilearning.com.br/conteudo/slide54af.pdf]
[C:/Meus Sites/Orçamentos e Custos Industriais/scorm.onilearning.com.br/conteudo/componentefec7.html]
[C:/Meus Sites/Orçamentos e Custos Industriais/scorm.onilearning.com.br/conteudo/slidef5a9.pdf]
[C:/Meus Sites/Orçamentos e Custos Industriais/scorm.onilearning.com.br/conteudo/componente6ea5.html]
[C:/Meus Sites/Orçamentos e Custos Industriais/scorm.onilearning.com.br/conteudo/componentecec2.html]
[C:/Meus Sites/Orçamentos e Custos Industriais/scorm.onilearning.com.br/conteudo/componente86df.html]
[C:/Meus Sites/Orçamentos e Custos Industriais/scorm.onilearning.com.br/conteudo/componente4880.html]
[C:/Meus Sites/Orçamentos e Custos Industriais/scorm.onilearning.com.br/conteudo/slide7155.pdf]
[C:/Meus Sites/Orçamentos e Custos Industriais/scorm.onilearning.com.br/conteudo/componenteb90b.html]
[C:/Meus Sites/Orçamentos e Custos Industriais/scorm.onilearning.com.br/conteudo/slide6149.pdf]
[C:/Meus Sites/Orçamentos e Custos Industriais/scorm.onilearning.com.br/conteudo/componenteb98b.html]
[C:/Meus Sites/Orçamentos e Custos Industriais/scorm.onilearning.com.br/conteudo/componente43cd.html]
[C:/Meus Sites/Orçamentos e Custos Industriais/scorm.onilearning.com.br/conteudo/componente7c2b.html]
[C:/Meus Sites/Orçamentos e Custos Industriais/scorm.onilearning.com.br/conteudo/componente2967.html]
[C:/Meus Sites/Orçamentos e Custos Industriais/scorm.onilearning.com.br/conteudo/componente7003.html]
[C:/Meus Sites/Orçamentos e Custos Industriais/scorm.onilearning.com.br/conteudo/locale/locale.html]
[C:/Meus Sites/Orçamentos e Custos Industriais/scorm.onilearning.com.br/trilha/assets/pdf/web/viewer.css]
[C:/Meus Sites/Orçamentos e Custos Industriais/scorm.onilearning.com.br/conteudo/componentef2e8.html]
[C:/Meus Sites/Orçamentos e Custos Industriais/scorm.onilearning.com.br/trilha/assets/pdf/build/pdf.js]
[C:/Meus Sites/Orçamentos e Custos Industriais/scorm.onilearning.com.br/conteudo/componente3dff.html]
[C:/Meus Sites/Orçamentos e Custos Industriais/scorm.onilearning.com.br/conteudo/componentea223.html]
