[C:/Meus Sites/Máquinas Elétricas/backblue.gif]
[C:/Meus Sites/Máquinas Elétricas/fade.gif]
[C:/Meus Sites/Máquinas Elétricas/index.html]
[C:/Meus Sites/Máquinas Elétricas/scorm.onilearning.com.br/conteudo/assets/img/ONIfavicon-96x96.png]
[C:/Meus Sites/Máquinas Elétricas/scorm.onilearning.com.br/conteudo/assets/css/novaTrilha.css]
[C:/Meus Sites/Máquinas Elétricas/scorm.onilearning.com.br/conteudo/assets/js/acess_scripts.js]
[C:/Meus Sites/Máquinas Elétricas/cdn.jsdelivr.net/npm/@phosphor-icons/web@2.1.1/src/regular/style.css]
[C:/Meus Sites/Máquinas Elétricas/cdn.jsdelivr.net/npm/@phosphor-icons/web@2.1.1/src/bold/style.css]
[C:/Meus Sites/Máquinas Elétricas/cdn.jsdelivr.net/npm/@phosphor-icons/web@2.1.1/src/fill/style.css]
[C:/Meus Sites/Máquinas Elétricas/scorm.onilearning.com.br/conteudo/assets/img/iconografia/modelo-3/icone-1.png]
[C:/Meus Sites/Máquinas Elétricas/scorm.onilearning.com.br/conteudo/assets/img/iconografia/modelo-3/icone-2.png]
[C:/Meus Sites/Máquinas Elétricas/scorm.onilearning.com.br/conteudo/assets/img/iconografia/modelo-3/icone-3.png]
[C:/Meus Sites/Máquinas Elétricas/scorm.onilearning.com.br/conteudo/assets/img/iconografia/modelo-3/icone-4.png]
[C:/Meus Sites/Máquinas Elétricas/scorm.onilearning.com.br/conteudo/assets/img/iconografia/modelo-3/icone-5.png]
[C:/Meus Sites/Máquinas Elétricas/scorm.onilearning.com.br/conteudo/assets/img/iconografia/modelo-3/icone-6.png]
[C:/Meus Sites/Máquinas Elétricas/scorm.onilearning.com.br/conteudo/assets/img/iconografia/modelo-3/icone-7.png]
[C:/Meus Sites/Máquinas Elétricas/scorm.onilearning.com.br/conteudo/assets/img/iconografia/modelo-3/icone-8.png]
[C:/Meus Sites/Máquinas Elétricas/scorm.onilearning.com.br/conteudo/assets/img/iconografia/modelo-3/icone-9.png]
[C:/Meus Sites/Máquinas Elétricas/scorm.onilearning.com.br/conteudo/assets/img/iconografia/modelo-3/icone-10.png]
[C:/Meus Sites/Máquinas Elétricas/scorm.onilearning.com.br/conteudo/assets/img/iconografia/modelo-3/icone-11.png]
[C:/Meus Sites/Máquinas Elétricas/scorm.onilearning.com.br/conteudo/assets/img/iconografia/modelo-3/icone-12.png]
[C:/Meus Sites/Máquinas Elétricas/scorm.onilearning.com.br/conteudo/ebooke9da.pdf]
[C:/Meus Sites/Máquinas Elétricas/scorm.onilearning.com.br/conteudo/assets/img/lang_ES.svg]
[C:/Meus Sites/Máquinas Elétricas/scorm.onilearning.com.br/conteudo/componente0630.html]
[C:/Meus Sites/Máquinas Elétricas/scorm.onilearning.com.br/conteudo/ebookaa73.pdf]
[C:/Meus Sites/Máquinas Elétricas/scorm.onilearning.com.br/conteudo/componente4c68.html]
[C:/Meus Sites/Máquinas Elétricas/scorm.onilearning.com.br/conteudo/ebooka8fd.pdf]
[C:/Meus Sites/Máquinas Elétricas/scorm.onilearning.com.br/conteudo/componente7370.html]
[C:/Meus Sites/Máquinas Elétricas/scorm.onilearning.com.br/conteudo/ebooke6b6.pdf]
[C:/Meus Sites/Máquinas Elétricas/scorm.onilearning.com.br/conteudo/componentefb6a.html]
[C:/Meus Sites/Máquinas Elétricas/scorm.onilearning.com.br/conteudo/assets/css/reset.css]
[C:/Meus Sites/Máquinas Elétricas/scorm.onilearning.com.br/conteudo/assets/css/novaTrilha.css]
[C:/Meus Sites/Máquinas Elétricas/scorm.onilearning.com.br/conteudo/assets/css/acess_contrast.css]
[C:/Meus Sites/Máquinas Elétricas/scorm.onilearning.com.br/conteudo/assets/css/acess_bar.css]
[C:/Meus Sites/Máquinas Elétricas/cdn.jsdelivr.net/npm/@phosphor-icons/web@2.1.1/src/regular/style.css]
[C:/Meus Sites/Máquinas Elétricas/cdn.jsdelivr.net/npm/@phosphor-icons/web@2.1.1/src/bold/style.css]
[C:/Meus Sites/Máquinas Elétricas/cdn.jsdelivr.net/npm/@phosphor-icons/web@2.1.1/src/fill/style.css]
[C:/Meus Sites/Máquinas Elétricas/oni360.com.br/externo/onicreative/template/3/dist/hls.js]
[C:/Meus Sites/Máquinas Elétricas/cdnjs.cloudflare.com/ajax/libs/jquery/3.6.4/jquery.min.js]
[C:/Meus Sites/Máquinas Elétricas/scorm.onilearning.com.br/conteudo/assets/js/novaTrilha.js]
[C:/Meus Sites/Máquinas Elétricas/cdn.jsdelivr.net/npm/uikit@3.16.15/dist/css/uikit.min.css]
[C:/Meus Sites/Máquinas Elétricas/api-externa360.onilearning.com.br/exemplo-mapa.jpg]
[C:/Meus Sites/Máquinas Elétricas/cdn.jsdelivr.net/npm/bootstrap-icons@1.11.3/font/bootstrap-icons.css]
[C:/Meus Sites/Máquinas Elétricas/scorm.onilearning.com.br/conteudo/novo_scorm/scorm-padrao/padrao/images/banner-trilha.jpg]
[C:/Meus Sites/Máquinas Elétricas/scorm.onilearning.com.br/conteudo/novo_scorm/scorm-padrao/padrao/js/bootstrap.min.js]
[C:/Meus Sites/Máquinas Elétricas/cdn.jsdelivr.net/npm/uikit@3.16.15/dist/js/uikit-icons.min.js]
[C:/Meus Sites/Máquinas Elétricas/scorm.onilearning.com.br/conteudo/novo_scorm/scorm-padrao/padrao/js/main.js]
[C:/Meus Sites/Máquinas Elétricas/scorm.onilearning.com.br/conteudo/componente2a5f.html]
[C:/Meus Sites/Máquinas Elétricas/scorm.onilearning.com.br/conteudo/assets/img/pdf.svg]
[C:/Meus Sites/Máquinas Elétricas/scorm.onilearning.com.br/conteudo/assets/img/lang_BR.svg]
[C:/Meus Sites/Máquinas Elétricas/scorm.onilearning.com.br/conteudo/assets/img/lang_US.svg]
[C:/Meus Sites/Máquinas Elétricas/scorm.onilearning.com.br/conteudo/assets/img/lang_ES.svg]
[C:/Meus Sites/Máquinas Elétricas/cdn.jsdelivr.net/npm/@phosphor-icons/web@2.1.1/src/duotone/style.css]
[C:/Meus Sites/Máquinas Elétricas/plugin.handtalk.me/web/latest/handtalk.min.js]
[C:/Meus Sites/Máquinas Elétricas/scorm.onilearning.com.br/conteudo/chat_pdf_onitutor_moni.html]
[C:/Meus Sites/Máquinas Elétricas/scorm.onilearning.com.br/conteudo/chatpdf/moni_onepage.html]
[C:/Meus Sites/Máquinas Elétricas/scorm.onilearning.com.br/conteudo/POST.html]
[C:/Meus Sites/Máquinas Elétricas/scorm.onilearning.com.br/conteudo/chatpdf/audioQuestion_moni92bd.json]
[C:/Meus Sites/Máquinas Elétricas/scorm.onilearning.com.br/conteudo/audio.html]
[C:/Meus Sites/Máquinas Elétricas/scorm.onilearning.com.br/conteudo/scripts.html]
[C:/Meus Sites/Máquinas Elétricas/scorm.onilearning.com.br/conteudo/componentedea9.html]
[C:/Meus Sites/Máquinas Elétricas/scorm.onilearning.com.br/conteudo/componente0e14.html]
[C:/Meus Sites/Máquinas Elétricas/scorm.onilearning.com.br/conteudo/componentee055.html]
[C:/Meus Sites/Máquinas Elétricas/scorm.onilearning.com.br/conteudo/novo_scorm/scorm-padrao/padrao/fonts/roboto/Roboto-Thin.woff2]
[C:/Meus Sites/Máquinas Elétricas/scorm.onilearning.com.br/conteudo/novo_scorm/scorm-padrao/padrao/fonts/roboto/Roboto-Thin.woff]
[C:/Meus Sites/Máquinas Elétricas/scorm.onilearning.com.br/conteudo/novo_scorm/scorm-padrao/padrao/fonts/roboto/Roboto-Light.woff2]
[C:/Meus Sites/Máquinas Elétricas/scorm.onilearning.com.br/conteudo/novo_scorm/scorm-padrao/padrao/fonts/roboto/Roboto-Light.woff]
[C:/Meus Sites/Máquinas Elétricas/scorm.onilearning.com.br/conteudo/novo_scorm/scorm-padrao/padrao/fonts/roboto/Roboto-Regular.woff2]
[C:/Meus Sites/Máquinas Elétricas/scorm.onilearning.com.br/conteudo/novo_scorm/scorm-padrao/padrao/fonts/roboto/Roboto-Regular.woff]
[C:/Meus Sites/Máquinas Elétricas/scorm.onilearning.com.br/conteudo/novo_scorm/scorm-padrao/padrao/fonts/roboto/Roboto-Medium.woff2]
[C:/Meus Sites/Máquinas Elétricas/scorm.onilearning.com.br/conteudo/novo_scorm/scorm-padrao/padrao/fonts/roboto/Roboto-Medium.woff]
[C:/Meus Sites/Máquinas Elétricas/scorm.onilearning.com.br/conteudo/novo_scorm/scorm-padrao/padrao/fonts/roboto/Roboto-Bold.woff2]
[C:/Meus Sites/Máquinas Elétricas/scorm.onilearning.com.br/conteudo/novo_scorm/scorm-padrao/padrao/fonts/roboto/Roboto-Bold.woff]
[C:/Meus Sites/Máquinas Elétricas/scorm.onilearning.com.br/conteudo/novo_scorm/scorm-padrao/padrao/css/materialize.min.css]
[C:/Meus Sites/Máquinas Elétricas/scorm.onilearning.com.br/conteudo/novo_scorm/scorm-padrao/padrao/contents/background_computador2.jpg]
[C:/Meus Sites/Máquinas Elétricas/scorm.onilearning.com.br/conteudo/novo_scorm/scorm-padrao/padrao/css/main.css]
[C:/Meus Sites/Máquinas Elétricas/scorm.onilearning.com.br/conteudo/novo_scorm/scorm-padrao/padrao/css/bootstrap-grid.min.css]
[C:/Meus Sites/Máquinas Elétricas/cdn.jsdelivr.net/npm/uikit@3.16.15/dist/css/uikit.min.css]
[C:/Meus Sites/Máquinas Elétricas/scorm.onilearning.com.br/conteudo/componentecd96.html]
[C:/Meus Sites/Máquinas Elétricas/scorm.onilearning.com.br/conteudo/slideaeb2.pdf]
[C:/Meus Sites/Máquinas Elétricas/scorm.onilearning.com.br/trilha/assets/pdf/build/pdf.js]
[C:/Meus Sites/Máquinas Elétricas/scorm.onilearning.com.br/trilha/assets/pdf/web/viewer.js]
[C:/Meus Sites/Máquinas Elétricas/scorm.onilearning.com.br/conteudo/componentede89.html]
[C:/Meus Sites/Máquinas Elétricas/scorm.onilearning.com.br/conteudo/slide5bbe.pdf]
[C:/Meus Sites/Máquinas Elétricas/scorm.onilearning.com.br/conteudo/componented0f7.html]
[C:/Meus Sites/Máquinas Elétricas/scorm.onilearning.com.br/conteudo/dist/hls.js]
[C:/Meus Sites/Máquinas Elétricas/scorm.onilearning.com.br/conteudo/componente3d99.html]
[C:/Meus Sites/Máquinas Elétricas/scorm.onilearning.com.br/conteudo/componente4ccd.html]
[C:/Meus Sites/Máquinas Elétricas/cdn.jsdelivr.net/npm/bootstrap-icons@1.11.3/font/bootstrap-icons.css]
[C:/Meus Sites/Máquinas Elétricas/cdn.jsdelivr.net/npm/@phosphor-icons/web@2.1.1/src/duotone/style.css]
[C:/Meus Sites/Máquinas Elétricas/code.jquery.com/jquery-3.2.1.min.js]
[C:/Meus Sites/Máquinas Elétricas/cdn.jsdelivr.net/npm/uikit@3.16.15/dist/js/uikit.min.js]
[C:/Meus Sites/Máquinas Elétricas/cdnjs.cloudflare.com/ajax/libs/jspdf/2.4.0/jspdf.umd.min.js]
[C:/Meus Sites/Máquinas Elétricas/cdnjs.cloudflare.com/ajax/libs/html2pdf.js/0.10.1/html2pdf.bundle.min.js]
[C:/Meus Sites/Máquinas Elétricas/scorm.onilearning.com.br/conteudo/componentec510.html]
[C:/Meus Sites/Máquinas Elétricas/scorm.onilearning.com.br/conteudo/slidebec9.pdf]
[C:/Meus Sites/Máquinas Elétricas/scorm.onilearning.com.br/conteudo/componenteb8eb.html]
[C:/Meus Sites/Máquinas Elétricas/scorm.onilearning.com.br/conteudo/slide8bc7.pdf]
[C:/Meus Sites/Máquinas Elétricas/scorm.onilearning.com.br/conteudo/componentecac6.html]
[C:/Meus Sites/Máquinas Elétricas/scorm.onilearning.com.br/conteudo/componente7d93.html]
[C:/Meus Sites/Máquinas Elétricas/scorm.onilearning.com.br/conteudo/componente220c.html]
[C:/Meus Sites/Máquinas Elétricas/scorm.onilearning.com.br/conteudo/componentec1fe.html]
[C:/Meus Sites/Máquinas Elétricas/scorm.onilearning.com.br/conteudo/slided642.pdf]
[C:/Meus Sites/Máquinas Elétricas/scorm.onilearning.com.br/conteudo/componente97b5.html]
[C:/Meus Sites/Máquinas Elétricas/scorm.onilearning.com.br/conteudo/slide9ecf.pdf]
[C:/Meus Sites/Máquinas Elétricas/scorm.onilearning.com.br/conteudo/componentef033.html]
[C:/Meus Sites/Máquinas Elétricas/scorm.onilearning.com.br/conteudo/componenteb066.html]
[C:/Meus Sites/Máquinas Elétricas/scorm.onilearning.com.br/conteudo/componente315c.html]
[C:/Meus Sites/Máquinas Elétricas/scorm.onilearning.com.br/conteudo/componentea004.html]
[C:/Meus Sites/Máquinas Elétricas/scorm.onilearning.com.br/conteudo/slideefb0.pdf]
[C:/Meus Sites/Máquinas Elétricas/scorm.onilearning.com.br/conteudo/componente3264.html]
[C:/Meus Sites/Máquinas Elétricas/scorm.onilearning.com.br/conteudo/slide2509.pdf]
[C:/Meus Sites/Máquinas Elétricas/scorm.onilearning.com.br/conteudo/componente3ad5.html]
[C:/Meus Sites/Máquinas Elétricas/scorm.onilearning.com.br/conteudo/componentef213.html]
[C:/Meus Sites/Máquinas Elétricas/scorm.onilearning.com.br/conteudo/componente801c.html]
[C:/Meus Sites/Máquinas Elétricas/scorm.onilearning.com.br/conteudo/componente7df1.html]
[C:/Meus Sites/Máquinas Elétricas/scorm.onilearning.com.br/conteudo/componente9a04.html]
[C:/Meus Sites/Máquinas Elétricas/scorm.onilearning.com.br/conteudo/locale/locale.html]
[C:/Meus Sites/Máquinas Elétricas/scorm.onilearning.com.br/trilha/assets/pdf/web/images/loading-icon.gif]
[C:/Meus Sites/Máquinas Elétricas/scorm.onilearning.com.br/trilha/assets/pdf/web/viewer.css]
[C:/Meus Sites/Máquinas Elétricas/scorm.onilearning.com.br/conteudo/componente17af.html]
[C:/Meus Sites/Máquinas Elétricas/scorm.onilearning.com.br/conteudo/componente8b82.html]
[C:/Meus Sites/Máquinas Elétricas/scorm.onilearning.com.br/conteudo/componentecc62.html]
[C:/Meus Sites/Máquinas Elétricas/scorm.onilearning.com.br/trilha/assets/pdf/web/images/cursor-editorInk.svg]
[C:/Meus Sites/Máquinas Elétricas/scorm.onilearning.com.br/trilha/assets/pdf/web/images/cursor-editorFreeText.svg]
[C:/Meus Sites/Máquinas Elétricas/scorm.onilearning.com.br/trilha/assets/pdf/web/images/loading.svg]
[C:/Meus Sites/Máquinas Elétricas/scorm.onilearning.com.br/trilha/assets/pdf/web/images/treeitem-expanded.svg]
[C:/Meus Sites/Máquinas Elétricas/scorm.onilearning.com.br/trilha/assets/pdf/web/images/treeitem-collapsed.svg]
[C:/Meus Sites/Máquinas Elétricas/scorm.onilearning.com.br/trilha/assets/pdf/web/images/toolbarButton-editorFreeText.svg]
[C:/Meus Sites/Máquinas Elétricas/scorm.onilearning.com.br/trilha/assets/pdf/web/images/toolbarButton-editorInk.svg]
[C:/Meus Sites/Máquinas Elétricas/scorm.onilearning.com.br/trilha/assets/pdf/web/images/toolbarButton-menuArrow.svg]
[C:/Meus Sites/Máquinas Elétricas/scorm.onilearning.com.br/trilha/assets/pdf/web/images/toolbarButton-sidebarToggle.svg]
[C:/Meus Sites/Máquinas Elétricas/scorm.onilearning.com.br/trilha/assets/pdf/web/images/toolbarButton-secondaryToolbarToggle.svg]
[C:/Meus Sites/Máquinas Elétricas/scorm.onilearning.com.br/trilha/assets/pdf/web/images/toolbarButton-pageUp.svg]
[C:/Meus Sites/Máquinas Elétricas/scorm.onilearning.com.br/trilha/assets/pdf/web/images/toolbarButton-pageDown.svg]
[C:/Meus Sites/Máquinas Elétricas/scorm.onilearning.com.br/trilha/assets/pdf/web/images/toolbarButton-zoomOut.svg]
[C:/Meus Sites/Máquinas Elétricas/scorm.onilearning.com.br/trilha/assets/pdf/web/images/toolbarButton-zoomIn.svg]
[C:/Meus Sites/Máquinas Elétricas/scorm.onilearning.com.br/trilha/assets/pdf/web/images/toolbarButton-presentationMode.svg]
[C:/Meus Sites/Máquinas Elétricas/scorm.onilearning.com.br/trilha/assets/pdf/web/images/toolbarButton-print.svg]
[C:/Meus Sites/Máquinas Elétricas/scorm.onilearning.com.br/trilha/assets/pdf/web/images/toolbarButton-openFile.svg]
[C:/Meus Sites/Máquinas Elétricas/scorm.onilearning.com.br/trilha/assets/pdf/web/images/toolbarButton-download.svg]
[C:/Meus Sites/Máquinas Elétricas/scorm.onilearning.com.br/trilha/assets/pdf/web/images/toolbarButton-bookmark.svg]
[C:/Meus Sites/Máquinas Elétricas/scorm.onilearning.com.br/trilha/assets/pdf/web/images/toolbarButton-viewThumbnail.svg]
[C:/Meus Sites/Máquinas Elétricas/scorm.onilearning.com.br/trilha/assets/pdf/web/images/toolbarButton-viewOutline.svg]
[C:/Meus Sites/Máquinas Elétricas/scorm.onilearning.com.br/trilha/assets/pdf/web/images/toolbarButton-viewAttachments.svg]
[C:/Meus Sites/Máquinas Elétricas/scorm.onilearning.com.br/trilha/assets/pdf/web/images/toolbarButton-viewLayers.svg]
[C:/Meus Sites/Máquinas Elétricas/scorm.onilearning.com.br/trilha/assets/pdf/web/images/toolbarButton-currentOutlineItem.svg]
[C:/Meus Sites/Máquinas Elétricas/scorm.onilearning.com.br/trilha/assets/pdf/web/images/toolbarButton-search.svg]
[C:/Meus Sites/Máquinas Elétricas/scorm.onilearning.com.br/trilha/assets/pdf/web/images/findbarButton-previous.svg]
[C:/Meus Sites/Máquinas Elétricas/scorm.onilearning.com.br/trilha/assets/pdf/web/images/findbarButton-next.svg]
[C:/Meus Sites/Máquinas Elétricas/scorm.onilearning.com.br/trilha/assets/pdf/web/images/secondaryToolbarButton-firstPage.svg]
[C:/Meus Sites/Máquinas Elétricas/scorm.onilearning.com.br/trilha/assets/pdf/web/images/secondaryToolbarButton-lastPage.svg]
[C:/Meus Sites/Máquinas Elétricas/scorm.onilearning.com.br/trilha/assets/pdf/web/images/secondaryToolbarButton-rotateCcw.svg]
[C:/Meus Sites/Máquinas Elétricas/scorm.onilearning.com.br/trilha/assets/pdf/web/images/secondaryToolbarButton-rotateCw.svg]
[C:/Meus Sites/Máquinas Elétricas/scorm.onilearning.com.br/trilha/assets/pdf/web/images/secondaryToolbarButton-selectTool.svg]
[C:/Meus Sites/Máquinas Elétricas/scorm.onilearning.com.br/trilha/assets/pdf/web/images/secondaryToolbarButton-handTool.svg]
[C:/Meus Sites/Máquinas Elétricas/scorm.onilearning.com.br/trilha/assets/pdf/web/images/secondaryToolbarButton-scrollPage.svg]
[C:/Meus Sites/Máquinas Elétricas/scorm.onilearning.com.br/trilha/assets/pdf/web/images/secondaryToolbarButton-scrollVertical.svg]
[C:/Meus Sites/Máquinas Elétricas/scorm.onilearning.com.br/trilha/assets/pdf/web/images/secondaryToolbarButton-scrollHorizontal.svg]
[C:/Meus Sites/Máquinas Elétricas/scorm.onilearning.com.br/trilha/assets/pdf/web/images/secondaryToolbarButton-scrollWrapped.svg]
[C:/Meus Sites/Máquinas Elétricas/scorm.onilearning.com.br/trilha/assets/pdf/web/images/secondaryToolbarButton-spreadNone.svg]
[C:/Meus Sites/Máquinas Elétricas/scorm.onilearning.com.br/trilha/assets/pdf/web/images/secondaryToolbarButton-spreadOdd.svg]
[C:/Meus Sites/Máquinas Elétricas/scorm.onilearning.com.br/trilha/assets/pdf/web/images/secondaryToolbarButton-spreadEven.svg]
[C:/Meus Sites/Máquinas Elétricas/scorm.onilearning.com.br/trilha/assets/pdf/web/images/secondaryToolbarButton-documentProperties.svg]
[C:/Meus Sites/Máquinas Elétricas/scorm.onilearning.com.br/trilha/assets/pdf/web/images/loading-dark.svg]
[C:/Meus Sites/Máquinas Elétricas/scorm.onilearning.com.br/conteudo/chatpdf/baixarConversaMoni.html]
