[C:/Meus Sites/Equipamentos e Instalações Industriais/backblue.gif]
[C:/Meus Sites/Equipamentos e Instalações Industriais/fade.gif]
[C:/Meus Sites/Equipamentos e Instalações Industriais/index.html]
[C:/Meus Sites/Equipamentos e Instalações Industriais/scorm.onilearning.com.br/conteudo/assets/img/ONIfavicon-96x96.png]
[C:/Meus Sites/Equipamentos e Instalações Industriais/scorm.onilearning.com.br/conteudo/assets/js/novaTrilha.js]
[C:/Meus Sites/Equipamentos e Instalações Industriais/scorm.onilearning.com.br/conteudo/assets/js/acess_scripts.js]
[C:/Meus Sites/Equipamentos e Instalações Industriais/cdn.jsdelivr.net/npm/@phosphor-icons/web@2.1.1/src/regular/style.css]
[C:/Meus Sites/Equipamentos e Instalações Industriais/cdn.jsdelivr.net/npm/@phosphor-icons/web@2.1.1/src/bold/style.css]
[C:/Meus Sites/Equipamentos e Instalações Industriais/cdn.jsdelivr.net/npm/@phosphor-icons/web@2.1.1/src/fill/style.css]
[C:/Meus Sites/Equipamentos e Instalações Industriais/oni360.com.br/externo/onicreative/template/3/dist/hls.js]
[C:/Meus Sites/Equipamentos e Instalações Industriais/scorm.onilearning.com.br/conteudo/assets/img/iconografia/modelo-3/icone-1.png]
[C:/Meus Sites/Equipamentos e Instalações Industriais/scorm.onilearning.com.br/conteudo/assets/img/iconografia/modelo-3/icone-2.png]
[C:/Meus Sites/Equipamentos e Instalações Industriais/scorm.onilearning.com.br/conteudo/assets/img/iconografia/modelo-3/icone-3.png]
[C:/Meus Sites/Equipamentos e Instalações Industriais/scorm.onilearning.com.br/conteudo/assets/img/iconografia/modelo-3/icone-4.png]
[C:/Meus Sites/Equipamentos e Instalações Industriais/scorm.onilearning.com.br/conteudo/assets/img/iconografia/modelo-3/icone-5.png]
[C:/Meus Sites/Equipamentos e Instalações Industriais/scorm.onilearning.com.br/conteudo/assets/img/iconografia/modelo-3/icone-6.png]
[C:/Meus Sites/Equipamentos e Instalações Industriais/scorm.onilearning.com.br/conteudo/assets/img/iconografia/modelo-3/icone-7.png]
[C:/Meus Sites/Equipamentos e Instalações Industriais/scorm.onilearning.com.br/conteudo/assets/img/iconografia/modelo-3/icone-8.png]
[C:/Meus Sites/Equipamentos e Instalações Industriais/scorm.onilearning.com.br/conteudo/assets/img/iconografia/modelo-3/icone-9.png]
[C:/Meus Sites/Equipamentos e Instalações Industriais/scorm.onilearning.com.br/conteudo/assets/img/iconografia/modelo-3/icone-10.png]
[C:/Meus Sites/Equipamentos e Instalações Industriais/scorm.onilearning.com.br/conteudo/assets/img/iconografia/modelo-3/icone-11.png]
[C:/Meus Sites/Equipamentos e Instalações Industriais/scorm.onilearning.com.br/conteudo/assets/img/iconografia/modelo-3/icone-12.png]
[C:/Meus Sites/Equipamentos e Instalações Industriais/scorm.onilearning.com.br/conteudo/ebook6238.pdf]
[C:/Meus Sites/Equipamentos e Instalações Industriais/scorm.onilearning.com.br/conteudo/componentef856.html]
[C:/Meus Sites/Equipamentos e Instalações Industriais/scorm.onilearning.com.br/conteudo/ebook9f53.pdf]
[C:/Meus Sites/Equipamentos e Instalações Industriais/scorm.onilearning.com.br/conteudo/componente31fa.html]
[C:/Meus Sites/Equipamentos e Instalações Industriais/scorm.onilearning.com.br/conteudo/ebooka3f8.pdf]
[C:/Meus Sites/Equipamentos e Instalações Industriais/scorm.onilearning.com.br/conteudo/componente17ef.html]
[C:/Meus Sites/Equipamentos e Instalações Industriais/scorm.onilearning.com.br/conteudo/ebookd75a.pdf]
[C:/Meus Sites/Equipamentos e Instalações Industriais/scorm.onilearning.com.br/conteudo/componente8a74.html]
[C:/Meus Sites/Equipamentos e Instalações Industriais/scorm.onilearning.com.br/conteudo/assets/css/reset.css]
[C:/Meus Sites/Equipamentos e Instalações Industriais/scorm.onilearning.com.br/conteudo/assets/css/novaTrilha.css]
[C:/Meus Sites/Equipamentos e Instalações Industriais/scorm.onilearning.com.br/conteudo/assets/css/acess_contrast.css]
[C:/Meus Sites/Equipamentos e Instalações Industriais/scorm.onilearning.com.br/conteudo/assets/css/acess_bar.css]
[C:/Meus Sites/Equipamentos e Instalações Industriais/cdn.jsdelivr.net/npm/@phosphor-icons/web@2.1.1/src/regular/style.css]
[C:/Meus Sites/Equipamentos e Instalações Industriais/cdn.jsdelivr.net/npm/@phosphor-icons/web@2.1.1/src/bold/style.css]
[C:/Meus Sites/Equipamentos e Instalações Industriais/cdn.jsdelivr.net/npm/@phosphor-icons/web@2.1.1/src/fill/style.css]
[C:/Meus Sites/Equipamentos e Instalações Industriais/cdnjs.cloudflare.com/ajax/libs/jquery/3.6.4/jquery.min.js]
[C:/Meus Sites/Equipamentos e Instalações Industriais/scorm.onilearning.com.br/conteudo/novo_scorm/scorm-padrao/padrao/css/materialize.min.css]
[C:/Meus Sites/Equipamentos e Instalações Industriais/scorm.onilearning.com.br/conteudo/novo_scorm/scorm-padrao/padrao/css/main.css]
[C:/Meus Sites/Equipamentos e Instalações Industriais/scorm.onilearning.com.br/conteudo/novo_scorm/scorm-padrao/padrao/css/bootstrap-grid.min.css]
[C:/Meus Sites/Equipamentos e Instalações Industriais/cdn.jsdelivr.net/npm/uikit@3.16.15/dist/css/uikit.min.css]
[C:/Meus Sites/Equipamentos e Instalações Industriais/api-externa360.onilearning.com.br/exemplo-mapa.jpg]
[C:/Meus Sites/Equipamentos e Instalações Industriais/cdn.jsdelivr.net/npm/bootstrap-icons@1.11.3/font/bootstrap-icons.css]
[C:/Meus Sites/Equipamentos e Instalações Industriais/scorm.onilearning.com.br/conteudo/novo_scorm/scorm-padrao/padrao/images/banner-trilha.jpg]
[C:/Meus Sites/Equipamentos e Instalações Industriais/cdn.jsdelivr.net/npm/uikit@3.16.15/dist/js/uikit-icons.min.js]
[C:/Meus Sites/Equipamentos e Instalações Industriais/scorm.onilearning.com.br/conteudo/novo_scorm/scorm-padrao/padrao/js/main.js]
[C:/Meus Sites/Equipamentos e Instalações Industriais/scorm.onilearning.com.br/conteudo/componente22de.html]
[C:/Meus Sites/Equipamentos e Instalações Industriais/scorm.onilearning.com.br/conteudo/assets/img/pdf.svg]
[C:/Meus Sites/Equipamentos e Instalações Industriais/scorm.onilearning.com.br/conteudo/assets/img/lang_BR.svg]
[C:/Meus Sites/Equipamentos e Instalações Industriais/scorm.onilearning.com.br/conteudo/assets/img/lang_US.svg]
[C:/Meus Sites/Equipamentos e Instalações Industriais/scorm.onilearning.com.br/conteudo/assets/img/lang_ES.svg]
[C:/Meus Sites/Equipamentos e Instalações Industriais/plugin.handtalk.me/web/latest/handtalk.min.js]
[C:/Meus Sites/Equipamentos e Instalações Industriais/scorm.onilearning.com.br/conteudo/chatpdf/HISTORICO.pdf]
[C:/Meus Sites/Equipamentos e Instalações Industriais/scorm.onilearning.com.br/conteudo/chat_pdf_onitutor_moni.html]
[C:/Meus Sites/Equipamentos e Instalações Industriais/scorm.onilearning.com.br/conteudo/chatpdf/moni_onepage.html]
[C:/Meus Sites/Equipamentos e Instalações Industriais/scorm.onilearning.com.br/conteudo/POST.html]
[C:/Meus Sites/Equipamentos e Instalações Industriais/scorm.onilearning.com.br/conteudo/chatpdf/audioQuestion_moni92bd.json]
[C:/Meus Sites/Equipamentos e Instalações Industriais/scorm.onilearning.com.br/conteudo/audio.html]
[C:/Meus Sites/Equipamentos e Instalações Industriais/scorm.onilearning.com.br/conteudo/scripts.html]
[C:/Meus Sites/Equipamentos e Instalações Industriais/scorm.onilearning.com.br/conteudo/componente098b.html]
[C:/Meus Sites/Equipamentos e Instalações Industriais/scorm.onilearning.com.br/conteudo/componente489d.html]
[C:/Meus Sites/Equipamentos e Instalações Industriais/scorm.onilearning.com.br/conteudo/componentecefa.html]
[C:/Meus Sites/Equipamentos e Instalações Industriais/scorm.onilearning.com.br/conteudo/novo_scorm/scorm-padrao/padrao/css/materialize.min.css]
[C:/Meus Sites/Equipamentos e Instalações Industriais/scorm.onilearning.com.br/conteudo/novo_scorm/scorm-padrao/padrao/contents/background_computador2.jpg]
[C:/Meus Sites/Equipamentos e Instalações Industriais/scorm.onilearning.com.br/conteudo/novo_scorm/scorm-padrao/padrao/css/main.css]
[C:/Meus Sites/Equipamentos e Instalações Industriais/scorm.onilearning.com.br/conteudo/novo_scorm/scorm-padrao/padrao/css/bootstrap-grid.min.css]
[C:/Meus Sites/Equipamentos e Instalações Industriais/cdn.jsdelivr.net/npm/uikit@3.16.15/dist/css/uikit.min.css]
[C:/Meus Sites/Equipamentos e Instalações Industriais/scorm.onilearning.com.br/conteudo/componente3d57.html]
[C:/Meus Sites/Equipamentos e Instalações Industriais/scorm.onilearning.com.br/conteudo/slide0eb0.pdf]
[C:/Meus Sites/Equipamentos e Instalações Industriais/scorm.onilearning.com.br/trilha/assets/pdf/build/pdf.js]
[C:/Meus Sites/Equipamentos e Instalações Industriais/scorm.onilearning.com.br/trilha/assets/pdf/web/viewer.js]
[C:/Meus Sites/Equipamentos e Instalações Industriais/scorm.onilearning.com.br/conteudo/componenteb0fc.html]
[C:/Meus Sites/Equipamentos e Instalações Industriais/scorm.onilearning.com.br/conteudo/slidecd0e.pdf]
[C:/Meus Sites/Equipamentos e Instalações Industriais/scorm.onilearning.com.br/conteudo/componente2b17.html]
[C:/Meus Sites/Equipamentos e Instalações Industriais/scorm.onilearning.com.br/conteudo/componente2277.html]
[C:/Meus Sites/Equipamentos e Instalações Industriais/scorm.onilearning.com.br/conteudo/componentea478.html]
[C:/Meus Sites/Equipamentos e Instalações Industriais/cdn.jsdelivr.net/npm/bootstrap-icons@1.11.3/font/bootstrap-icons.css]
[C:/Meus Sites/Equipamentos e Instalações Industriais/cdn.jsdelivr.net/npm/uikit@3.16.15/dist/js/uikit.min.js]
[C:/Meus Sites/Equipamentos e Instalações Industriais/code.jquery.com/jquery-3.2.1.min.js]
[C:/Meus Sites/Equipamentos e Instalações Industriais/cdnjs.cloudflare.com/ajax/libs/jspdf/2.4.0/jspdf.umd.min.js]
[C:/Meus Sites/Equipamentos e Instalações Industriais/cdnjs.cloudflare.com/ajax/libs/html2pdf.js/0.10.1/html2pdf.bundle.min.js]
[C:/Meus Sites/Equipamentos e Instalações Industriais/scorm.onilearning.com.br/conteudo/novo_scorm/scorm-padrao/padrao/js/bootstrap.min.js]
[C:/Meus Sites/Equipamentos e Instalações Industriais/scorm.onilearning.com.br/conteudo/componente6ca1.html]
[C:/Meus Sites/Equipamentos e Instalações Industriais/scorm.onilearning.com.br/conteudo/slidee530.pdf]
[C:/Meus Sites/Equipamentos e Instalações Industriais/scorm.onilearning.com.br/conteudo/componentee963.html]
[C:/Meus Sites/Equipamentos e Instalações Industriais/scorm.onilearning.com.br/conteudo/slide1880.pdf]
[C:/Meus Sites/Equipamentos e Instalações Industriais/scorm.onilearning.com.br/conteudo/componente40f3.html]
[C:/Meus Sites/Equipamentos e Instalações Industriais/scorm.onilearning.com.br/conteudo/componente5875.html]
[C:/Meus Sites/Equipamentos e Instalações Industriais/scorm.onilearning.com.br/conteudo/componente8e13.html]
[C:/Meus Sites/Equipamentos e Instalações Industriais/scorm.onilearning.com.br/conteudo/componente12d0.html]
[C:/Meus Sites/Equipamentos e Instalações Industriais/scorm.onilearning.com.br/conteudo/slide781b.pdf]
[C:/Meus Sites/Equipamentos e Instalações Industriais/scorm.onilearning.com.br/conteudo/componente3ed0.html]
[C:/Meus Sites/Equipamentos e Instalações Industriais/scorm.onilearning.com.br/conteudo/slidecaa7.pdf]
[C:/Meus Sites/Equipamentos e Instalações Industriais/scorm.onilearning.com.br/conteudo/componentebf65.html]
[C:/Meus Sites/Equipamentos e Instalações Industriais/scorm.onilearning.com.br/conteudo/componente8d44.html]
[C:/Meus Sites/Equipamentos e Instalações Industriais/scorm.onilearning.com.br/conteudo/componente686b.html]
[C:/Meus Sites/Equipamentos e Instalações Industriais/scorm.onilearning.com.br/conteudo/componente69dc.html]
[C:/Meus Sites/Equipamentos e Instalações Industriais/scorm.onilearning.com.br/conteudo/slidecf65.pdf]
[C:/Meus Sites/Equipamentos e Instalações Industriais/scorm.onilearning.com.br/conteudo/componente9a8a.html]
[C:/Meus Sites/Equipamentos e Instalações Industriais/scorm.onilearning.com.br/conteudo/slide2a59.pdf]
[C:/Meus Sites/Equipamentos e Instalações Industriais/scorm.onilearning.com.br/conteudo/componenteeb78.html]
[C:/Meus Sites/Equipamentos e Instalações Industriais/scorm.onilearning.com.br/conteudo/componentee294.html]
[C:/Meus Sites/Equipamentos e Instalações Industriais/scorm.onilearning.com.br/conteudo/componente92bf.html]
[C:/Meus Sites/Equipamentos e Instalações Industriais/scorm.onilearning.com.br/conteudo/componente583b.html]
[C:/Meus Sites/Equipamentos e Instalações Industriais/scorm.onilearning.com.br/conteudo/componente40e5.html]
[C:/Meus Sites/Equipamentos e Instalações Industriais/scorm.onilearning.com.br/conteudo/locale/locale.html]
[C:/Meus Sites/Equipamentos e Instalações Industriais/scorm.onilearning.com.br/trilha/assets/pdf/web/images/loading-icon.gif]
[C:/Meus Sites/Equipamentos e Instalações Industriais/scorm.onilearning.com.br/trilha/assets/pdf/web/viewer.css]
[C:/Meus Sites/Equipamentos e Instalações Industriais/scorm.onilearning.com.br/conteudo/componente1f42.html]
[C:/Meus Sites/Equipamentos e Instalações Industriais/scorm.onilearning.com.br/conteudo/componente93b6.html]
[C:/Meus Sites/Equipamentos e Instalações Industriais/scorm.onilearning.com.br/conteudo/componente7ac3.html]
[C:/Meus Sites/Equipamentos e Instalações Industriais/scorm.onilearning.com.br/trilha/assets/pdf/web/images/cursor-editorInk.svg]
[C:/Meus Sites/Equipamentos e Instalações Industriais/scorm.onilearning.com.br/trilha/assets/pdf/web/images/cursor-editorFreeText.svg]
[C:/Meus Sites/Equipamentos e Instalações Industriais/scorm.onilearning.com.br/trilha/assets/pdf/web/images/loading.svg]
[C:/Meus Sites/Equipamentos e Instalações Industriais/scorm.onilearning.com.br/trilha/assets/pdf/web/images/treeitem-expanded.svg]
[C:/Meus Sites/Equipamentos e Instalações Industriais/scorm.onilearning.com.br/trilha/assets/pdf/web/images/treeitem-collapsed.svg]
[C:/Meus Sites/Equipamentos e Instalações Industriais/scorm.onilearning.com.br/trilha/assets/pdf/web/images/toolbarButton-editorFreeText.svg]
[C:/Meus Sites/Equipamentos e Instalações Industriais/scorm.onilearning.com.br/trilha/assets/pdf/web/images/toolbarButton-editorInk.svg]
[C:/Meus Sites/Equipamentos e Instalações Industriais/scorm.onilearning.com.br/trilha/assets/pdf/web/images/toolbarButton-menuArrow.svg]
[C:/Meus Sites/Equipamentos e Instalações Industriais/scorm.onilearning.com.br/trilha/assets/pdf/web/images/toolbarButton-sidebarToggle.svg]
[C:/Meus Sites/Equipamentos e Instalações Industriais/scorm.onilearning.com.br/trilha/assets/pdf/web/images/toolbarButton-secondaryToolbarToggle.svg]
[C:/Meus Sites/Equipamentos e Instalações Industriais/scorm.onilearning.com.br/trilha/assets/pdf/web/images/toolbarButton-pageUp.svg]
[C:/Meus Sites/Equipamentos e Instalações Industriais/scorm.onilearning.com.br/trilha/assets/pdf/web/images/toolbarButton-pageDown.svg]
[C:/Meus Sites/Equipamentos e Instalações Industriais/scorm.onilearning.com.br/trilha/assets/pdf/web/images/toolbarButton-zoomOut.svg]
[C:/Meus Sites/Equipamentos e Instalações Industriais/scorm.onilearning.com.br/trilha/assets/pdf/web/images/toolbarButton-zoomIn.svg]
[C:/Meus Sites/Equipamentos e Instalações Industriais/scorm.onilearning.com.br/trilha/assets/pdf/web/images/toolbarButton-presentationMode.svg]
[C:/Meus Sites/Equipamentos e Instalações Industriais/scorm.onilearning.com.br/trilha/assets/pdf/web/images/toolbarButton-print.svg]
[C:/Meus Sites/Equipamentos e Instalações Industriais/scorm.onilearning.com.br/trilha/assets/pdf/web/images/toolbarButton-openFile.svg]
[C:/Meus Sites/Equipamentos e Instalações Industriais/scorm.onilearning.com.br/trilha/assets/pdf/web/images/toolbarButton-download.svg]
[C:/Meus Sites/Equipamentos e Instalações Industriais/scorm.onilearning.com.br/trilha/assets/pdf/web/images/toolbarButton-bookmark.svg]
[C:/Meus Sites/Equipamentos e Instalações Industriais/scorm.onilearning.com.br/trilha/assets/pdf/web/images/toolbarButton-viewThumbnail.svg]
[C:/Meus Sites/Equipamentos e Instalações Industriais/scorm.onilearning.com.br/trilha/assets/pdf/web/images/toolbarButton-viewOutline.svg]
[C:/Meus Sites/Equipamentos e Instalações Industriais/scorm.onilearning.com.br/trilha/assets/pdf/web/images/toolbarButton-viewAttachments.svg]
[C:/Meus Sites/Equipamentos e Instalações Industriais/scorm.onilearning.com.br/trilha/assets/pdf/web/images/toolbarButton-viewLayers.svg]
[C:/Meus Sites/Equipamentos e Instalações Industriais/scorm.onilearning.com.br/trilha/assets/pdf/web/images/toolbarButton-currentOutlineItem.svg]
[C:/Meus Sites/Equipamentos e Instalações Industriais/scorm.onilearning.com.br/trilha/assets/pdf/web/images/toolbarButton-search.svg]
[C:/Meus Sites/Equipamentos e Instalações Industriais/scorm.onilearning.com.br/trilha/assets/pdf/web/images/findbarButton-previous.svg]
[C:/Meus Sites/Equipamentos e Instalações Industriais/scorm.onilearning.com.br/trilha/assets/pdf/web/images/findbarButton-next.svg]
[C:/Meus Sites/Equipamentos e Instalações Industriais/scorm.onilearning.com.br/trilha/assets/pdf/web/images/secondaryToolbarButton-firstPage.svg]
[C:/Meus Sites/Equipamentos e Instalações Industriais/scorm.onilearning.com.br/trilha/assets/pdf/web/images/secondaryToolbarButton-lastPage.svg]
[C:/Meus Sites/Equipamentos e Instalações Industriais/scorm.onilearning.com.br/trilha/assets/pdf/web/images/secondaryToolbarButton-rotateCcw.svg]
[C:/Meus Sites/Equipamentos e Instalações Industriais/scorm.onilearning.com.br/trilha/assets/pdf/web/images/secondaryToolbarButton-rotateCw.svg]
[C:/Meus Sites/Equipamentos e Instalações Industriais/scorm.onilearning.com.br/trilha/assets/pdf/web/images/secondaryToolbarButton-selectTool.svg]
[C:/Meus Sites/Equipamentos e Instalações Industriais/scorm.onilearning.com.br/trilha/assets/pdf/web/images/secondaryToolbarButton-handTool.svg]
[C:/Meus Sites/Equipamentos e Instalações Industriais/scorm.onilearning.com.br/trilha/assets/pdf/web/images/secondaryToolbarButton-scrollPage.svg]
[C:/Meus Sites/Equipamentos e Instalações Industriais/scorm.onilearning.com.br/trilha/assets/pdf/web/images/secondaryToolbarButton-scrollVertical.svg]
[C:/Meus Sites/Equipamentos e Instalações Industriais/scorm.onilearning.com.br/trilha/assets/pdf/web/images/secondaryToolbarButton-scrollHorizontal.svg]
[C:/Meus Sites/Equipamentos e Instalações Industriais/scorm.onilearning.com.br/trilha/assets/pdf/web/images/secondaryToolbarButton-scrollWrapped.svg]
[C:/Meus Sites/Equipamentos e Instalações Industriais/scorm.onilearning.com.br/trilha/assets/pdf/web/images/secondaryToolbarButton-spreadNone.svg]
[C:/Meus Sites/Equipamentos e Instalações Industriais/scorm.onilearning.com.br/trilha/assets/pdf/web/images/secondaryToolbarButton-spreadOdd.svg]
[C:/Meus Sites/Equipamentos e Instalações Industriais/scorm.onilearning.com.br/trilha/assets/pdf/web/images/secondaryToolbarButton-spreadEven.svg]
[C:/Meus Sites/Equipamentos e Instalações Industriais/scorm.onilearning.com.br/trilha/assets/pdf/web/images/secondaryToolbarButton-documentProperties.svg]
[C:/Meus Sites/Equipamentos e Instalações Industriais/scorm.onilearning.com.br/trilha/assets/pdf/web/images/loading-dark.svg]
[C:/Meus Sites/Equipamentos e Instalações Industriais/scorm.onilearning.com.br/conteudo/dist/hls.js]
