[C:/Meus Sites/3-Interpretação de Desenhos Técnicos/backblue.gif]
[C:/Meus Sites/3-Interpretação de Desenhos Técnicos/fade.gif]
[C:/Meus Sites/3-Interpretação de Desenhos Técnicos/index.html]
[C:/Meus Sites/3-Interpretação de Desenhos Técnicos/scorm.onilearning.com.br/conteudo/assets/img/ONIfavicon-96x96.png]
[C:/Meus Sites/3-Interpretação de Desenhos Técnicos/scorm.onilearning.com.br/conteudo/assets/js/novaTrilha.js]
[C:/Meus Sites/3-Interpretação de Desenhos Técnicos/scorm.onilearning.com.br/conteudo/assets/js/acess_scripts.js]
[C:/Meus Sites/3-Interpretação de Desenhos Técnicos/cdn.jsdelivr.net/npm/@phosphor-icons/web@2.1.1/src/regular/style.css]
[C:/Meus Sites/3-Interpretação de Desenhos Técnicos/cdn.jsdelivr.net/npm/@phosphor-icons/web@2.1.1/src/bold/style.css]
[C:/Meus Sites/3-Interpretação de Desenhos Técnicos/cdn.jsdelivr.net/npm/@phosphor-icons/web@2.1.1/src/fill/style.css]
[C:/Meus Sites/3-Interpretação de Desenhos Técnicos/oni360.com.br/externo/onicreative/template/3/dist/hls.js]
[C:/Meus Sites/3-Interpretação de Desenhos Técnicos/scorm.onilearning.com.br/conteudo/assets/img/iconografia/modelo-3/icone-1.png]
[C:/Meus Sites/3-Interpretação de Desenhos Técnicos/scorm.onilearning.com.br/conteudo/assets/img/iconografia/modelo-3/icone-2.png]
[C:/Meus Sites/3-Interpretação de Desenhos Técnicos/scorm.onilearning.com.br/conteudo/assets/img/iconografia/modelo-3/icone-3.png]
[C:/Meus Sites/3-Interpretação de Desenhos Técnicos/scorm.onilearning.com.br/conteudo/assets/img/iconografia/modelo-3/icone-4.png]
[C:/Meus Sites/3-Interpretação de Desenhos Técnicos/scorm.onilearning.com.br/conteudo/assets/img/iconografia/modelo-3/icone-5.png]
[C:/Meus Sites/3-Interpretação de Desenhos Técnicos/scorm.onilearning.com.br/conteudo/assets/img/iconografia/modelo-3/icone-6.png]
[C:/Meus Sites/3-Interpretação de Desenhos Técnicos/scorm.onilearning.com.br/conteudo/assets/img/iconografia/modelo-3/icone-7.png]
[C:/Meus Sites/3-Interpretação de Desenhos Técnicos/scorm.onilearning.com.br/conteudo/assets/img/iconografia/modelo-3/icone-8.png]
[C:/Meus Sites/3-Interpretação de Desenhos Técnicos/scorm.onilearning.com.br/conteudo/assets/img/iconografia/modelo-3/icone-9.png]
[C:/Meus Sites/3-Interpretação de Desenhos Técnicos/scorm.onilearning.com.br/conteudo/assets/img/iconografia/modelo-3/icone-10.png]
[C:/Meus Sites/3-Interpretação de Desenhos Técnicos/scorm.onilearning.com.br/conteudo/assets/img/iconografia/modelo-3/icone-11.png]
[C:/Meus Sites/3-Interpretação de Desenhos Técnicos/scorm.onilearning.com.br/conteudo/assets/img/iconografia/modelo-3/icone-12.png]
[C:/Meus Sites/3-Interpretação de Desenhos Técnicos/scorm.onilearning.com.br/conteudo/702c8675d5a57bc7417281513c95a959db28.pdf]
[C:/Meus Sites/3-Interpretação de Desenhos Técnicos/scorm.onilearning.com.br/conteudo/arquivo-pdf3716.pdf]
[C:/Meus Sites/3-Interpretação de Desenhos Técnicos/scorm.onilearning.com.br/conteudo/componente012b.html]
[C:/Meus Sites/3-Interpretação de Desenhos Técnicos/scorm.onilearning.com.br/conteudo/cb5d72fbba87832444419501b36c5061e8a6.pdf]
[C:/Meus Sites/3-Interpretação de Desenhos Técnicos/scorm.onilearning.com.br/conteudo/arquivo-pdf651a.pdf]
[C:/Meus Sites/3-Interpretação de Desenhos Técnicos/scorm.onilearning.com.br/conteudo/componente6726.html]
[C:/Meus Sites/3-Interpretação de Desenhos Técnicos/scorm.onilearning.com.br/conteudo/fa5f564ba09c72dfc9f1a0bdd59ed8a64b80.pdf]
[C:/Meus Sites/3-Interpretação de Desenhos Técnicos/scorm.onilearning.com.br/conteudo/arquivo-pdf780a.pdf]
[C:/Meus Sites/3-Interpretação de Desenhos Técnicos/scorm.onilearning.com.br/conteudo/componente5840.html]
[C:/Meus Sites/3-Interpretação de Desenhos Técnicos/scorm.onilearning.com.br/conteudo/ebc1bc70ac10bcf4047b96ff7b2f6a8ed0bf.pdf]
[C:/Meus Sites/3-Interpretação de Desenhos Técnicos/scorm.onilearning.com.br/conteudo/arquivo-pdf044f.pdf]
[C:/Meus Sites/3-Interpretação de Desenhos Técnicos/scorm.onilearning.com.br/conteudo/componentec33b.html]
[C:/Meus Sites/3-Interpretação de Desenhos Técnicos/scorm.onilearning.com.br/conteudo/assets/css/reset.css]
[C:/Meus Sites/3-Interpretação de Desenhos Técnicos/scorm.onilearning.com.br/conteudo/assets/css/novaTrilha.css]
[C:/Meus Sites/3-Interpretação de Desenhos Técnicos/scorm.onilearning.com.br/conteudo/assets/css/acess_contrast.css]
[C:/Meus Sites/3-Interpretação de Desenhos Técnicos/scorm.onilearning.com.br/conteudo/assets/css/acess_bar.css]
[C:/Meus Sites/3-Interpretação de Desenhos Técnicos/cdn.jsdelivr.net/npm/@phosphor-icons/web@2.1.1/src/regular/style.css]
[C:/Meus Sites/3-Interpretação de Desenhos Técnicos/cdn.jsdelivr.net/npm/@phosphor-icons/web@2.1.1/src/bold/style.css]
[C:/Meus Sites/3-Interpretação de Desenhos Técnicos/cdn.jsdelivr.net/npm/@phosphor-icons/web@2.1.1/src/fill/style.css]
[C:/Meus Sites/3-Interpretação de Desenhos Técnicos/cdnjs.cloudflare.com/ajax/libs/jquery/3.6.4/jquery.min.js]
[C:/Meus Sites/3-Interpretação de Desenhos Técnicos/cdn.jsdelivr.net/npm/uikit@3.16.15/dist/css/uikit.min.css]
[C:/Meus Sites/3-Interpretação de Desenhos Técnicos/api-externa360.onilearning.com.br/exemplo-mapa.jpg]
[C:/Meus Sites/3-Interpretação de Desenhos Técnicos/cdn.jsdelivr.net/npm/bootstrap-icons@1.11.3/font/bootstrap-icons.css]
[C:/Meus Sites/3-Interpretação de Desenhos Técnicos/scorm.onilearning.com.br/conteudo/novo_scorm/scorm-padrao/padrao/images/banner-trilha.jpg]
[C:/Meus Sites/3-Interpretação de Desenhos Técnicos/scorm.onilearning.com.br/conteudo/novo_scorm/scorm-padrao/padrao/js/bootstrap.min.js]
[C:/Meus Sites/3-Interpretação de Desenhos Técnicos/cdn.jsdelivr.net/npm/uikit@3.16.15/dist/js/uikit-icons.min.js]
[C:/Meus Sites/3-Interpretação de Desenhos Técnicos/scorm.onilearning.com.br/conteudo/novo_scorm/scorm-padrao/padrao/js/main.js]
[C:/Meus Sites/3-Interpretação de Desenhos Técnicos/scorm.onilearning.com.br/conteudo/componente23c7.html]
[C:/Meus Sites/3-Interpretação de Desenhos Técnicos/scorm.onilearning.com.br/conteudo/assets/img/pdf.svg]
[C:/Meus Sites/3-Interpretação de Desenhos Técnicos/scorm.onilearning.com.br/conteudo/assets/img/lang_BR.svg]
[C:/Meus Sites/3-Interpretação de Desenhos Técnicos/scorm.onilearning.com.br/conteudo/assets/img/lang_US.svg]
[C:/Meus Sites/3-Interpretação de Desenhos Técnicos/scorm.onilearning.com.br/conteudo/assets/img/lang_ES.svg]
[C:/Meus Sites/3-Interpretação de Desenhos Técnicos/plugin.handtalk.me/web/latest/handtalk.min.js]
[C:/Meus Sites/3-Interpretação de Desenhos Técnicos/scorm.onilearning.com.br/conteudo/chatpdf/HISTORICO.pdf]
[C:/Meus Sites/3-Interpretação de Desenhos Técnicos/scorm.onilearning.com.br/conteudo/chat_pdf_onitutor.html]
[C:/Meus Sites/3-Interpretação de Desenhos Técnicos/scorm.onilearning.com.br/conteudo/POST.html]
[C:/Meus Sites/3-Interpretação de Desenhos Técnicos/scorm.onilearning.com.br/conteudo/chatpdf/FunPerguntapdf.html]
[C:/Meus Sites/3-Interpretação de Desenhos Técnicos/scorm.onilearning.com.br/conteudo/chatpdf/carregarConversas.html]
[C:/Meus Sites/3-Interpretação de Desenhos Técnicos/scorm.onilearning.com.br/conteudo/scripts.html]
[C:/Meus Sites/3-Interpretação de Desenhos Técnicos/scorm.onilearning.com.br/conteudo/componentefc48.html]
[C:/Meus Sites/3-Interpretação de Desenhos Técnicos/scorm.onilearning.com.br/conteudo/componente7813.html]
[C:/Meus Sites/3-Interpretação de Desenhos Técnicos/scorm.onilearning.com.br/conteudo/componented6db.html]
[C:/Meus Sites/3-Interpretação de Desenhos Técnicos/scorm.onilearning.com.br/conteudo/novo_scorm/scorm-padrao/padrao/fonts/roboto/Roboto-Thin.woff2]
[C:/Meus Sites/3-Interpretação de Desenhos Técnicos/scorm.onilearning.com.br/conteudo/novo_scorm/scorm-padrao/padrao/fonts/roboto/Roboto-Thin.woff]
[C:/Meus Sites/3-Interpretação de Desenhos Técnicos/scorm.onilearning.com.br/conteudo/novo_scorm/scorm-padrao/padrao/fonts/roboto/Roboto-Light.woff2]
[C:/Meus Sites/3-Interpretação de Desenhos Técnicos/scorm.onilearning.com.br/conteudo/novo_scorm/scorm-padrao/padrao/fonts/roboto/Roboto-Light.woff]
[C:/Meus Sites/3-Interpretação de Desenhos Técnicos/scorm.onilearning.com.br/conteudo/novo_scorm/scorm-padrao/padrao/fonts/roboto/Roboto-Regular.woff2]
[C:/Meus Sites/3-Interpretação de Desenhos Técnicos/scorm.onilearning.com.br/conteudo/novo_scorm/scorm-padrao/padrao/fonts/roboto/Roboto-Regular.woff]
[C:/Meus Sites/3-Interpretação de Desenhos Técnicos/scorm.onilearning.com.br/conteudo/novo_scorm/scorm-padrao/padrao/fonts/roboto/Roboto-Medium.woff2]
[C:/Meus Sites/3-Interpretação de Desenhos Técnicos/scorm.onilearning.com.br/conteudo/novo_scorm/scorm-padrao/padrao/fonts/roboto/Roboto-Medium.woff]
[C:/Meus Sites/3-Interpretação de Desenhos Técnicos/scorm.onilearning.com.br/conteudo/novo_scorm/scorm-padrao/padrao/fonts/roboto/Roboto-Bold.woff2]
[C:/Meus Sites/3-Interpretação de Desenhos Técnicos/scorm.onilearning.com.br/conteudo/novo_scorm/scorm-padrao/padrao/fonts/roboto/Roboto-Bold.woff]
[C:/Meus Sites/3-Interpretação de Desenhos Técnicos/scorm.onilearning.com.br/conteudo/novo_scorm/scorm-padrao/padrao/css/materialize.min.css]
[C:/Meus Sites/3-Interpretação de Desenhos Técnicos/scorm.onilearning.com.br/conteudo/novo_scorm/scorm-padrao/padrao/contents/background_computador2.jpg]
[C:/Meus Sites/3-Interpretação de Desenhos Técnicos/scorm.onilearning.com.br/conteudo/novo_scorm/scorm-padrao/padrao/css/main.css]
[C:/Meus Sites/3-Interpretação de Desenhos Técnicos/scorm.onilearning.com.br/conteudo/novo_scorm/scorm-padrao/padrao/css/bootstrap-grid.min.css]
[C:/Meus Sites/3-Interpretação de Desenhos Técnicos/cdn.jsdelivr.net/npm/uikit@3.16.15/dist/css/uikit.min.css]
[C:/Meus Sites/3-Interpretação de Desenhos Técnicos/scorm.onilearning.com.br/conteudo/componente572e.html]
[C:/Meus Sites/3-Interpretação de Desenhos Técnicos/scorm.onilearning.com.br/conteudo/ebookea27.pdf]
[C:/Meus Sites/3-Interpretação de Desenhos Técnicos/scorm.onilearning.com.br/trilha/assets/pdf/build/pdf.js]
[C:/Meus Sites/3-Interpretação de Desenhos Técnicos/scorm.onilearning.com.br/trilha/assets/pdf/web/viewer.css]
[C:/Meus Sites/3-Interpretação de Desenhos Técnicos/scorm.onilearning.com.br/trilha/assets/pdf/web/viewer.js]
[C:/Meus Sites/3-Interpretação de Desenhos Técnicos/scorm.onilearning.com.br/conteudo/componente6f71.html]
[C:/Meus Sites/3-Interpretação de Desenhos Técnicos/scorm.onilearning.com.br/conteudo/slide9c7c.pdf]
[C:/Meus Sites/3-Interpretação de Desenhos Técnicos/scorm.onilearning.com.br/conteudo/componente69c3.html]
[C:/Meus Sites/3-Interpretação de Desenhos Técnicos/scorm.onilearning.com.br/conteudo/dist/hls.js]
[C:/Meus Sites/3-Interpretação de Desenhos Técnicos/scorm.onilearning.com.br/conteudo/componentef599.html]
[C:/Meus Sites/3-Interpretação de Desenhos Técnicos/scorm.onilearning.com.br/conteudo/componentead89.html]
[C:/Meus Sites/3-Interpretação de Desenhos Técnicos/cdn.jsdelivr.net/npm/bootstrap-icons@1.11.3/font/bootstrap-icons.css]
[C:/Meus Sites/3-Interpretação de Desenhos Técnicos/code.jquery.com/jquery-3.2.1.min.js]
[C:/Meus Sites/3-Interpretação de Desenhos Técnicos/cdn.jsdelivr.net/npm/uikit@3.16.15/dist/js/uikit.min.js]
[C:/Meus Sites/3-Interpretação de Desenhos Técnicos/cdnjs.cloudflare.com/ajax/libs/jspdf/2.4.0/jspdf.umd.min.js]
[C:/Meus Sites/3-Interpretação de Desenhos Técnicos/cdnjs.cloudflare.com/ajax/libs/html2pdf.js/0.10.1/html2pdf.bundle.min.js]
[C:/Meus Sites/3-Interpretação de Desenhos Técnicos/scorm.onilearning.com.br/conteudo/componentecc13.html]
[C:/Meus Sites/3-Interpretação de Desenhos Técnicos/scorm.onilearning.com.br/conteudo/ebookafeb.pdf]
[C:/Meus Sites/3-Interpretação de Desenhos Técnicos/scorm.onilearning.com.br/conteudo/componenteed24.html]
[C:/Meus Sites/3-Interpretação de Desenhos Técnicos/scorm.onilearning.com.br/conteudo/slidef124.pdf]
[C:/Meus Sites/3-Interpretação de Desenhos Técnicos/scorm.onilearning.com.br/conteudo/componenteee18.html]
[C:/Meus Sites/3-Interpretação de Desenhos Técnicos/scorm.onilearning.com.br/conteudo/componente14d4.html]
[C:/Meus Sites/3-Interpretação de Desenhos Técnicos/scorm.onilearning.com.br/conteudo/componenteea11.html]
[C:/Meus Sites/3-Interpretação de Desenhos Técnicos/scorm.onilearning.com.br/conteudo/componentec542.html]
[C:/Meus Sites/3-Interpretação de Desenhos Técnicos/scorm.onilearning.com.br/conteudo/ebook6309.pdf]
[C:/Meus Sites/3-Interpretação de Desenhos Técnicos/scorm.onilearning.com.br/conteudo/componenteef80.html]
[C:/Meus Sites/3-Interpretação de Desenhos Técnicos/scorm.onilearning.com.br/conteudo/slide958b.pdf]
[C:/Meus Sites/3-Interpretação de Desenhos Técnicos/scorm.onilearning.com.br/conteudo/componente1ea7.html]
[C:/Meus Sites/3-Interpretação de Desenhos Técnicos/scorm.onilearning.com.br/conteudo/componente791d.html]
[C:/Meus Sites/3-Interpretação de Desenhos Técnicos/scorm.onilearning.com.br/conteudo/componente20fc.html]
[C:/Meus Sites/3-Interpretação de Desenhos Técnicos/scorm.onilearning.com.br/conteudo/componentebdc6.html]
[C:/Meus Sites/3-Interpretação de Desenhos Técnicos/scorm.onilearning.com.br/conteudo/ebook05e1.pdf]
[C:/Meus Sites/3-Interpretação de Desenhos Técnicos/scorm.onilearning.com.br/conteudo/componente5bc1.html]
[C:/Meus Sites/3-Interpretação de Desenhos Técnicos/scorm.onilearning.com.br/conteudo/slide0922.pdf]
[C:/Meus Sites/3-Interpretação de Desenhos Técnicos/scorm.onilearning.com.br/conteudo/componente18d9.html]
[C:/Meus Sites/3-Interpretação de Desenhos Técnicos/scorm.onilearning.com.br/conteudo/componente7ac6.html]
[C:/Meus Sites/3-Interpretação de Desenhos Técnicos/scorm.onilearning.com.br/conteudo/componentece30.html]
[C:/Meus Sites/3-Interpretação de Desenhos Técnicos/scorm.onilearning.com.br/conteudo/componente9ffa.html]
[C:/Meus Sites/3-Interpretação de Desenhos Técnicos/scorm.onilearning.com.br/conteudo/componente95a7.html]
[C:/Meus Sites/3-Interpretação de Desenhos Técnicos/scorm.onilearning.com.br/conteudo/locale/locale.html]
[C:/Meus Sites/3-Interpretação de Desenhos Técnicos/scorm.onilearning.com.br/trilha/assets/pdf/web/viewer.css]
[C:/Meus Sites/3-Interpretação de Desenhos Técnicos/scorm.onilearning.com.br/conteudo/chatpdf/audioQuestion92bd.html]
[C:/Meus Sites/3-Interpretação de Desenhos Técnicos/scorm.onilearning.com.br/conteudo/componentec3dc.html]
[C:/Meus Sites/3-Interpretação de Desenhos Técnicos/scorm.onilearning.com.br/conteudo/componentebdac.html]
[C:/Meus Sites/3-Interpretação de Desenhos Técnicos/scorm.onilearning.com.br/conteudo/componente1fff.html]
