[C:/Meus Sites/Lógica Matemática/backblue.gif]
[C:/Meus Sites/Lógica Matemática/fade.gif]
[C:/Meus Sites/Lógica Matemática/index.html]
[C:/Meus Sites/Lógica Matemática/scorm.onilearning.com.br/conteudo/assets/img/ONIfavicon-96x96.png]
[C:/Meus Sites/Lógica Matemática/scorm.onilearning.com.br/conteudo/assets/css/novaTrilha.css]
[C:/Meus Sites/Lógica Matemática/scorm.onilearning.com.br/conteudo/assets/js/acess_scripts.js]
[C:/Meus Sites/Lógica Matemática/cdn.jsdelivr.net/npm/@phosphor-icons/web@2.1.1/src/regular/style.css]
[C:/Meus Sites/Lógica Matemática/cdn.jsdelivr.net/npm/@phosphor-icons/web@2.1.1/src/bold/style.css]
[C:/Meus Sites/Lógica Matemática/cdn.jsdelivr.net/npm/@phosphor-icons/web@2.1.1/src/fill/style.css]
[C:/Meus Sites/Lógica Matemática/oni360.com.br/externo/onicreative/template/3/dist/hls.js]
[C:/Meus Sites/Lógica Matemática/scorm.onilearning.com.br/conteudo/assets/img/iconografia/modelo-3/icone-1.png]
[C:/Meus Sites/Lógica Matemática/scorm.onilearning.com.br/conteudo/assets/img/iconografia/modelo-3/icone-2.png]
[C:/Meus Sites/Lógica Matemática/scorm.onilearning.com.br/conteudo/assets/img/iconografia/modelo-3/icone-3.png]
[C:/Meus Sites/Lógica Matemática/scorm.onilearning.com.br/conteudo/assets/img/iconografia/modelo-3/icone-4.png]
[C:/Meus Sites/Lógica Matemática/scorm.onilearning.com.br/conteudo/assets/img/iconografia/modelo-3/icone-5.png]
[C:/Meus Sites/Lógica Matemática/scorm.onilearning.com.br/conteudo/assets/img/iconografia/modelo-3/icone-6.png]
[C:/Meus Sites/Lógica Matemática/scorm.onilearning.com.br/conteudo/assets/img/iconografia/modelo-3/icone-7.png]
[C:/Meus Sites/Lógica Matemática/scorm.onilearning.com.br/conteudo/assets/img/iconografia/modelo-3/icone-8.png]
[C:/Meus Sites/Lógica Matemática/scorm.onilearning.com.br/conteudo/assets/img/iconografia/modelo-3/icone-9.png]
[C:/Meus Sites/Lógica Matemática/scorm.onilearning.com.br/conteudo/assets/img/iconografia/modelo-3/icone-10.png]
[C:/Meus Sites/Lógica Matemática/scorm.onilearning.com.br/conteudo/assets/img/iconografia/modelo-3/icone-11.png]
[C:/Meus Sites/Lógica Matemática/scorm.onilearning.com.br/conteudo/assets/img/iconografia/modelo-3/icone-12.png]
[C:/Meus Sites/Lógica Matemática/scorm.onilearning.com.br/conteudo/ebook8af5.pdf]
[C:/Meus Sites/Lógica Matemática/scorm.onilearning.com.br/conteudo/assets/img/lang_ES.svg]
[C:/Meus Sites/Lógica Matemática/scorm.onilearning.com.br/conteudo/componente597e.html]
[C:/Meus Sites/Lógica Matemática/scorm.onilearning.com.br/conteudo/ebook19c2.pdf]
[C:/Meus Sites/Lógica Matemática/scorm.onilearning.com.br/conteudo/componente9208.html]
[C:/Meus Sites/Lógica Matemática/scorm.onilearning.com.br/conteudo/ebooka0af.pdf]
[C:/Meus Sites/Lógica Matemática/scorm.onilearning.com.br/conteudo/componente3a72.html]
[C:/Meus Sites/Lógica Matemática/scorm.onilearning.com.br/conteudo/ebooke28b.pdf]
[C:/Meus Sites/Lógica Matemática/scorm.onilearning.com.br/conteudo/componentea59d.html]
[C:/Meus Sites/Lógica Matemática/scorm.onilearning.com.br/conteudo/assets/css/reset.css]
[C:/Meus Sites/Lógica Matemática/scorm.onilearning.com.br/conteudo/assets/css/novaTrilha.css]
[C:/Meus Sites/Lógica Matemática/scorm.onilearning.com.br/conteudo/assets/css/acess_contrast.css]
[C:/Meus Sites/Lógica Matemática/scorm.onilearning.com.br/conteudo/assets/css/acess_bar.css]
[C:/Meus Sites/Lógica Matemática/cdn.jsdelivr.net/npm/@phosphor-icons/web@2.1.1/src/regular/style.css]
[C:/Meus Sites/Lógica Matemática/cdn.jsdelivr.net/npm/@phosphor-icons/web@2.1.1/src/bold/style.css]
[C:/Meus Sites/Lógica Matemática/cdn.jsdelivr.net/npm/@phosphor-icons/web@2.1.1/src/fill/style.css]
[C:/Meus Sites/Lógica Matemática/cdnjs.cloudflare.com/ajax/libs/jquery/3.6.4/jquery.min.js]
[C:/Meus Sites/Lógica Matemática/scorm.onilearning.com.br/conteudo/assets/js/novaTrilha.js]
[C:/Meus Sites/Lógica Matemática/scorm.onilearning.com.br/conteudo/novo_scorm/scorm-padrao/padrao/css/materialize.min.css]
[C:/Meus Sites/Lógica Matemática/scorm.onilearning.com.br/conteudo/novo_scorm/scorm-padrao/padrao/css/main.css]
[C:/Meus Sites/Lógica Matemática/scorm.onilearning.com.br/conteudo/novo_scorm/scorm-padrao/padrao/css/bootstrap-grid.min.css]
[C:/Meus Sites/Lógica Matemática/cdn.jsdelivr.net/npm/uikit@3.16.15/dist/css/uikit.min.css]
[C:/Meus Sites/Lógica Matemática/api-externa360.onilearning.com.br/exemplo-mapa.jpg]
[C:/Meus Sites/Lógica Matemática/cdn.jsdelivr.net/npm/bootstrap-icons@1.11.3/font/bootstrap-icons.css]
[C:/Meus Sites/Lógica Matemática/scorm.onilearning.com.br/conteudo/novo_scorm/scorm-padrao/padrao/images/banner-trilha.jpg]
[C:/Meus Sites/Lógica Matemática/cdn.jsdelivr.net/npm/uikit@3.16.15/dist/js/uikit-icons.min.js]
[C:/Meus Sites/Lógica Matemática/scorm.onilearning.com.br/conteudo/novo_scorm/scorm-padrao/padrao/js/main.js]
[C:/Meus Sites/Lógica Matemática/scorm.onilearning.com.br/conteudo/componente29d0.html]
[C:/Meus Sites/Lógica Matemática/scorm.onilearning.com.br/conteudo/assets/img/pdf.svg]
[C:/Meus Sites/Lógica Matemática/scorm.onilearning.com.br/conteudo/assets/img/lang_BR.svg]
[C:/Meus Sites/Lógica Matemática/scorm.onilearning.com.br/conteudo/assets/img/lang_US.svg]
[C:/Meus Sites/Lógica Matemática/scorm.onilearning.com.br/conteudo/assets/img/lang_ES.svg]
[C:/Meus Sites/Lógica Matemática/cdn.jsdelivr.net/npm/@phosphor-icons/web@2.1.1/src/duotone/style.css]
[C:/Meus Sites/Lógica Matemática/plugin.handtalk.me/web/latest/handtalk.min.js]
[C:/Meus Sites/Lógica Matemática/scorm.onilearning.com.br/conteudo/chat_pdf_onitutor_moni.html]
[C:/Meus Sites/Lógica Matemática/scorm.onilearning.com.br/conteudo/chatpdf/moni_onepage.html]
[C:/Meus Sites/Lógica Matemática/scorm.onilearning.com.br/conteudo/POST.html]
[C:/Meus Sites/Lógica Matemática/scorm.onilearning.com.br/conteudo/chatpdf/audioQuestion_moni92bd.json]
[C:/Meus Sites/Lógica Matemática/scorm.onilearning.com.br/conteudo/audio.html]
[C:/Meus Sites/Lógica Matemática/scorm.onilearning.com.br/conteudo/scripts.html]
[C:/Meus Sites/Lógica Matemática/scorm.onilearning.com.br/conteudo/componente780b.html]
[C:/Meus Sites/Lógica Matemática/scorm.onilearning.com.br/conteudo/componente4635.html]
[C:/Meus Sites/Lógica Matemática/scorm.onilearning.com.br/conteudo/componenteb829.html]
[C:/Meus Sites/Lógica Matemática/scorm.onilearning.com.br/conteudo/novo_scorm/scorm-padrao/padrao/css/materialize.min.css]
[C:/Meus Sites/Lógica Matemática/scorm.onilearning.com.br/conteudo/novo_scorm/scorm-padrao/padrao/contents/background_computador2.jpg]
[C:/Meus Sites/Lógica Matemática/scorm.onilearning.com.br/conteudo/novo_scorm/scorm-padrao/padrao/css/main.css]
[C:/Meus Sites/Lógica Matemática/scorm.onilearning.com.br/conteudo/novo_scorm/scorm-padrao/padrao/css/bootstrap-grid.min.css]
[C:/Meus Sites/Lógica Matemática/cdn.jsdelivr.net/npm/uikit@3.16.15/dist/css/uikit.min.css]
[C:/Meus Sites/Lógica Matemática/scorm.onilearning.com.br/conteudo/componentea970.html]
[C:/Meus Sites/Lógica Matemática/scorm.onilearning.com.br/conteudo/slide8aa9.pdf]
[C:/Meus Sites/Lógica Matemática/scorm.onilearning.com.br/trilha/assets/pdf/web/viewer.css]
[C:/Meus Sites/Lógica Matemática/scorm.onilearning.com.br/conteudo/componente8529.html]
[C:/Meus Sites/Lógica Matemática/scorm.onilearning.com.br/trilha/assets/pdf/web/viewer.js]
[C:/Meus Sites/Lógica Matemática/scorm.onilearning.com.br/conteudo/slide0171.pdf]
[C:/Meus Sites/Lógica Matemática/scorm.onilearning.com.br/conteudo/componentefba0.html]
[C:/Meus Sites/Lógica Matemática/scorm.onilearning.com.br/conteudo/componenteab9d.html]
[C:/Meus Sites/Lógica Matemática/scorm.onilearning.com.br/conteudo/componented3ec.html]
[C:/Meus Sites/Lógica Matemática/cdn.jsdelivr.net/npm/bootstrap-icons@1.11.3/font/bootstrap-icons.css]
[C:/Meus Sites/Lógica Matemática/cdn.jsdelivr.net/npm/uikit@3.16.15/dist/js/uikit.min.js]
[C:/Meus Sites/Lógica Matemática/cdn.jsdelivr.net/npm/@phosphor-icons/web@2.1.1/src/duotone/style.css]
[C:/Meus Sites/Lógica Matemática/code.jquery.com/jquery-3.2.1.min.js]
[C:/Meus Sites/Lógica Matemática/cdnjs.cloudflare.com/ajax/libs/html2pdf.js/0.10.1/html2pdf.bundle.min.js]
[C:/Meus Sites/Lógica Matemática/cdnjs.cloudflare.com/ajax/libs/jspdf/2.4.0/jspdf.umd.min.js]
[C:/Meus Sites/Lógica Matemática/scorm.onilearning.com.br/conteudo/novo_scorm/scorm-padrao/padrao/js/bootstrap.min.js]
[C:/Meus Sites/Lógica Matemática/scorm.onilearning.com.br/conteudo/componentec7ea.html]
[C:/Meus Sites/Lógica Matemática/scorm.onilearning.com.br/conteudo/slide558b.pdf]
[C:/Meus Sites/Lógica Matemática/scorm.onilearning.com.br/conteudo/componente67f3.html]
[C:/Meus Sites/Lógica Matemática/scorm.onilearning.com.br/conteudo/slide75c9.pdf]
[C:/Meus Sites/Lógica Matemática/scorm.onilearning.com.br/conteudo/componente3f2c.html]
[C:/Meus Sites/Lógica Matemática/scorm.onilearning.com.br/conteudo/componente02ec.html]
[C:/Meus Sites/Lógica Matemática/scorm.onilearning.com.br/conteudo/componente28ee.html]
[C:/Meus Sites/Lógica Matemática/scorm.onilearning.com.br/conteudo/componentee54a.html]
[C:/Meus Sites/Lógica Matemática/scorm.onilearning.com.br/conteudo/componente1698.html]
[C:/Meus Sites/Lógica Matemática/scorm.onilearning.com.br/conteudo/slide205f.pdf]
[C:/Meus Sites/Lógica Matemática/scorm.onilearning.com.br/conteudo/componente7a0e.html]
[C:/Meus Sites/Lógica Matemática/scorm.onilearning.com.br/conteudo/componente4186.html]
[C:/Meus Sites/Lógica Matemática/scorm.onilearning.com.br/conteudo/componente4fd7.html]
[C:/Meus Sites/Lógica Matemática/scorm.onilearning.com.br/conteudo/componentea078.html]
[C:/Meus Sites/Lógica Matemática/scorm.onilearning.com.br/conteudo/slide57c7.pdf]
[C:/Meus Sites/Lógica Matemática/scorm.onilearning.com.br/conteudo/componente5905.html]
[C:/Meus Sites/Lógica Matemática/scorm.onilearning.com.br/conteudo/slide80dd.pdf]
[C:/Meus Sites/Lógica Matemática/scorm.onilearning.com.br/conteudo/componente56e5.html]
[C:/Meus Sites/Lógica Matemática/scorm.onilearning.com.br/conteudo/componente0944.html]
[C:/Meus Sites/Lógica Matemática/scorm.onilearning.com.br/conteudo/componente79b9.html]
[C:/Meus Sites/Lógica Matemática/scorm.onilearning.com.br/conteudo/componente6476.html]
[C:/Meus Sites/Lógica Matemática/scorm.onilearning.com.br/conteudo/componenteec08.html]
[C:/Meus Sites/Lógica Matemática/scorm.onilearning.com.br/conteudo/locale/locale.html]
[C:/Meus Sites/Lógica Matemática/scorm.onilearning.com.br/trilha/assets/pdf/web/viewer.css]
[C:/Meus Sites/Lógica Matemática/scorm.onilearning.com.br/trilha/assets/pdf/build/pdf.js]
[C:/Meus Sites/Lógica Matemática/scorm.onilearning.com.br/conteudo/dist/hls.js]
[C:/Meus Sites/Lógica Matemática/scorm.onilearning.com.br/conteudo/componente492e.html]
[C:/Meus Sites/Lógica Matemática/scorm.onilearning.com.br/conteudo/componente4a40.html]
[C:/Meus Sites/Lógica Matemática/scorm.onilearning.com.br/conteudo/chatpdf/baixarConversaMoni.html]
[C:/Meus Sites/Lógica Matemática/scorm.onilearning.com.br/conteudo/componente617f.html]
[C:/Meus Sites/Lógica Matemática/scorm.onilearning.com.br/conteudo/arquivo-pdfe472.html]
