[C:/Meus Sites/2-Ferramental de Mecânica/backblue.gif]
[C:/Meus Sites/2-Ferramental de Mecânica/fade.gif]
[C:/Meus Sites/2-Ferramental de Mecânica/index.html]
[C:/Meus Sites/2-Ferramental de Mecânica/scorm.onilearning.com.br/conteudo/assets/img/ONIfavicon-96x96.png]
[C:/Meus Sites/2-Ferramental de Mecânica/scorm.onilearning.com.br/conteudo/assets/js/novaTrilha.js]
[C:/Meus Sites/2-Ferramental de Mecânica/scorm.onilearning.com.br/conteudo/assets/js/acess_scripts.js]
[C:/Meus Sites/2-Ferramental de Mecânica/cdn.jsdelivr.net/npm/@phosphor-icons/web@2.1.1/src/regular/style.css]
[C:/Meus Sites/2-Ferramental de Mecânica/cdn.jsdelivr.net/npm/@phosphor-icons/web@2.1.1/src/bold/style.css]
[C:/Meus Sites/2-Ferramental de Mecânica/cdn.jsdelivr.net/npm/@phosphor-icons/web@2.1.1/src/fill/style.css]
[C:/Meus Sites/2-Ferramental de Mecânica/oni360.com.br/externo/onicreative/template/3/dist/hls.js]
[C:/Meus Sites/2-Ferramental de Mecânica/scorm.onilearning.com.br/conteudo/assets/img/iconografia/modelo-3/icone-1.png]
[C:/Meus Sites/2-Ferramental de Mecânica/scorm.onilearning.com.br/conteudo/assets/img/iconografia/modelo-3/icone-2.png]
[C:/Meus Sites/2-Ferramental de Mecânica/scorm.onilearning.com.br/conteudo/assets/img/iconografia/modelo-3/icone-3.png]
[C:/Meus Sites/2-Ferramental de Mecânica/scorm.onilearning.com.br/conteudo/assets/img/iconografia/modelo-3/icone-4.png]
[C:/Meus Sites/2-Ferramental de Mecânica/scorm.onilearning.com.br/conteudo/assets/img/iconografia/modelo-3/icone-5.png]
[C:/Meus Sites/2-Ferramental de Mecânica/scorm.onilearning.com.br/conteudo/assets/img/iconografia/modelo-3/icone-6.png]
[C:/Meus Sites/2-Ferramental de Mecânica/scorm.onilearning.com.br/conteudo/assets/img/iconografia/modelo-3/icone-7.png]
[C:/Meus Sites/2-Ferramental de Mecânica/scorm.onilearning.com.br/conteudo/assets/img/iconografia/modelo-3/icone-8.png]
[C:/Meus Sites/2-Ferramental de Mecânica/scorm.onilearning.com.br/conteudo/assets/img/iconografia/modelo-3/icone-9.png]
[C:/Meus Sites/2-Ferramental de Mecânica/scorm.onilearning.com.br/conteudo/assets/img/iconografia/modelo-3/icone-10.png]
[C:/Meus Sites/2-Ferramental de Mecânica/scorm.onilearning.com.br/conteudo/assets/img/iconografia/modelo-3/icone-11.png]
[C:/Meus Sites/2-Ferramental de Mecânica/scorm.onilearning.com.br/conteudo/assets/img/iconografia/modelo-3/icone-12.png]
[C:/Meus Sites/2-Ferramental de Mecânica/scorm.onilearning.com.br/conteudo/ebook6e77.pdf]
[C:/Meus Sites/2-Ferramental de Mecânica/scorm.onilearning.com.br/conteudo/arquivo-pdf6c93.pdf]
[C:/Meus Sites/2-Ferramental de Mecânica/scorm.onilearning.com.br/conteudo/componentecf5e.html]
[C:/Meus Sites/2-Ferramental de Mecânica/scorm.onilearning.com.br/conteudo/ebook5d60.pdf]
[C:/Meus Sites/2-Ferramental de Mecânica/scorm.onilearning.com.br/conteudo/arquivo-pdf27f1.pdf]
[C:/Meus Sites/2-Ferramental de Mecânica/scorm.onilearning.com.br/conteudo/componenteae97.html]
[C:/Meus Sites/2-Ferramental de Mecânica/scorm.onilearning.com.br/conteudo/ebook6f38.pdf]
[C:/Meus Sites/2-Ferramental de Mecânica/scorm.onilearning.com.br/conteudo/arquivo-pdfc09b.pdf]
[C:/Meus Sites/2-Ferramental de Mecânica/scorm.onilearning.com.br/conteudo/componente3cf6.html]
[C:/Meus Sites/2-Ferramental de Mecânica/scorm.onilearning.com.br/conteudo/ebookf6bd.pdf]
[C:/Meus Sites/2-Ferramental de Mecânica/scorm.onilearning.com.br/conteudo/arquivo-pdfed23.pdf]
[C:/Meus Sites/2-Ferramental de Mecânica/scorm.onilearning.com.br/conteudo/componentecfa2.html]
[C:/Meus Sites/2-Ferramental de Mecânica/scorm.onilearning.com.br/conteudo/assets/css/reset.css]
[C:/Meus Sites/2-Ferramental de Mecânica/scorm.onilearning.com.br/conteudo/assets/css/novaTrilha.css]
[C:/Meus Sites/2-Ferramental de Mecânica/cdnjs.cloudflare.com/ajax/libs/jquery/3.6.4/jquery.min.js]
[C:/Meus Sites/2-Ferramental de Mecânica/scorm.onilearning.com.br/conteudo/assets/css/acess_contrast.css]
[C:/Meus Sites/2-Ferramental de Mecânica/scorm.onilearning.com.br/conteudo/assets/css/acess_bar.css]
[C:/Meus Sites/2-Ferramental de Mecânica/cdn.jsdelivr.net/npm/@phosphor-icons/web@2.1.1/src/regular/style.css]
[C:/Meus Sites/2-Ferramental de Mecânica/cdn.jsdelivr.net/npm/@phosphor-icons/web@2.1.1/src/bold/style.css]
[C:/Meus Sites/2-Ferramental de Mecânica/cdn.jsdelivr.net/npm/@phosphor-icons/web@2.1.1/src/fill/style.css]
[C:/Meus Sites/2-Ferramental de Mecânica/cdn.jsdelivr.net/npm/uikit@3.16.15/dist/css/uikit.min.css]
[C:/Meus Sites/2-Ferramental de Mecânica/api-externa360.onilearning.com.br/exemplo-mapa.jpg]
[C:/Meus Sites/2-Ferramental de Mecânica/cdn.jsdelivr.net/npm/bootstrap-icons@1.11.3/font/bootstrap-icons.css]
[C:/Meus Sites/2-Ferramental de Mecânica/scorm.onilearning.com.br/conteudo/novo_scorm/scorm-padrao/padrao/images/banner-trilha.jpg]
[C:/Meus Sites/2-Ferramental de Mecânica/scorm.onilearning.com.br/conteudo/novo_scorm/scorm-padrao/padrao/js/bootstrap.min.js]
[C:/Meus Sites/2-Ferramental de Mecânica/cdn.jsdelivr.net/npm/uikit@3.16.15/dist/js/uikit-icons.min.js]
[C:/Meus Sites/2-Ferramental de Mecânica/scorm.onilearning.com.br/conteudo/novo_scorm/scorm-padrao/padrao/js/main.js]
[C:/Meus Sites/2-Ferramental de Mecânica/scorm.onilearning.com.br/conteudo/componente694d.html]
[C:/Meus Sites/2-Ferramental de Mecânica/scorm.onilearning.com.br/conteudo/assets/img/pdf.svg]
[C:/Meus Sites/2-Ferramental de Mecânica/scorm.onilearning.com.br/conteudo/assets/img/lang_BR.svg]
[C:/Meus Sites/2-Ferramental de Mecânica/scorm.onilearning.com.br/conteudo/assets/img/lang_US.svg]
[C:/Meus Sites/2-Ferramental de Mecânica/scorm.onilearning.com.br/conteudo/assets/img/lang_ES.svg]
[C:/Meus Sites/2-Ferramental de Mecânica/plugin.handtalk.me/web/latest/handtalk.min.js]
[C:/Meus Sites/2-Ferramental de Mecânica/scorm.onilearning.com.br/conteudo/chatpdf/HISTORICO.pdf]
[C:/Meus Sites/2-Ferramental de Mecânica/scorm.onilearning.com.br/conteudo/chat_pdf_onitutor.html]
[C:/Meus Sites/2-Ferramental de Mecânica/scorm.onilearning.com.br/conteudo/POST.html]
[C:/Meus Sites/2-Ferramental de Mecânica/scorm.onilearning.com.br/conteudo/chatpdf/FunPerguntapdf.html]
[C:/Meus Sites/2-Ferramental de Mecânica/scorm.onilearning.com.br/conteudo/chatpdf/carregarConversas.html]
[C:/Meus Sites/2-Ferramental de Mecânica/scorm.onilearning.com.br/conteudo/scripts.html]
[C:/Meus Sites/2-Ferramental de Mecânica/scorm.onilearning.com.br/conteudo/componentee75b.html]
[C:/Meus Sites/2-Ferramental de Mecânica/scorm.onilearning.com.br/conteudo/componente86cf.html]
[C:/Meus Sites/2-Ferramental de Mecânica/scorm.onilearning.com.br/conteudo/componenteeb7b.html]
[C:/Meus Sites/2-Ferramental de Mecânica/scorm.onilearning.com.br/conteudo/novo_scorm/scorm-padrao/padrao/fonts/roboto/Roboto-Thin.woff2]
[C:/Meus Sites/2-Ferramental de Mecânica/scorm.onilearning.com.br/conteudo/novo_scorm/scorm-padrao/padrao/fonts/roboto/Roboto-Thin.woff]
[C:/Meus Sites/2-Ferramental de Mecânica/scorm.onilearning.com.br/conteudo/novo_scorm/scorm-padrao/padrao/fonts/roboto/Roboto-Light.woff2]
[C:/Meus Sites/2-Ferramental de Mecânica/scorm.onilearning.com.br/conteudo/novo_scorm/scorm-padrao/padrao/fonts/roboto/Roboto-Light.woff]
[C:/Meus Sites/2-Ferramental de Mecânica/scorm.onilearning.com.br/conteudo/novo_scorm/scorm-padrao/padrao/fonts/roboto/Roboto-Regular.woff2]
[C:/Meus Sites/2-Ferramental de Mecânica/scorm.onilearning.com.br/conteudo/novo_scorm/scorm-padrao/padrao/fonts/roboto/Roboto-Regular.woff]
[C:/Meus Sites/2-Ferramental de Mecânica/scorm.onilearning.com.br/conteudo/novo_scorm/scorm-padrao/padrao/fonts/roboto/Roboto-Medium.woff2]
[C:/Meus Sites/2-Ferramental de Mecânica/scorm.onilearning.com.br/conteudo/novo_scorm/scorm-padrao/padrao/fonts/roboto/Roboto-Medium.woff]
[C:/Meus Sites/2-Ferramental de Mecânica/scorm.onilearning.com.br/conteudo/novo_scorm/scorm-padrao/padrao/fonts/roboto/Roboto-Bold.woff2]
[C:/Meus Sites/2-Ferramental de Mecânica/scorm.onilearning.com.br/conteudo/novo_scorm/scorm-padrao/padrao/fonts/roboto/Roboto-Bold.woff]
[C:/Meus Sites/2-Ferramental de Mecânica/scorm.onilearning.com.br/conteudo/novo_scorm/scorm-padrao/padrao/css/materialize.min.css]
[C:/Meus Sites/2-Ferramental de Mecânica/scorm.onilearning.com.br/conteudo/novo_scorm/scorm-padrao/padrao/contents/background_computador2.jpg]
[C:/Meus Sites/2-Ferramental de Mecânica/scorm.onilearning.com.br/conteudo/novo_scorm/scorm-padrao/padrao/css/main.css]
[C:/Meus Sites/2-Ferramental de Mecânica/scorm.onilearning.com.br/conteudo/novo_scorm/scorm-padrao/padrao/css/bootstrap-grid.min.css]
[C:/Meus Sites/2-Ferramental de Mecânica/cdn.jsdelivr.net/npm/uikit@3.16.15/dist/css/uikit.min.css]
[C:/Meus Sites/2-Ferramental de Mecânica/scorm.onilearning.com.br/conteudo/componentee9de.html]
[C:/Meus Sites/2-Ferramental de Mecânica/scorm.onilearning.com.br/conteudo/slide8757.pdf]
[C:/Meus Sites/2-Ferramental de Mecânica/scorm.onilearning.com.br/trilha/assets/pdf/build/pdf.js]
[C:/Meus Sites/2-Ferramental de Mecânica/scorm.onilearning.com.br/trilha/assets/pdf/web/viewer.js]
[C:/Meus Sites/2-Ferramental de Mecânica/scorm.onilearning.com.br/conteudo/componentea4e6.html]
[C:/Meus Sites/2-Ferramental de Mecânica/scorm.onilearning.com.br/conteudo/slide2ac7.pdf]
[C:/Meus Sites/2-Ferramental de Mecânica/scorm.onilearning.com.br/conteudo/componente4301.html]
[C:/Meus Sites/2-Ferramental de Mecânica/scorm.onilearning.com.br/conteudo/componente036c.html]
[C:/Meus Sites/2-Ferramental de Mecânica/scorm.onilearning.com.br/conteudo/componente7df6.html]
[C:/Meus Sites/2-Ferramental de Mecânica/cdn.jsdelivr.net/npm/bootstrap-icons@1.11.3/font/bootstrap-icons.css]
[C:/Meus Sites/2-Ferramental de Mecânica/code.jquery.com/jquery-3.2.1.min.js]
[C:/Meus Sites/2-Ferramental de Mecânica/cdn.jsdelivr.net/npm/uikit@3.16.15/dist/js/uikit.min.js]
[C:/Meus Sites/2-Ferramental de Mecânica/cdnjs.cloudflare.com/ajax/libs/jspdf/2.4.0/jspdf.umd.min.js]
[C:/Meus Sites/2-Ferramental de Mecânica/cdnjs.cloudflare.com/ajax/libs/html2pdf.js/0.10.1/html2pdf.bundle.min.js]
[C:/Meus Sites/2-Ferramental de Mecânica/scorm.onilearning.com.br/conteudo/componente25c7.html]
[C:/Meus Sites/2-Ferramental de Mecânica/scorm.onilearning.com.br/conteudo/slide7c3b.pdf]
[C:/Meus Sites/2-Ferramental de Mecânica/scorm.onilearning.com.br/conteudo/componente7752.html]
[C:/Meus Sites/2-Ferramental de Mecânica/scorm.onilearning.com.br/conteudo/slide39d0.pdf]
[C:/Meus Sites/2-Ferramental de Mecânica/scorm.onilearning.com.br/conteudo/componente2f09.html]
[C:/Meus Sites/2-Ferramental de Mecânica/scorm.onilearning.com.br/conteudo/componente59a9.html]
[C:/Meus Sites/2-Ferramental de Mecânica/scorm.onilearning.com.br/conteudo/componente3fbd.html]
[C:/Meus Sites/2-Ferramental de Mecânica/scorm.onilearning.com.br/conteudo/componente182d.html]
[C:/Meus Sites/2-Ferramental de Mecânica/scorm.onilearning.com.br/conteudo/slide9ebb.pdf]
[C:/Meus Sites/2-Ferramental de Mecânica/scorm.onilearning.com.br/conteudo/componentebc82.html]
[C:/Meus Sites/2-Ferramental de Mecânica/scorm.onilearning.com.br/conteudo/slide3b67.pdf]
[C:/Meus Sites/2-Ferramental de Mecânica/scorm.onilearning.com.br/conteudo/componentec9ff.html]
[C:/Meus Sites/2-Ferramental de Mecânica/scorm.onilearning.com.br/conteudo/componente45fc.html]
[C:/Meus Sites/2-Ferramental de Mecânica/scorm.onilearning.com.br/conteudo/componente6368.html]
[C:/Meus Sites/2-Ferramental de Mecânica/scorm.onilearning.com.br/conteudo/componente9a60.html]
[C:/Meus Sites/2-Ferramental de Mecânica/scorm.onilearning.com.br/conteudo/slide7df0.pdf]
[C:/Meus Sites/2-Ferramental de Mecânica/scorm.onilearning.com.br/conteudo/componente1d0a.html]
[C:/Meus Sites/2-Ferramental de Mecânica/scorm.onilearning.com.br/conteudo/slide6850.pdf]
[C:/Meus Sites/2-Ferramental de Mecânica/scorm.onilearning.com.br/conteudo/componentee529.html]
[C:/Meus Sites/2-Ferramental de Mecânica/scorm.onilearning.com.br/conteudo/componente70f2.html]
[C:/Meus Sites/2-Ferramental de Mecânica/scorm.onilearning.com.br/conteudo/componenteb2a9.html]
[C:/Meus Sites/2-Ferramental de Mecânica/scorm.onilearning.com.br/conteudo/componente08fc.html]
[C:/Meus Sites/2-Ferramental de Mecânica/scorm.onilearning.com.br/conteudo/componente1f08.html]
[C:/Meus Sites/2-Ferramental de Mecânica/scorm.onilearning.com.br/conteudo/locale/locale.html]
[C:/Meus Sites/2-Ferramental de Mecânica/scorm.onilearning.com.br/trilha/assets/pdf/web/images/loading-icon.gif]
[C:/Meus Sites/2-Ferramental de Mecânica/scorm.onilearning.com.br/trilha/assets/pdf/web/viewer.css]
[C:/Meus Sites/2-Ferramental de Mecânica/scorm.onilearning.com.br/conteudo/chatpdf/audioQuestion92bd.html]
[C:/Meus Sites/2-Ferramental de Mecânica/scorm.onilearning.com.br/conteudo/componente0305.html]
[C:/Meus Sites/2-Ferramental de Mecânica/scorm.onilearning.com.br/conteudo/componentef551.html]
[C:/Meus Sites/2-Ferramental de Mecânica/scorm.onilearning.com.br/conteudo/dist/hls.js]
[C:/Meus Sites/2-Ferramental de Mecânica/scorm.onilearning.com.br/conteudo/componente2018.html]
[C:/Meus Sites/2-Ferramental de Mecânica/scorm.onilearning.com.br/trilha/assets/pdf/web/images/cursor-editorInk.svg]
[C:/Meus Sites/2-Ferramental de Mecânica/scorm.onilearning.com.br/trilha/assets/pdf/web/images/cursor-editorFreeText.svg]
[C:/Meus Sites/2-Ferramental de Mecânica/scorm.onilearning.com.br/trilha/assets/pdf/web/images/loading.svg]
[C:/Meus Sites/2-Ferramental de Mecânica/scorm.onilearning.com.br/trilha/assets/pdf/web/images/treeitem-expanded.svg]
[C:/Meus Sites/2-Ferramental de Mecânica/scorm.onilearning.com.br/trilha/assets/pdf/web/images/treeitem-collapsed.svg]
[C:/Meus Sites/2-Ferramental de Mecânica/scorm.onilearning.com.br/trilha/assets/pdf/web/images/toolbarButton-editorFreeText.svg]
[C:/Meus Sites/2-Ferramental de Mecânica/scorm.onilearning.com.br/trilha/assets/pdf/web/images/toolbarButton-editorInk.svg]
[C:/Meus Sites/2-Ferramental de Mecânica/scorm.onilearning.com.br/trilha/assets/pdf/web/images/toolbarButton-menuArrow.svg]
[C:/Meus Sites/2-Ferramental de Mecânica/scorm.onilearning.com.br/trilha/assets/pdf/web/images/toolbarButton-sidebarToggle.svg]
[C:/Meus Sites/2-Ferramental de Mecânica/scorm.onilearning.com.br/trilha/assets/pdf/web/images/toolbarButton-secondaryToolbarToggle.svg]
[C:/Meus Sites/2-Ferramental de Mecânica/scorm.onilearning.com.br/trilha/assets/pdf/web/images/toolbarButton-pageUp.svg]
[C:/Meus Sites/2-Ferramental de Mecânica/scorm.onilearning.com.br/trilha/assets/pdf/web/images/toolbarButton-pageDown.svg]
[C:/Meus Sites/2-Ferramental de Mecânica/scorm.onilearning.com.br/trilha/assets/pdf/web/images/toolbarButton-zoomOut.svg]
[C:/Meus Sites/2-Ferramental de Mecânica/scorm.onilearning.com.br/trilha/assets/pdf/web/images/toolbarButton-zoomIn.svg]
[C:/Meus Sites/2-Ferramental de Mecânica/scorm.onilearning.com.br/trilha/assets/pdf/web/images/toolbarButton-presentationMode.svg]
[C:/Meus Sites/2-Ferramental de Mecânica/scorm.onilearning.com.br/trilha/assets/pdf/web/images/toolbarButton-print.svg]
[C:/Meus Sites/2-Ferramental de Mecânica/scorm.onilearning.com.br/trilha/assets/pdf/web/images/toolbarButton-openFile.svg]
[C:/Meus Sites/2-Ferramental de Mecânica/scorm.onilearning.com.br/trilha/assets/pdf/web/images/toolbarButton-download.svg]
[C:/Meus Sites/2-Ferramental de Mecânica/scorm.onilearning.com.br/trilha/assets/pdf/web/images/toolbarButton-bookmark.svg]
[C:/Meus Sites/2-Ferramental de Mecânica/scorm.onilearning.com.br/trilha/assets/pdf/web/images/toolbarButton-viewThumbnail.svg]
[C:/Meus Sites/2-Ferramental de Mecânica/scorm.onilearning.com.br/trilha/assets/pdf/web/images/toolbarButton-viewOutline.svg]
[C:/Meus Sites/2-Ferramental de Mecânica/scorm.onilearning.com.br/trilha/assets/pdf/web/images/toolbarButton-viewAttachments.svg]
[C:/Meus Sites/2-Ferramental de Mecânica/scorm.onilearning.com.br/trilha/assets/pdf/web/images/toolbarButton-viewLayers.svg]
[C:/Meus Sites/2-Ferramental de Mecânica/scorm.onilearning.com.br/trilha/assets/pdf/web/images/toolbarButton-currentOutlineItem.svg]
[C:/Meus Sites/2-Ferramental de Mecânica/scorm.onilearning.com.br/trilha/assets/pdf/web/images/toolbarButton-search.svg]
[C:/Meus Sites/2-Ferramental de Mecânica/scorm.onilearning.com.br/trilha/assets/pdf/web/images/findbarButton-previous.svg]
[C:/Meus Sites/2-Ferramental de Mecânica/scorm.onilearning.com.br/trilha/assets/pdf/web/images/findbarButton-next.svg]
[C:/Meus Sites/2-Ferramental de Mecânica/scorm.onilearning.com.br/trilha/assets/pdf/web/images/secondaryToolbarButton-firstPage.svg]
[C:/Meus Sites/2-Ferramental de Mecânica/scorm.onilearning.com.br/trilha/assets/pdf/web/images/secondaryToolbarButton-lastPage.svg]
[C:/Meus Sites/2-Ferramental de Mecânica/scorm.onilearning.com.br/trilha/assets/pdf/web/images/secondaryToolbarButton-rotateCcw.svg]
[C:/Meus Sites/2-Ferramental de Mecânica/scorm.onilearning.com.br/trilha/assets/pdf/web/images/secondaryToolbarButton-rotateCw.svg]
[C:/Meus Sites/2-Ferramental de Mecânica/scorm.onilearning.com.br/trilha/assets/pdf/web/images/secondaryToolbarButton-selectTool.svg]
[C:/Meus Sites/2-Ferramental de Mecânica/scorm.onilearning.com.br/trilha/assets/pdf/web/images/secondaryToolbarButton-handTool.svg]
[C:/Meus Sites/2-Ferramental de Mecânica/scorm.onilearning.com.br/trilha/assets/pdf/web/images/secondaryToolbarButton-scrollPage.svg]
[C:/Meus Sites/2-Ferramental de Mecânica/scorm.onilearning.com.br/trilha/assets/pdf/web/images/secondaryToolbarButton-scrollVertical.svg]
[C:/Meus Sites/2-Ferramental de Mecânica/scorm.onilearning.com.br/trilha/assets/pdf/web/images/secondaryToolbarButton-scrollHorizontal.svg]
[C:/Meus Sites/2-Ferramental de Mecânica/scorm.onilearning.com.br/trilha/assets/pdf/web/images/secondaryToolbarButton-scrollWrapped.svg]
[C:/Meus Sites/2-Ferramental de Mecânica/scorm.onilearning.com.br/trilha/assets/pdf/web/images/secondaryToolbarButton-spreadNone.svg]
[C:/Meus Sites/2-Ferramental de Mecânica/scorm.onilearning.com.br/trilha/assets/pdf/web/images/secondaryToolbarButton-spreadOdd.svg]
[C:/Meus Sites/2-Ferramental de Mecânica/scorm.onilearning.com.br/trilha/assets/pdf/web/images/secondaryToolbarButton-spreadEven.svg]
[C:/Meus Sites/2-Ferramental de Mecânica/scorm.onilearning.com.br/trilha/assets/pdf/web/images/secondaryToolbarButton-documentProperties.svg]
[C:/Meus Sites/2-Ferramental de Mecânica/scorm.onilearning.com.br/trilha/assets/pdf/web/images/loading-dark.svg]
