[C:/Meus Sites/Ensaios de Máquinas Elétricas/backblue.gif]
[C:/Meus Sites/Ensaios de Máquinas Elétricas/fade.gif]
[C:/Meus Sites/Ensaios de Máquinas Elétricas/index.html]
[C:/Meus Sites/Ensaios de Máquinas Elétricas/scorm.onilearning.com.br/conteudo/assets/img/ONIfavicon-96x96.png]
[C:/Meus Sites/Ensaios de Máquinas Elétricas/scorm.onilearning.com.br/conteudo/assets/css/novaTrilha.css]
[C:/Meus Sites/Ensaios de Máquinas Elétricas/scorm.onilearning.com.br/conteudo/assets/js/acess_scripts.js]
[C:/Meus Sites/Ensaios de Máquinas Elétricas/cdn.jsdelivr.net/npm/@phosphor-icons/web@2.1.1/src/regular/style.css]
[C:/Meus Sites/Ensaios de Máquinas Elétricas/cdn.jsdelivr.net/npm/@phosphor-icons/web@2.1.1/src/bold/style.css]
[C:/Meus Sites/Ensaios de Máquinas Elétricas/cdn.jsdelivr.net/npm/@phosphor-icons/web@2.1.1/src/fill/style.css]
[C:/Meus Sites/Ensaios de Máquinas Elétricas/scorm.onilearning.com.br/conteudo/assets/img/iconografia/modelo-3/icone-1.png]
[C:/Meus Sites/Ensaios de Máquinas Elétricas/scorm.onilearning.com.br/conteudo/assets/img/iconografia/modelo-3/icone-2.png]
[C:/Meus Sites/Ensaios de Máquinas Elétricas/scorm.onilearning.com.br/conteudo/assets/img/iconografia/modelo-3/icone-3.png]
[C:/Meus Sites/Ensaios de Máquinas Elétricas/scorm.onilearning.com.br/conteudo/assets/img/iconografia/modelo-3/icone-4.png]
[C:/Meus Sites/Ensaios de Máquinas Elétricas/scorm.onilearning.com.br/conteudo/assets/img/iconografia/modelo-3/icone-5.png]
[C:/Meus Sites/Ensaios de Máquinas Elétricas/scorm.onilearning.com.br/conteudo/assets/img/iconografia/modelo-3/icone-6.png]
[C:/Meus Sites/Ensaios de Máquinas Elétricas/scorm.onilearning.com.br/conteudo/assets/img/iconografia/modelo-3/icone-7.png]
[C:/Meus Sites/Ensaios de Máquinas Elétricas/scorm.onilearning.com.br/conteudo/assets/img/iconografia/modelo-3/icone-8.png]
[C:/Meus Sites/Ensaios de Máquinas Elétricas/scorm.onilearning.com.br/conteudo/assets/img/iconografia/modelo-3/icone-9.png]
[C:/Meus Sites/Ensaios de Máquinas Elétricas/scorm.onilearning.com.br/conteudo/assets/img/iconografia/modelo-3/icone-10.png]
[C:/Meus Sites/Ensaios de Máquinas Elétricas/scorm.onilearning.com.br/conteudo/assets/img/iconografia/modelo-3/icone-11.png]
[C:/Meus Sites/Ensaios de Máquinas Elétricas/scorm.onilearning.com.br/conteudo/assets/img/iconografia/modelo-3/icone-12.png]
[C:/Meus Sites/Ensaios de Máquinas Elétricas/scorm.onilearning.com.br/conteudo/ebook1a1c.pdf]
[C:/Meus Sites/Ensaios de Máquinas Elétricas/scorm.onilearning.com.br/conteudo/assets/img/lang_ES.svg]
[C:/Meus Sites/Ensaios de Máquinas Elétricas/scorm.onilearning.com.br/conteudo/componente5d92.html]
[C:/Meus Sites/Ensaios de Máquinas Elétricas/scorm.onilearning.com.br/conteudo/ebookfe33.pdf]
[C:/Meus Sites/Ensaios de Máquinas Elétricas/scorm.onilearning.com.br/conteudo/componente4dd1.html]
[C:/Meus Sites/Ensaios de Máquinas Elétricas/scorm.onilearning.com.br/conteudo/ebook59de.pdf]
[C:/Meus Sites/Ensaios de Máquinas Elétricas/scorm.onilearning.com.br/conteudo/componentea7b1.html]
[C:/Meus Sites/Ensaios de Máquinas Elétricas/scorm.onilearning.com.br/conteudo/ebook5e55.pdf]
[C:/Meus Sites/Ensaios de Máquinas Elétricas/scorm.onilearning.com.br/conteudo/componented0c1.html]
[C:/Meus Sites/Ensaios de Máquinas Elétricas/scorm.onilearning.com.br/conteudo/assets/css/reset.css]
[C:/Meus Sites/Ensaios de Máquinas Elétricas/scorm.onilearning.com.br/conteudo/assets/css/novaTrilha.css]
[C:/Meus Sites/Ensaios de Máquinas Elétricas/scorm.onilearning.com.br/conteudo/assets/css/acess_contrast.css]
[C:/Meus Sites/Ensaios de Máquinas Elétricas/scorm.onilearning.com.br/conteudo/assets/css/acess_bar.css]
[C:/Meus Sites/Ensaios de Máquinas Elétricas/cdn.jsdelivr.net/npm/@phosphor-icons/web@2.1.1/src/regular/style.css]
[C:/Meus Sites/Ensaios de Máquinas Elétricas/cdn.jsdelivr.net/npm/@phosphor-icons/web@2.1.1/src/bold/style.css]
[C:/Meus Sites/Ensaios de Máquinas Elétricas/cdn.jsdelivr.net/npm/@phosphor-icons/web@2.1.1/src/fill/style.css]
[C:/Meus Sites/Ensaios de Máquinas Elétricas/cdnjs.cloudflare.com/ajax/libs/jquery/3.6.4/jquery.min.js]
[C:/Meus Sites/Ensaios de Máquinas Elétricas/scorm.onilearning.com.br/conteudo/assets/js/novaTrilha.js]
[C:/Meus Sites/Ensaios de Máquinas Elétricas/scorm.onilearning.com.br/conteudo/novo_scorm/scorm-padrao/padrao/css/materialize.min.css]
[C:/Meus Sites/Ensaios de Máquinas Elétricas/oni360.com.br/externo/onicreative/template/3/dist/hls.js]
[C:/Meus Sites/Ensaios de Máquinas Elétricas/scorm.onilearning.com.br/conteudo/novo_scorm/scorm-padrao/padrao/css/main.css]
[C:/Meus Sites/Ensaios de Máquinas Elétricas/scorm.onilearning.com.br/conteudo/novo_scorm/scorm-padrao/padrao/css/bootstrap-grid.min.css]
[C:/Meus Sites/Ensaios de Máquinas Elétricas/cdn.jsdelivr.net/npm/uikit@3.16.15/dist/css/uikit.min.css]
[C:/Meus Sites/Ensaios de Máquinas Elétricas/api-externa360.onilearning.com.br/exemplo-mapa.jpg]
[C:/Meus Sites/Ensaios de Máquinas Elétricas/cdn.jsdelivr.net/npm/bootstrap-icons@1.11.3/font/bootstrap-icons.css]
[C:/Meus Sites/Ensaios de Máquinas Elétricas/scorm.onilearning.com.br/conteudo/novo_scorm/scorm-padrao/padrao/images/banner-trilha.jpg]
[C:/Meus Sites/Ensaios de Máquinas Elétricas/cdn.jsdelivr.net/npm/uikit@3.16.15/dist/js/uikit-icons.min.js]
[C:/Meus Sites/Ensaios de Máquinas Elétricas/scorm.onilearning.com.br/conteudo/novo_scorm/scorm-padrao/padrao/js/main.js]
[C:/Meus Sites/Ensaios de Máquinas Elétricas/scorm.onilearning.com.br/conteudo/componentec14b.html]
[C:/Meus Sites/Ensaios de Máquinas Elétricas/scorm.onilearning.com.br/conteudo/assets/img/pdf.svg]
[C:/Meus Sites/Ensaios de Máquinas Elétricas/scorm.onilearning.com.br/conteudo/assets/img/lang_BR.svg]
[C:/Meus Sites/Ensaios de Máquinas Elétricas/scorm.onilearning.com.br/conteudo/assets/img/lang_US.svg]
[C:/Meus Sites/Ensaios de Máquinas Elétricas/scorm.onilearning.com.br/conteudo/assets/img/lang_ES.svg]
[C:/Meus Sites/Ensaios de Máquinas Elétricas/cdn.jsdelivr.net/npm/@phosphor-icons/web@2.1.1/src/duotone/style.css]
[C:/Meus Sites/Ensaios de Máquinas Elétricas/plugin.handtalk.me/web/latest/handtalk.min.js]
[C:/Meus Sites/Ensaios de Máquinas Elétricas/scorm.onilearning.com.br/conteudo/chat_pdf_onitutor_moni.html]
[C:/Meus Sites/Ensaios de Máquinas Elétricas/scorm.onilearning.com.br/conteudo/chatpdf/moni_onepage.html]
[C:/Meus Sites/Ensaios de Máquinas Elétricas/scorm.onilearning.com.br/conteudo/POST.html]
[C:/Meus Sites/Ensaios de Máquinas Elétricas/scorm.onilearning.com.br/conteudo/chatpdf/audioQuestion_moni92bd.json]
[C:/Meus Sites/Ensaios de Máquinas Elétricas/scorm.onilearning.com.br/conteudo/audio.html]
[C:/Meus Sites/Ensaios de Máquinas Elétricas/scorm.onilearning.com.br/conteudo/scripts.html]
[C:/Meus Sites/Ensaios de Máquinas Elétricas/scorm.onilearning.com.br/conteudo/componente289b.html]
[C:/Meus Sites/Ensaios de Máquinas Elétricas/scorm.onilearning.com.br/conteudo/componente6c6f.html]
[C:/Meus Sites/Ensaios de Máquinas Elétricas/scorm.onilearning.com.br/conteudo/componente02d4.html]
[C:/Meus Sites/Ensaios de Máquinas Elétricas/scorm.onilearning.com.br/conteudo/novo_scorm/scorm-padrao/padrao/css/materialize.min.css]
[C:/Meus Sites/Ensaios de Máquinas Elétricas/scorm.onilearning.com.br/conteudo/novo_scorm/scorm-padrao/padrao/contents/background_computador2.jpg]
[C:/Meus Sites/Ensaios de Máquinas Elétricas/scorm.onilearning.com.br/conteudo/novo_scorm/scorm-padrao/padrao/css/main.css]
[C:/Meus Sites/Ensaios de Máquinas Elétricas/scorm.onilearning.com.br/conteudo/novo_scorm/scorm-padrao/padrao/css/bootstrap-grid.min.css]
[C:/Meus Sites/Ensaios de Máquinas Elétricas/cdn.jsdelivr.net/npm/uikit@3.16.15/dist/css/uikit.min.css]
[C:/Meus Sites/Ensaios de Máquinas Elétricas/scorm.onilearning.com.br/conteudo/componentea5e2.html]
[C:/Meus Sites/Ensaios de Máquinas Elétricas/scorm.onilearning.com.br/conteudo/slideaed8.pdf]
[C:/Meus Sites/Ensaios de Máquinas Elétricas/scorm.onilearning.com.br/trilha/assets/pdf/web/viewer.css]
[C:/Meus Sites/Ensaios de Máquinas Elétricas/scorm.onilearning.com.br/conteudo/componente031a.html]
[C:/Meus Sites/Ensaios de Máquinas Elétricas/scorm.onilearning.com.br/trilha/assets/pdf/web/viewer.js]
[C:/Meus Sites/Ensaios de Máquinas Elétricas/scorm.onilearning.com.br/conteudo/slidef0f2.pdf]
[C:/Meus Sites/Ensaios de Máquinas Elétricas/scorm.onilearning.com.br/conteudo/componente8ef5.html]
[C:/Meus Sites/Ensaios de Máquinas Elétricas/scorm.onilearning.com.br/conteudo/componente0a5c.html]
[C:/Meus Sites/Ensaios de Máquinas Elétricas/scorm.onilearning.com.br/conteudo/componente72e1.html]
[C:/Meus Sites/Ensaios de Máquinas Elétricas/cdn.jsdelivr.net/npm/bootstrap-icons@1.11.3/font/bootstrap-icons.css]
[C:/Meus Sites/Ensaios de Máquinas Elétricas/cdn.jsdelivr.net/npm/uikit@3.16.15/dist/js/uikit.min.js]
[C:/Meus Sites/Ensaios de Máquinas Elétricas/cdn.jsdelivr.net/npm/@phosphor-icons/web@2.1.1/src/duotone/style.css]
[C:/Meus Sites/Ensaios de Máquinas Elétricas/code.jquery.com/jquery-3.2.1.min.js]
[C:/Meus Sites/Ensaios de Máquinas Elétricas/scorm.onilearning.com.br/conteudo/novo_scorm/scorm-padrao/padrao/js/bootstrap.min.js]
[C:/Meus Sites/Ensaios de Máquinas Elétricas/cdnjs.cloudflare.com/ajax/libs/html2pdf.js/0.10.1/html2pdf.bundle.min.js]
[C:/Meus Sites/Ensaios de Máquinas Elétricas/cdnjs.cloudflare.com/ajax/libs/jspdf/2.4.0/jspdf.umd.min.js]
[C:/Meus Sites/Ensaios de Máquinas Elétricas/scorm.onilearning.com.br/conteudo/componente59d4.html]
[C:/Meus Sites/Ensaios de Máquinas Elétricas/scorm.onilearning.com.br/conteudo/slideb497.pdf]
[C:/Meus Sites/Ensaios de Máquinas Elétricas/scorm.onilearning.com.br/conteudo/componente5313.html]
[C:/Meus Sites/Ensaios de Máquinas Elétricas/scorm.onilearning.com.br/conteudo/slide3bdd.pdf]
[C:/Meus Sites/Ensaios de Máquinas Elétricas/scorm.onilearning.com.br/conteudo/componente752d.html]
[C:/Meus Sites/Ensaios de Máquinas Elétricas/scorm.onilearning.com.br/conteudo/componented7d9.html]
[C:/Meus Sites/Ensaios de Máquinas Elétricas/scorm.onilearning.com.br/conteudo/componentecad1.html]
[C:/Meus Sites/Ensaios de Máquinas Elétricas/scorm.onilearning.com.br/conteudo/componente646b.html]
[C:/Meus Sites/Ensaios de Máquinas Elétricas/scorm.onilearning.com.br/conteudo/slideee6e.pdf]
[C:/Meus Sites/Ensaios de Máquinas Elétricas/scorm.onilearning.com.br/conteudo/componente8c25.html]
[C:/Meus Sites/Ensaios de Máquinas Elétricas/scorm.onilearning.com.br/conteudo/slide291b.pdf]
[C:/Meus Sites/Ensaios de Máquinas Elétricas/scorm.onilearning.com.br/conteudo/componente77ad.html]
[C:/Meus Sites/Ensaios de Máquinas Elétricas/scorm.onilearning.com.br/conteudo/componentea8c0.html]
[C:/Meus Sites/Ensaios de Máquinas Elétricas/scorm.onilearning.com.br/conteudo/componentefcc1.html]
[C:/Meus Sites/Ensaios de Máquinas Elétricas/scorm.onilearning.com.br/conteudo/componente67cb.html]
[C:/Meus Sites/Ensaios de Máquinas Elétricas/scorm.onilearning.com.br/conteudo/slide3373.pdf]
[C:/Meus Sites/Ensaios de Máquinas Elétricas/scorm.onilearning.com.br/conteudo/componente5858.html]
[C:/Meus Sites/Ensaios de Máquinas Elétricas/scorm.onilearning.com.br/conteudo/slide24b1.pdf]
[C:/Meus Sites/Ensaios de Máquinas Elétricas/scorm.onilearning.com.br/conteudo/componente814d.html]
[C:/Meus Sites/Ensaios de Máquinas Elétricas/scorm.onilearning.com.br/conteudo/componentef375.html]
[C:/Meus Sites/Ensaios de Máquinas Elétricas/scorm.onilearning.com.br/conteudo/componente40bb.html]
[C:/Meus Sites/Ensaios de Máquinas Elétricas/scorm.onilearning.com.br/conteudo/componentea247.html]
[C:/Meus Sites/Ensaios de Máquinas Elétricas/scorm.onilearning.com.br/conteudo/componentedef8.html]
[C:/Meus Sites/Ensaios de Máquinas Elétricas/scorm.onilearning.com.br/conteudo/locale/locale.html]
[C:/Meus Sites/Ensaios de Máquinas Elétricas/scorm.onilearning.com.br/trilha/assets/pdf/build/pdf.js]
[C:/Meus Sites/Ensaios de Máquinas Elétricas/scorm.onilearning.com.br/trilha/assets/pdf/web/viewer.css]
[C:/Meus Sites/Ensaios de Máquinas Elétricas/scorm.onilearning.com.br/conteudo/dist/hls.js]
[C:/Meus Sites/Ensaios de Máquinas Elétricas/scorm.onilearning.com.br/conteudo/componente11ce.html]
[C:/Meus Sites/Ensaios de Máquinas Elétricas/scorm.onilearning.com.br/conteudo/componente8c43.html]
[C:/Meus Sites/Ensaios de Máquinas Elétricas/scorm.onilearning.com.br/conteudo/componente97da.html]
[C:/Meus Sites/Ensaios de Máquinas Elétricas/scorm.onilearning.com.br/conteudo/chatpdf/baixarConversaMoni.html]
