[C:/Meus Sites/Segurança em Instalações Elétricas/backblue.gif]
[C:/Meus Sites/Segurança em Instalações Elétricas/fade.gif]
[C:/Meus Sites/Segurança em Instalações Elétricas/index.html]
[C:/Meus Sites/Segurança em Instalações Elétricas/scorm.onilearning.com.br/conteudo/assets/img/ONIfavicon-96x96.png]
[C:/Meus Sites/Segurança em Instalações Elétricas/scorm.onilearning.com.br/conteudo/assets/css/novaTrilha.css]
[C:/Meus Sites/Segurança em Instalações Elétricas/scorm.onilearning.com.br/conteudo/assets/js/acess_scripts.js]
[C:/Meus Sites/Segurança em Instalações Elétricas/cdn.jsdelivr.net/npm/@phosphor-icons/web@2.1.1/src/regular/style.css]
[C:/Meus Sites/Segurança em Instalações Elétricas/cdn.jsdelivr.net/npm/@phosphor-icons/web@2.1.1/src/bold/style.css]
[C:/Meus Sites/Segurança em Instalações Elétricas/cdn.jsdelivr.net/npm/@phosphor-icons/web@2.1.1/src/fill/style.css]
[C:/Meus Sites/Segurança em Instalações Elétricas/oni360.com.br/externo/onicreative/template/3/dist/hls.js]
[C:/Meus Sites/Segurança em Instalações Elétricas/scorm.onilearning.com.br/conteudo/assets/img/iconografia/modelo-3/icone-1.png]
[C:/Meus Sites/Segurança em Instalações Elétricas/scorm.onilearning.com.br/conteudo/assets/img/iconografia/modelo-3/icone-2.png]
[C:/Meus Sites/Segurança em Instalações Elétricas/scorm.onilearning.com.br/conteudo/assets/img/iconografia/modelo-3/icone-3.png]
[C:/Meus Sites/Segurança em Instalações Elétricas/scorm.onilearning.com.br/conteudo/assets/img/iconografia/modelo-3/icone-4.png]
[C:/Meus Sites/Segurança em Instalações Elétricas/scorm.onilearning.com.br/conteudo/assets/img/iconografia/modelo-3/icone-5.png]
[C:/Meus Sites/Segurança em Instalações Elétricas/scorm.onilearning.com.br/conteudo/assets/img/iconografia/modelo-3/icone-6.png]
[C:/Meus Sites/Segurança em Instalações Elétricas/scorm.onilearning.com.br/conteudo/assets/img/iconografia/modelo-3/icone-7.png]
[C:/Meus Sites/Segurança em Instalações Elétricas/scorm.onilearning.com.br/conteudo/assets/img/iconografia/modelo-3/icone-8.png]
[C:/Meus Sites/Segurança em Instalações Elétricas/scorm.onilearning.com.br/conteudo/assets/img/iconografia/modelo-3/icone-9.png]
[C:/Meus Sites/Segurança em Instalações Elétricas/scorm.onilearning.com.br/conteudo/assets/img/iconografia/modelo-3/icone-10.png]
[C:/Meus Sites/Segurança em Instalações Elétricas/scorm.onilearning.com.br/conteudo/assets/img/iconografia/modelo-3/icone-11.png]
[C:/Meus Sites/Segurança em Instalações Elétricas/scorm.onilearning.com.br/conteudo/assets/img/iconografia/modelo-3/icone-12.png]
[C:/Meus Sites/Segurança em Instalações Elétricas/scorm.onilearning.com.br/conteudo/ebookbfe4.pdf]
[C:/Meus Sites/Segurança em Instalações Elétricas/scorm.onilearning.com.br/conteudo/assets/img/lang_ES.svg]
[C:/Meus Sites/Segurança em Instalações Elétricas/scorm.onilearning.com.br/conteudo/arquivo-pdff944.pdf]
[C:/Meus Sites/Segurança em Instalações Elétricas/scorm.onilearning.com.br/conteudo/componente2882.html]
[C:/Meus Sites/Segurança em Instalações Elétricas/scorm.onilearning.com.br/conteudo/ebook41b5.pdf]
[C:/Meus Sites/Segurança em Instalações Elétricas/scorm.onilearning.com.br/conteudo/arquivo-pdfb721.pdf]
[C:/Meus Sites/Segurança em Instalações Elétricas/scorm.onilearning.com.br/conteudo/componente3b1f.html]
[C:/Meus Sites/Segurança em Instalações Elétricas/scorm.onilearning.com.br/conteudo/ebook0cf5.pdf]
[C:/Meus Sites/Segurança em Instalações Elétricas/scorm.onilearning.com.br/conteudo/arquivo-pdf8a56.pdf]
[C:/Meus Sites/Segurança em Instalações Elétricas/scorm.onilearning.com.br/conteudo/componentec736.html]
[C:/Meus Sites/Segurança em Instalações Elétricas/scorm.onilearning.com.br/conteudo/ebook92f8.pdf]
[C:/Meus Sites/Segurança em Instalações Elétricas/scorm.onilearning.com.br/conteudo/arquivo-pdf5ee8.pdf]
[C:/Meus Sites/Segurança em Instalações Elétricas/scorm.onilearning.com.br/conteudo/componentebed9.html]
[C:/Meus Sites/Segurança em Instalações Elétricas/scorm.onilearning.com.br/conteudo/assets/css/reset.css]
[C:/Meus Sites/Segurança em Instalações Elétricas/scorm.onilearning.com.br/conteudo/assets/css/novaTrilha.css]
[C:/Meus Sites/Segurança em Instalações Elétricas/scorm.onilearning.com.br/conteudo/assets/css/acess_contrast.css]
[C:/Meus Sites/Segurança em Instalações Elétricas/scorm.onilearning.com.br/conteudo/assets/css/acess_bar.css]
[C:/Meus Sites/Segurança em Instalações Elétricas/cdn.jsdelivr.net/npm/@phosphor-icons/web@2.1.1/src/regular/style.css]
[C:/Meus Sites/Segurança em Instalações Elétricas/cdn.jsdelivr.net/npm/@phosphor-icons/web@2.1.1/src/bold/style.css]
[C:/Meus Sites/Segurança em Instalações Elétricas/cdn.jsdelivr.net/npm/@phosphor-icons/web@2.1.1/src/fill/style.css]
[C:/Meus Sites/Segurança em Instalações Elétricas/cdnjs.cloudflare.com/ajax/libs/jquery/3.6.4/jquery.min.js]
[C:/Meus Sites/Segurança em Instalações Elétricas/scorm.onilearning.com.br/conteudo/assets/js/novaTrilha.js]
[C:/Meus Sites/Segurança em Instalações Elétricas/scorm.onilearning.com.br/conteudo/novo_scorm/scorm-padrao/padrao/css/materialize.min.css]
[C:/Meus Sites/Segurança em Instalações Elétricas/scorm.onilearning.com.br/conteudo/novo_scorm/scorm-padrao/padrao/css/main.css]
[C:/Meus Sites/Segurança em Instalações Elétricas/scorm.onilearning.com.br/conteudo/novo_scorm/scorm-padrao/padrao/css/bootstrap-grid.min.css]
[C:/Meus Sites/Segurança em Instalações Elétricas/cdn.jsdelivr.net/npm/uikit@3.16.15/dist/css/uikit.min.css]
[C:/Meus Sites/Segurança em Instalações Elétricas/api-externa360.onilearning.com.br/exemplo-mapa.jpg]
[C:/Meus Sites/Segurança em Instalações Elétricas/cdn.jsdelivr.net/npm/bootstrap-icons@1.11.3/font/bootstrap-icons.css]
[C:/Meus Sites/Segurança em Instalações Elétricas/scorm.onilearning.com.br/conteudo/novo_scorm/scorm-padrao/padrao/images/banner-trilha.jpg]
[C:/Meus Sites/Segurança em Instalações Elétricas/cdn.jsdelivr.net/npm/uikit@3.16.15/dist/js/uikit-icons.min.js]
[C:/Meus Sites/Segurança em Instalações Elétricas/scorm.onilearning.com.br/conteudo/novo_scorm/scorm-padrao/padrao/js/main.js]
[C:/Meus Sites/Segurança em Instalações Elétricas/scorm.onilearning.com.br/conteudo/componentecaaa.html]
[C:/Meus Sites/Segurança em Instalações Elétricas/scorm.onilearning.com.br/conteudo/assets/img/pdf.svg]
[C:/Meus Sites/Segurança em Instalações Elétricas/scorm.onilearning.com.br/conteudo/assets/img/lang_BR.svg]
[C:/Meus Sites/Segurança em Instalações Elétricas/scorm.onilearning.com.br/conteudo/assets/img/lang_US.svg]
[C:/Meus Sites/Segurança em Instalações Elétricas/scorm.onilearning.com.br/conteudo/assets/img/lang_ES.svg]
[C:/Meus Sites/Segurança em Instalações Elétricas/plugin.handtalk.me/web/latest/handtalk.min.js]
[C:/Meus Sites/Segurança em Instalações Elétricas/scorm.onilearning.com.br/conteudo/chatpdf/HISTORICO.pdf]
[C:/Meus Sites/Segurança em Instalações Elétricas/scorm.onilearning.com.br/conteudo/chat_pdf_onitutor.html]
[C:/Meus Sites/Segurança em Instalações Elétricas/scorm.onilearning.com.br/conteudo/POST.html]
[C:/Meus Sites/Segurança em Instalações Elétricas/scorm.onilearning.com.br/conteudo/chatpdf/FunPerguntapdf.html]
[C:/Meus Sites/Segurança em Instalações Elétricas/scorm.onilearning.com.br/conteudo/chatpdf/carregarConversas.html]
[C:/Meus Sites/Segurança em Instalações Elétricas/scorm.onilearning.com.br/conteudo/scripts.html]
[C:/Meus Sites/Segurança em Instalações Elétricas/scorm.onilearning.com.br/conteudo/componente4646.html]
[C:/Meus Sites/Segurança em Instalações Elétricas/scorm.onilearning.com.br/conteudo/componente174b.html]
[C:/Meus Sites/Segurança em Instalações Elétricas/scorm.onilearning.com.br/conteudo/componente4bcc.html]
[C:/Meus Sites/Segurança em Instalações Elétricas/scorm.onilearning.com.br/conteudo/novo_scorm/scorm-padrao/padrao/css/materialize.min.css]
[C:/Meus Sites/Segurança em Instalações Elétricas/scorm.onilearning.com.br/conteudo/novo_scorm/scorm-padrao/padrao/contents/background_computador2.jpg]
[C:/Meus Sites/Segurança em Instalações Elétricas/scorm.onilearning.com.br/conteudo/novo_scorm/scorm-padrao/padrao/css/main.css]
[C:/Meus Sites/Segurança em Instalações Elétricas/scorm.onilearning.com.br/conteudo/novo_scorm/scorm-padrao/padrao/css/bootstrap-grid.min.css]
[C:/Meus Sites/Segurança em Instalações Elétricas/cdn.jsdelivr.net/npm/uikit@3.16.15/dist/css/uikit.min.css]
[C:/Meus Sites/Segurança em Instalações Elétricas/scorm.onilearning.com.br/conteudo/componente28c2.html]
[C:/Meus Sites/Segurança em Instalações Elétricas/scorm.onilearning.com.br/conteudo/slide9ca4.pdf]
[C:/Meus Sites/Segurança em Instalações Elétricas/scorm.onilearning.com.br/trilha/assets/pdf/web/viewer.css]
[C:/Meus Sites/Segurança em Instalações Elétricas/scorm.onilearning.com.br/conteudo/componentef1d5.html]
[C:/Meus Sites/Segurança em Instalações Elétricas/scorm.onilearning.com.br/trilha/assets/pdf/web/viewer.js]
[C:/Meus Sites/Segurança em Instalações Elétricas/scorm.onilearning.com.br/conteudo/slide7cb1.pdf]
[C:/Meus Sites/Segurança em Instalações Elétricas/scorm.onilearning.com.br/conteudo/componente2640.html]
[C:/Meus Sites/Segurança em Instalações Elétricas/scorm.onilearning.com.br/conteudo/componente130c.html]
[C:/Meus Sites/Segurança em Instalações Elétricas/scorm.onilearning.com.br/conteudo/componente2155.html]
[C:/Meus Sites/Segurança em Instalações Elétricas/cdn.jsdelivr.net/npm/bootstrap-icons@1.11.3/font/bootstrap-icons.css]
[C:/Meus Sites/Segurança em Instalações Elétricas/cdn.jsdelivr.net/npm/uikit@3.16.15/dist/js/uikit.min.js]
[C:/Meus Sites/Segurança em Instalações Elétricas/code.jquery.com/jquery-3.2.1.min.js]
[C:/Meus Sites/Segurança em Instalações Elétricas/cdnjs.cloudflare.com/ajax/libs/html2pdf.js/0.10.1/html2pdf.bundle.min.js]
[C:/Meus Sites/Segurança em Instalações Elétricas/cdnjs.cloudflare.com/ajax/libs/jspdf/2.4.0/jspdf.umd.min.js]
[C:/Meus Sites/Segurança em Instalações Elétricas/scorm.onilearning.com.br/conteudo/novo_scorm/scorm-padrao/padrao/js/bootstrap.min.js]
[C:/Meus Sites/Segurança em Instalações Elétricas/scorm.onilearning.com.br/conteudo/componente5f66.html]
[C:/Meus Sites/Segurança em Instalações Elétricas/scorm.onilearning.com.br/conteudo/slide203d.pdf]
[C:/Meus Sites/Segurança em Instalações Elétricas/scorm.onilearning.com.br/conteudo/componente28c8.html]
[C:/Meus Sites/Segurança em Instalações Elétricas/scorm.onilearning.com.br/conteudo/slide229e.pdf]
[C:/Meus Sites/Segurança em Instalações Elétricas/scorm.onilearning.com.br/conteudo/componentee65e.html]
[C:/Meus Sites/Segurança em Instalações Elétricas/scorm.onilearning.com.br/conteudo/componente5488.html]
[C:/Meus Sites/Segurança em Instalações Elétricas/scorm.onilearning.com.br/conteudo/componente7ea6.html]
[C:/Meus Sites/Segurança em Instalações Elétricas/scorm.onilearning.com.br/conteudo/componentec943.html]
[C:/Meus Sites/Segurança em Instalações Elétricas/scorm.onilearning.com.br/conteudo/slidefbba.pdf]
[C:/Meus Sites/Segurança em Instalações Elétricas/scorm.onilearning.com.br/conteudo/componentebea1.html]
[C:/Meus Sites/Segurança em Instalações Elétricas/scorm.onilearning.com.br/conteudo/slide571a.pdf]
[C:/Meus Sites/Segurança em Instalações Elétricas/scorm.onilearning.com.br/conteudo/componente7540.html]
[C:/Meus Sites/Segurança em Instalações Elétricas/scorm.onilearning.com.br/conteudo/componente03b6.html]
[C:/Meus Sites/Segurança em Instalações Elétricas/scorm.onilearning.com.br/conteudo/componente62f4.html]
[C:/Meus Sites/Segurança em Instalações Elétricas/scorm.onilearning.com.br/conteudo/componentec812.html]
[C:/Meus Sites/Segurança em Instalações Elétricas/scorm.onilearning.com.br/conteudo/slide66a9.pdf]
[C:/Meus Sites/Segurança em Instalações Elétricas/scorm.onilearning.com.br/conteudo/componente62ca.html]
[C:/Meus Sites/Segurança em Instalações Elétricas/scorm.onilearning.com.br/conteudo/slide6386.pdf]
[C:/Meus Sites/Segurança em Instalações Elétricas/scorm.onilearning.com.br/conteudo/componente0887.html]
[C:/Meus Sites/Segurança em Instalações Elétricas/scorm.onilearning.com.br/conteudo/componente75d6.html]
[C:/Meus Sites/Segurança em Instalações Elétricas/scorm.onilearning.com.br/conteudo/componenteb4e5.html]
[C:/Meus Sites/Segurança em Instalações Elétricas/scorm.onilearning.com.br/conteudo/componente1c6e.html]
[C:/Meus Sites/Segurança em Instalações Elétricas/scorm.onilearning.com.br/conteudo/componente2723.html]
[C:/Meus Sites/Segurança em Instalações Elétricas/scorm.onilearning.com.br/conteudo/locale/locale.html]
[C:/Meus Sites/Segurança em Instalações Elétricas/scorm.onilearning.com.br/trilha/assets/pdf/web/viewer.css]
[C:/Meus Sites/Segurança em Instalações Elétricas/scorm.onilearning.com.br/conteudo/chatpdf/audioQuestion92bd.html]
[C:/Meus Sites/Segurança em Instalações Elétricas/scorm.onilearning.com.br/conteudo/componente8b8b.html]
[C:/Meus Sites/Segurança em Instalações Elétricas/scorm.onilearning.com.br/conteudo/componente07b4.html]
[C:/Meus Sites/Segurança em Instalações Elétricas/scorm.onilearning.com.br/conteudo/componentee59d.html]
[C:/Meus Sites/Segurança em Instalações Elétricas/scorm.onilearning.com.br/trilha/assets/pdf/build/pdf.js]
[C:/Meus Sites/Segurança em Instalações Elétricas/scorm.onilearning.com.br/conteudo/dist/hls.js]
