[C:/Meus Sites/Eletrônica Industrial/backblue.gif]
[C:/Meus Sites/Eletrônica Industrial/fade.gif]
[C:/Meus Sites/Eletrônica Industrial/index.html]
[C:/Meus Sites/Eletrônica Industrial/scorm.onilearning.com.br/conteudo/assets/img/ONIfavicon-96x96.png]
[C:/Meus Sites/Eletrônica Industrial/scorm.onilearning.com.br/conteudo/assets/css/novaTrilha.css]
[C:/Meus Sites/Eletrônica Industrial/scorm.onilearning.com.br/conteudo/assets/js/acess_scripts.js]
[C:/Meus Sites/Eletrônica Industrial/cdn.jsdelivr.net/npm/@phosphor-icons/web@2.1.1/src/regular/style.css]
[C:/Meus Sites/Eletrônica Industrial/cdn.jsdelivr.net/npm/@phosphor-icons/web@2.1.1/src/bold/style.css]
[C:/Meus Sites/Eletrônica Industrial/cdn.jsdelivr.net/npm/@phosphor-icons/web@2.1.1/src/fill/style.css]
[C:/Meus Sites/Eletrônica Industrial/oni360.com.br/externo/onicreative/template/3/dist/hls.js]
[C:/Meus Sites/Eletrônica Industrial/scorm.onilearning.com.br/conteudo/assets/img/iconografia/modelo-3/icone-1.png]
[C:/Meus Sites/Eletrônica Industrial/scorm.onilearning.com.br/conteudo/assets/img/iconografia/modelo-3/icone-2.png]
[C:/Meus Sites/Eletrônica Industrial/scorm.onilearning.com.br/conteudo/assets/img/iconografia/modelo-3/icone-3.png]
[C:/Meus Sites/Eletrônica Industrial/scorm.onilearning.com.br/conteudo/assets/img/iconografia/modelo-3/icone-4.png]
[C:/Meus Sites/Eletrônica Industrial/scorm.onilearning.com.br/conteudo/assets/img/iconografia/modelo-3/icone-5.png]
[C:/Meus Sites/Eletrônica Industrial/scorm.onilearning.com.br/conteudo/assets/img/iconografia/modelo-3/icone-6.png]
[C:/Meus Sites/Eletrônica Industrial/scorm.onilearning.com.br/conteudo/assets/img/iconografia/modelo-3/icone-7.png]
[C:/Meus Sites/Eletrônica Industrial/scorm.onilearning.com.br/conteudo/assets/img/iconografia/modelo-3/icone-8.png]
[C:/Meus Sites/Eletrônica Industrial/scorm.onilearning.com.br/conteudo/assets/img/iconografia/modelo-3/icone-9.png]
[C:/Meus Sites/Eletrônica Industrial/scorm.onilearning.com.br/conteudo/assets/img/iconografia/modelo-3/icone-10.png]
[C:/Meus Sites/Eletrônica Industrial/scorm.onilearning.com.br/conteudo/assets/img/iconografia/modelo-3/icone-11.png]
[C:/Meus Sites/Eletrônica Industrial/scorm.onilearning.com.br/conteudo/assets/img/iconografia/modelo-3/icone-12.png]
[C:/Meus Sites/Eletrônica Industrial/scorm.onilearning.com.br/conteudo/ebook234d.pdf]
[C:/Meus Sites/Eletrônica Industrial/scorm.onilearning.com.br/conteudo/componente87c9.html]
[C:/Meus Sites/Eletrônica Industrial/scorm.onilearning.com.br/conteudo/ebook4d39.pdf]
[C:/Meus Sites/Eletrônica Industrial/scorm.onilearning.com.br/conteudo/componentee514.html]
[C:/Meus Sites/Eletrônica Industrial/scorm.onilearning.com.br/conteudo/ebook3959.pdf]
[C:/Meus Sites/Eletrônica Industrial/scorm.onilearning.com.br/conteudo/componente98d0.html]
[C:/Meus Sites/Eletrônica Industrial/scorm.onilearning.com.br/conteudo/ebook1c4c.pdf]
[C:/Meus Sites/Eletrônica Industrial/scorm.onilearning.com.br/conteudo/componente95e9.html]
[C:/Meus Sites/Eletrônica Industrial/scorm.onilearning.com.br/conteudo/assets/css/reset.css]
[C:/Meus Sites/Eletrônica Industrial/scorm.onilearning.com.br/conteudo/assets/css/novaTrilha.css]
[C:/Meus Sites/Eletrônica Industrial/scorm.onilearning.com.br/conteudo/assets/css/acess_contrast.css]
[C:/Meus Sites/Eletrônica Industrial/scorm.onilearning.com.br/conteudo/assets/css/acess_bar.css]
[C:/Meus Sites/Eletrônica Industrial/cdn.jsdelivr.net/npm/@phosphor-icons/web@2.1.1/src/regular/style.css]
[C:/Meus Sites/Eletrônica Industrial/cdn.jsdelivr.net/npm/@phosphor-icons/web@2.1.1/src/bold/style.css]
[C:/Meus Sites/Eletrônica Industrial/cdn.jsdelivr.net/npm/@phosphor-icons/web@2.1.1/src/fill/style.css]
[C:/Meus Sites/Eletrônica Industrial/scorm.onilearning.com.br/conteudo/assets/js/novaTrilha.js]
[C:/Meus Sites/Eletrônica Industrial/cdnjs.cloudflare.com/ajax/libs/jquery/3.6.4/jquery.min.js]
[C:/Meus Sites/Eletrônica Industrial/scorm.onilearning.com.br/conteudo/novo_scorm/scorm-padrao/padrao/css/materialize.min.css]
[C:/Meus Sites/Eletrônica Industrial/scorm.onilearning.com.br/conteudo/novo_scorm/scorm-padrao/padrao/css/main.css]
[C:/Meus Sites/Eletrônica Industrial/scorm.onilearning.com.br/conteudo/novo_scorm/scorm-padrao/padrao/css/bootstrap-grid.min.css]
[C:/Meus Sites/Eletrônica Industrial/cdn.jsdelivr.net/npm/uikit@3.16.15/dist/css/uikit.min.css]
[C:/Meus Sites/Eletrônica Industrial/api-externa360.onilearning.com.br/exemplo-mapa.jpg]
[C:/Meus Sites/Eletrônica Industrial/cdn.jsdelivr.net/npm/bootstrap-icons@1.11.3/font/bootstrap-icons.css]
[C:/Meus Sites/Eletrônica Industrial/scorm.onilearning.com.br/conteudo/novo_scorm/scorm-padrao/padrao/images/banner-trilha.jpg]
[C:/Meus Sites/Eletrônica Industrial/cdn.jsdelivr.net/npm/uikit@3.16.15/dist/js/uikit-icons.min.js]
[C:/Meus Sites/Eletrônica Industrial/scorm.onilearning.com.br/conteudo/novo_scorm/scorm-padrao/padrao/js/main.js]
[C:/Meus Sites/Eletrônica Industrial/scorm.onilearning.com.br/conteudo/componente5c9d.html]
[C:/Meus Sites/Eletrônica Industrial/scorm.onilearning.com.br/conteudo/assets/img/pdf.svg]
[C:/Meus Sites/Eletrônica Industrial/scorm.onilearning.com.br/conteudo/assets/img/lang_BR.svg]
[C:/Meus Sites/Eletrônica Industrial/scorm.onilearning.com.br/conteudo/assets/img/lang_US.svg]
[C:/Meus Sites/Eletrônica Industrial/scorm.onilearning.com.br/conteudo/assets/img/lang_ES.svg]
[C:/Meus Sites/Eletrônica Industrial/cdn.jsdelivr.net/npm/@phosphor-icons/web@2.1.1/src/duotone/style.css]
[C:/Meus Sites/Eletrônica Industrial/plugin.handtalk.me/web/latest/handtalk.min.js]
[C:/Meus Sites/Eletrônica Industrial/scorm.onilearning.com.br/conteudo/chat_pdf_onitutor_moni.html]
[C:/Meus Sites/Eletrônica Industrial/scorm.onilearning.com.br/conteudo/chatpdf/moni_onepage.html]
[C:/Meus Sites/Eletrônica Industrial/scorm.onilearning.com.br/conteudo/POST.html]
[C:/Meus Sites/Eletrônica Industrial/scorm.onilearning.com.br/conteudo/chatpdf/audioQuestion_moni92bd.json]
[C:/Meus Sites/Eletrônica Industrial/scorm.onilearning.com.br/conteudo/audio.html]
[C:/Meus Sites/Eletrônica Industrial/scorm.onilearning.com.br/conteudo/scripts.html]
[C:/Meus Sites/Eletrônica Industrial/scorm.onilearning.com.br/conteudo/componenteb0f7.html]
[C:/Meus Sites/Eletrônica Industrial/scorm.onilearning.com.br/conteudo/componenteea94.html]
[C:/Meus Sites/Eletrônica Industrial/scorm.onilearning.com.br/conteudo/componenteeb0c.html]
[C:/Meus Sites/Eletrônica Industrial/scorm.onilearning.com.br/conteudo/novo_scorm/scorm-padrao/padrao/css/materialize.min.css]
[C:/Meus Sites/Eletrônica Industrial/scorm.onilearning.com.br/conteudo/novo_scorm/scorm-padrao/padrao/contents/background_computador2.jpg]
[C:/Meus Sites/Eletrônica Industrial/scorm.onilearning.com.br/conteudo/novo_scorm/scorm-padrao/padrao/css/main.css]
[C:/Meus Sites/Eletrônica Industrial/scorm.onilearning.com.br/conteudo/novo_scorm/scorm-padrao/padrao/css/bootstrap-grid.min.css]
[C:/Meus Sites/Eletrônica Industrial/cdn.jsdelivr.net/npm/uikit@3.16.15/dist/css/uikit.min.css]
[C:/Meus Sites/Eletrônica Industrial/scorm.onilearning.com.br/conteudo/componente6262.html]
[C:/Meus Sites/Eletrônica Industrial/scorm.onilearning.com.br/conteudo/slidececf.pdf]
[C:/Meus Sites/Eletrônica Industrial/scorm.onilearning.com.br/conteudo/componente1983.html]
[C:/Meus Sites/Eletrônica Industrial/scorm.onilearning.com.br/trilha/assets/pdf/web/viewer.js]
[C:/Meus Sites/Eletrônica Industrial/scorm.onilearning.com.br/conteudo/slide588f.pdf]
[C:/Meus Sites/Eletrônica Industrial/scorm.onilearning.com.br/conteudo/componented54e.html]
[C:/Meus Sites/Eletrônica Industrial/scorm.onilearning.com.br/conteudo/dist/hls.js]
[C:/Meus Sites/Eletrônica Industrial/scorm.onilearning.com.br/conteudo/componente98f3.html]
[C:/Meus Sites/Eletrônica Industrial/scorm.onilearning.com.br/conteudo/componente7b6e.html]
[C:/Meus Sites/Eletrônica Industrial/cdn.jsdelivr.net/npm/bootstrap-icons@1.11.3/font/bootstrap-icons.css]
[C:/Meus Sites/Eletrônica Industrial/code.jquery.com/jquery-3.2.1.min.js]
[C:/Meus Sites/Eletrônica Industrial/cdn.jsdelivr.net/npm/@phosphor-icons/web@2.1.1/src/duotone/style.css]
[C:/Meus Sites/Eletrônica Industrial/cdn.jsdelivr.net/npm/uikit@3.16.15/dist/js/uikit.min.js]
[C:/Meus Sites/Eletrônica Industrial/cdnjs.cloudflare.com/ajax/libs/jspdf/2.4.0/jspdf.umd.min.js]
[C:/Meus Sites/Eletrônica Industrial/scorm.onilearning.com.br/conteudo/novo_scorm/scorm-padrao/padrao/js/bootstrap.min.js]
[C:/Meus Sites/Eletrônica Industrial/cdnjs.cloudflare.com/ajax/libs/html2pdf.js/0.10.1/html2pdf.bundle.min.js]
[C:/Meus Sites/Eletrônica Industrial/scorm.onilearning.com.br/conteudo/componente5137.html]
[C:/Meus Sites/Eletrônica Industrial/scorm.onilearning.com.br/conteudo/slide3974.pdf]
[C:/Meus Sites/Eletrônica Industrial/scorm.onilearning.com.br/conteudo/componente4744.html]
[C:/Meus Sites/Eletrônica Industrial/scorm.onilearning.com.br/conteudo/slide864e.pdf]
[C:/Meus Sites/Eletrônica Industrial/scorm.onilearning.com.br/conteudo/componente50aa.html]
[C:/Meus Sites/Eletrônica Industrial/scorm.onilearning.com.br/conteudo/componente2059.html]
[C:/Meus Sites/Eletrônica Industrial/scorm.onilearning.com.br/conteudo/componente8db6.html]
[C:/Meus Sites/Eletrônica Industrial/scorm.onilearning.com.br/conteudo/componente5744.html]
[C:/Meus Sites/Eletrônica Industrial/scorm.onilearning.com.br/conteudo/slide118a.pdf]
[C:/Meus Sites/Eletrônica Industrial/scorm.onilearning.com.br/conteudo/componente363c.html]
[C:/Meus Sites/Eletrônica Industrial/scorm.onilearning.com.br/conteudo/slidec152.pdf]
[C:/Meus Sites/Eletrônica Industrial/scorm.onilearning.com.br/conteudo/componente2601.html]
[C:/Meus Sites/Eletrônica Industrial/scorm.onilearning.com.br/conteudo/componenteaf1e.html]
[C:/Meus Sites/Eletrônica Industrial/scorm.onilearning.com.br/conteudo/componente686c.html]
[C:/Meus Sites/Eletrônica Industrial/scorm.onilearning.com.br/conteudo/componentecb7b.html]
[C:/Meus Sites/Eletrônica Industrial/scorm.onilearning.com.br/conteudo/slide0976.pdf]
[C:/Meus Sites/Eletrônica Industrial/scorm.onilearning.com.br/conteudo/componentead96.html]
[C:/Meus Sites/Eletrônica Industrial/scorm.onilearning.com.br/conteudo/slidee883.pdf]
[C:/Meus Sites/Eletrônica Industrial/scorm.onilearning.com.br/conteudo/componente0d39.html]
[C:/Meus Sites/Eletrônica Industrial/scorm.onilearning.com.br/conteudo/componentee7ca.html]
[C:/Meus Sites/Eletrônica Industrial/scorm.onilearning.com.br/conteudo/componente765d.html]
[C:/Meus Sites/Eletrônica Industrial/scorm.onilearning.com.br/conteudo/componente03d6.html]
[C:/Meus Sites/Eletrônica Industrial/scorm.onilearning.com.br/conteudo/componente3ee2.html]
[C:/Meus Sites/Eletrônica Industrial/scorm.onilearning.com.br/conteudo/locale/locale.html]
[C:/Meus Sites/Eletrônica Industrial/scorm.onilearning.com.br/trilha/assets/pdf/build/pdf.js]
[C:/Meus Sites/Eletrônica Industrial/scorm.onilearning.com.br/trilha/assets/pdf/web/images/loading-icon.gif]
[C:/Meus Sites/Eletrônica Industrial/scorm.onilearning.com.br/trilha/assets/pdf/web/viewer.css]
[C:/Meus Sites/Eletrônica Industrial/scorm.onilearning.com.br/conteudo/componenteea0b.html]
[C:/Meus Sites/Eletrônica Industrial/scorm.onilearning.com.br/conteudo/componenteb5c0.html]
[C:/Meus Sites/Eletrônica Industrial/scorm.onilearning.com.br/conteudo/componente24b5.html]
[C:/Meus Sites/Eletrônica Industrial/scorm.onilearning.com.br/trilha/assets/pdf/web/images/cursor-editorInk.svg]
[C:/Meus Sites/Eletrônica Industrial/scorm.onilearning.com.br/trilha/assets/pdf/web/images/cursor-editorFreeText.svg]
[C:/Meus Sites/Eletrônica Industrial/scorm.onilearning.com.br/trilha/assets/pdf/web/images/loading.svg]
[C:/Meus Sites/Eletrônica Industrial/scorm.onilearning.com.br/trilha/assets/pdf/web/images/treeitem-expanded.svg]
[C:/Meus Sites/Eletrônica Industrial/scorm.onilearning.com.br/trilha/assets/pdf/web/images/treeitem-collapsed.svg]
[C:/Meus Sites/Eletrônica Industrial/scorm.onilearning.com.br/trilha/assets/pdf/web/images/toolbarButton-editorFreeText.svg]
[C:/Meus Sites/Eletrônica Industrial/scorm.onilearning.com.br/trilha/assets/pdf/web/images/toolbarButton-editorInk.svg]
[C:/Meus Sites/Eletrônica Industrial/scorm.onilearning.com.br/trilha/assets/pdf/web/images/toolbarButton-menuArrow.svg]
[C:/Meus Sites/Eletrônica Industrial/scorm.onilearning.com.br/trilha/assets/pdf/web/images/toolbarButton-sidebarToggle.svg]
[C:/Meus Sites/Eletrônica Industrial/scorm.onilearning.com.br/trilha/assets/pdf/web/images/toolbarButton-secondaryToolbarToggle.svg]
[C:/Meus Sites/Eletrônica Industrial/scorm.onilearning.com.br/trilha/assets/pdf/web/images/toolbarButton-pageUp.svg]
[C:/Meus Sites/Eletrônica Industrial/scorm.onilearning.com.br/trilha/assets/pdf/web/images/toolbarButton-pageDown.svg]
[C:/Meus Sites/Eletrônica Industrial/scorm.onilearning.com.br/trilha/assets/pdf/web/images/toolbarButton-zoomOut.svg]
[C:/Meus Sites/Eletrônica Industrial/scorm.onilearning.com.br/trilha/assets/pdf/web/images/toolbarButton-zoomIn.svg]
[C:/Meus Sites/Eletrônica Industrial/scorm.onilearning.com.br/trilha/assets/pdf/web/images/toolbarButton-presentationMode.svg]
[C:/Meus Sites/Eletrônica Industrial/scorm.onilearning.com.br/trilha/assets/pdf/web/images/toolbarButton-print.svg]
[C:/Meus Sites/Eletrônica Industrial/scorm.onilearning.com.br/trilha/assets/pdf/web/images/toolbarButton-openFile.svg]
[C:/Meus Sites/Eletrônica Industrial/scorm.onilearning.com.br/trilha/assets/pdf/web/images/toolbarButton-download.svg]
[C:/Meus Sites/Eletrônica Industrial/scorm.onilearning.com.br/trilha/assets/pdf/web/images/toolbarButton-bookmark.svg]
[C:/Meus Sites/Eletrônica Industrial/scorm.onilearning.com.br/trilha/assets/pdf/web/images/toolbarButton-viewThumbnail.svg]
[C:/Meus Sites/Eletrônica Industrial/scorm.onilearning.com.br/trilha/assets/pdf/web/images/toolbarButton-viewOutline.svg]
[C:/Meus Sites/Eletrônica Industrial/scorm.onilearning.com.br/trilha/assets/pdf/web/images/toolbarButton-viewAttachments.svg]
[C:/Meus Sites/Eletrônica Industrial/scorm.onilearning.com.br/trilha/assets/pdf/web/images/toolbarButton-viewLayers.svg]
[C:/Meus Sites/Eletrônica Industrial/scorm.onilearning.com.br/trilha/assets/pdf/web/images/toolbarButton-currentOutlineItem.svg]
[C:/Meus Sites/Eletrônica Industrial/scorm.onilearning.com.br/trilha/assets/pdf/web/images/toolbarButton-search.svg]
[C:/Meus Sites/Eletrônica Industrial/scorm.onilearning.com.br/trilha/assets/pdf/web/images/findbarButton-previous.svg]
[C:/Meus Sites/Eletrônica Industrial/scorm.onilearning.com.br/trilha/assets/pdf/web/images/findbarButton-next.svg]
[C:/Meus Sites/Eletrônica Industrial/scorm.onilearning.com.br/trilha/assets/pdf/web/images/secondaryToolbarButton-firstPage.svg]
[C:/Meus Sites/Eletrônica Industrial/scorm.onilearning.com.br/trilha/assets/pdf/web/images/secondaryToolbarButton-lastPage.svg]
[C:/Meus Sites/Eletrônica Industrial/scorm.onilearning.com.br/trilha/assets/pdf/web/images/secondaryToolbarButton-rotateCcw.svg]
[C:/Meus Sites/Eletrônica Industrial/scorm.onilearning.com.br/trilha/assets/pdf/web/images/secondaryToolbarButton-rotateCw.svg]
[C:/Meus Sites/Eletrônica Industrial/scorm.onilearning.com.br/trilha/assets/pdf/web/images/secondaryToolbarButton-selectTool.svg]
[C:/Meus Sites/Eletrônica Industrial/scorm.onilearning.com.br/trilha/assets/pdf/web/images/secondaryToolbarButton-handTool.svg]
[C:/Meus Sites/Eletrônica Industrial/scorm.onilearning.com.br/trilha/assets/pdf/web/images/secondaryToolbarButton-scrollPage.svg]
[C:/Meus Sites/Eletrônica Industrial/scorm.onilearning.com.br/trilha/assets/pdf/web/images/secondaryToolbarButton-scrollVertical.svg]
[C:/Meus Sites/Eletrônica Industrial/scorm.onilearning.com.br/trilha/assets/pdf/web/images/secondaryToolbarButton-scrollHorizontal.svg]
[C:/Meus Sites/Eletrônica Industrial/scorm.onilearning.com.br/trilha/assets/pdf/web/images/secondaryToolbarButton-scrollWrapped.svg]
[C:/Meus Sites/Eletrônica Industrial/scorm.onilearning.com.br/trilha/assets/pdf/web/images/secondaryToolbarButton-spreadNone.svg]
[C:/Meus Sites/Eletrônica Industrial/scorm.onilearning.com.br/trilha/assets/pdf/web/images/secondaryToolbarButton-spreadOdd.svg]
[C:/Meus Sites/Eletrônica Industrial/scorm.onilearning.com.br/trilha/assets/pdf/web/images/secondaryToolbarButton-spreadEven.svg]
[C:/Meus Sites/Eletrônica Industrial/scorm.onilearning.com.br/trilha/assets/pdf/web/images/secondaryToolbarButton-documentProperties.svg]
[C:/Meus Sites/Eletrônica Industrial/scorm.onilearning.com.br/trilha/assets/pdf/web/images/loading-dark.svg]
[C:/Meus Sites/Eletrônica Industrial/scorm.onilearning.com.br/conteudo/chatpdf/baixarConversaMoni.html]
