[C:/Meus Sites/Projetos Elétricos/backblue.gif]
[C:/Meus Sites/Projetos Elétricos/fade.gif]
[C:/Meus Sites/Projetos Elétricos/index.html]
[C:/Meus Sites/Projetos Elétricos/scorm.onilearning.com.br/conteudo/assets/img/ONIfavicon-96x96.png]
[C:/Meus Sites/Projetos Elétricos/scorm.onilearning.com.br/conteudo/assets/css/novaTrilha.css]
[C:/Meus Sites/Projetos Elétricos/scorm.onilearning.com.br/conteudo/assets/js/acess_scripts.js]
[C:/Meus Sites/Projetos Elétricos/cdn.jsdelivr.net/npm/@phosphor-icons/web@2.1.1/src/regular/style.css]
[C:/Meus Sites/Projetos Elétricos/cdn.jsdelivr.net/npm/@phosphor-icons/web@2.1.1/src/bold/style.css]
[C:/Meus Sites/Projetos Elétricos/cdn.jsdelivr.net/npm/@phosphor-icons/web@2.1.1/src/fill/style.css]
[C:/Meus Sites/Projetos Elétricos/oni360.com.br/externo/onicreative/template/3/dist/hls.js]
[C:/Meus Sites/Projetos Elétricos/scorm.onilearning.com.br/conteudo/assets/img/iconografia/modelo-3/icone-1.png]
[C:/Meus Sites/Projetos Elétricos/scorm.onilearning.com.br/conteudo/assets/img/iconografia/modelo-3/icone-2.png]
[C:/Meus Sites/Projetos Elétricos/scorm.onilearning.com.br/conteudo/assets/img/iconografia/modelo-3/icone-3.png]
[C:/Meus Sites/Projetos Elétricos/scorm.onilearning.com.br/conteudo/assets/img/iconografia/modelo-3/icone-4.png]
[C:/Meus Sites/Projetos Elétricos/scorm.onilearning.com.br/conteudo/assets/img/iconografia/modelo-3/icone-5.png]
[C:/Meus Sites/Projetos Elétricos/scorm.onilearning.com.br/conteudo/assets/img/iconografia/modelo-3/icone-6.png]
[C:/Meus Sites/Projetos Elétricos/scorm.onilearning.com.br/conteudo/assets/img/iconografia/modelo-3/icone-7.png]
[C:/Meus Sites/Projetos Elétricos/scorm.onilearning.com.br/conteudo/assets/img/iconografia/modelo-3/icone-8.png]
[C:/Meus Sites/Projetos Elétricos/scorm.onilearning.com.br/conteudo/assets/img/iconografia/modelo-3/icone-9.png]
[C:/Meus Sites/Projetos Elétricos/scorm.onilearning.com.br/conteudo/assets/img/iconografia/modelo-3/icone-10.png]
[C:/Meus Sites/Projetos Elétricos/scorm.onilearning.com.br/conteudo/assets/img/iconografia/modelo-3/icone-11.png]
[C:/Meus Sites/Projetos Elétricos/scorm.onilearning.com.br/conteudo/assets/img/iconografia/modelo-3/icone-12.png]
[C:/Meus Sites/Projetos Elétricos/scorm.onilearning.com.br/conteudo/ebook18e2.pdf]
[C:/Meus Sites/Projetos Elétricos/scorm.onilearning.com.br/conteudo/assets/img/lang_ES.svg]
[C:/Meus Sites/Projetos Elétricos/scorm.onilearning.com.br/conteudo/arquivo-pdfc226.pdf]
[C:/Meus Sites/Projetos Elétricos/scorm.onilearning.com.br/conteudo/componentef961.html]
[C:/Meus Sites/Projetos Elétricos/scorm.onilearning.com.br/conteudo/ebookf2ff.pdf]
[C:/Meus Sites/Projetos Elétricos/scorm.onilearning.com.br/conteudo/arquivo-pdfad25.pdf]
[C:/Meus Sites/Projetos Elétricos/scorm.onilearning.com.br/conteudo/componente00ae.html]
[C:/Meus Sites/Projetos Elétricos/scorm.onilearning.com.br/conteudo/ebooka21c.pdf]
[C:/Meus Sites/Projetos Elétricos/scorm.onilearning.com.br/conteudo/arquivo-pdf7840.pdf]
[C:/Meus Sites/Projetos Elétricos/scorm.onilearning.com.br/conteudo/componente89a3.html]
[C:/Meus Sites/Projetos Elétricos/scorm.onilearning.com.br/conteudo/ebook81be.pdf]
[C:/Meus Sites/Projetos Elétricos/scorm.onilearning.com.br/conteudo/arquivo-pdfcb45.pdf]
[C:/Meus Sites/Projetos Elétricos/scorm.onilearning.com.br/conteudo/componente7350.html]
[C:/Meus Sites/Projetos Elétricos/scorm.onilearning.com.br/conteudo/assets/css/reset.css]
[C:/Meus Sites/Projetos Elétricos/scorm.onilearning.com.br/conteudo/assets/css/novaTrilha.css]
[C:/Meus Sites/Projetos Elétricos/scorm.onilearning.com.br/conteudo/assets/js/novaTrilha.js]
[C:/Meus Sites/Projetos Elétricos/scorm.onilearning.com.br/conteudo/assets/css/acess_contrast.css]
[C:/Meus Sites/Projetos Elétricos/scorm.onilearning.com.br/conteudo/assets/css/acess_bar.css]
[C:/Meus Sites/Projetos Elétricos/cdn.jsdelivr.net/npm/@phosphor-icons/web@2.1.1/src/regular/style.css]
[C:/Meus Sites/Projetos Elétricos/cdn.jsdelivr.net/npm/@phosphor-icons/web@2.1.1/src/bold/style.css]
[C:/Meus Sites/Projetos Elétricos/cdn.jsdelivr.net/npm/@phosphor-icons/web@2.1.1/src/fill/style.css]
[C:/Meus Sites/Projetos Elétricos/cdnjs.cloudflare.com/ajax/libs/jquery/3.6.4/jquery.min.js]
[C:/Meus Sites/Projetos Elétricos/scorm.onilearning.com.br/conteudo/novo_scorm/scorm-padrao/padrao/css/materialize.min.css]
[C:/Meus Sites/Projetos Elétricos/scorm.onilearning.com.br/conteudo/novo_scorm/scorm-padrao/padrao/css/main.css]
[C:/Meus Sites/Projetos Elétricos/scorm.onilearning.com.br/conteudo/novo_scorm/scorm-padrao/padrao/css/bootstrap-grid.min.css]
[C:/Meus Sites/Projetos Elétricos/cdn.jsdelivr.net/npm/uikit@3.16.15/dist/css/uikit.min.css]
[C:/Meus Sites/Projetos Elétricos/api-externa360.onilearning.com.br/exemplo-mapa.jpg]
[C:/Meus Sites/Projetos Elétricos/cdn.jsdelivr.net/npm/bootstrap-icons@1.11.3/font/bootstrap-icons.css]
[C:/Meus Sites/Projetos Elétricos/scorm.onilearning.com.br/conteudo/novo_scorm/scorm-padrao/padrao/images/banner-trilha.jpg]
[C:/Meus Sites/Projetos Elétricos/cdn.jsdelivr.net/npm/uikit@3.16.15/dist/js/uikit-icons.min.js]
[C:/Meus Sites/Projetos Elétricos/scorm.onilearning.com.br/conteudo/novo_scorm/scorm-padrao/padrao/js/main.js]
[C:/Meus Sites/Projetos Elétricos/scorm.onilearning.com.br/conteudo/componenteb238.html]
[C:/Meus Sites/Projetos Elétricos/scorm.onilearning.com.br/conteudo/assets/img/pdf.svg]
[C:/Meus Sites/Projetos Elétricos/scorm.onilearning.com.br/conteudo/assets/img/lang_BR.svg]
[C:/Meus Sites/Projetos Elétricos/scorm.onilearning.com.br/conteudo/assets/img/lang_US.svg]
[C:/Meus Sites/Projetos Elétricos/scorm.onilearning.com.br/conteudo/assets/img/lang_ES.svg]
[C:/Meus Sites/Projetos Elétricos/plugin.handtalk.me/web/latest/handtalk.min.js]
[C:/Meus Sites/Projetos Elétricos/scorm.onilearning.com.br/conteudo/chatpdf/HISTORICO.pdf]
[C:/Meus Sites/Projetos Elétricos/scorm.onilearning.com.br/conteudo/chat_pdf_onitutor.html]
[C:/Meus Sites/Projetos Elétricos/scorm.onilearning.com.br/conteudo/POST.html]
[C:/Meus Sites/Projetos Elétricos/scorm.onilearning.com.br/conteudo/chatpdf/FunPerguntapdf.html]
[C:/Meus Sites/Projetos Elétricos/scorm.onilearning.com.br/conteudo/chatpdf/carregarConversas.html]
[C:/Meus Sites/Projetos Elétricos/scorm.onilearning.com.br/conteudo/scripts.html]
[C:/Meus Sites/Projetos Elétricos/scorm.onilearning.com.br/conteudo/componentec35e.html]
[C:/Meus Sites/Projetos Elétricos/scorm.onilearning.com.br/conteudo/componente820f.html]
[C:/Meus Sites/Projetos Elétricos/scorm.onilearning.com.br/conteudo/componentee5d4.html]
[C:/Meus Sites/Projetos Elétricos/scorm.onilearning.com.br/conteudo/novo_scorm/scorm-padrao/padrao/css/materialize.min.css]
[C:/Meus Sites/Projetos Elétricos/scorm.onilearning.com.br/conteudo/novo_scorm/scorm-padrao/padrao/contents/background_computador2.jpg]
[C:/Meus Sites/Projetos Elétricos/scorm.onilearning.com.br/conteudo/novo_scorm/scorm-padrao/padrao/css/main.css]
[C:/Meus Sites/Projetos Elétricos/scorm.onilearning.com.br/conteudo/novo_scorm/scorm-padrao/padrao/css/bootstrap-grid.min.css]
[C:/Meus Sites/Projetos Elétricos/cdn.jsdelivr.net/npm/uikit@3.16.15/dist/css/uikit.min.css]
[C:/Meus Sites/Projetos Elétricos/scorm.onilearning.com.br/conteudo/componenteb404.html]
[C:/Meus Sites/Projetos Elétricos/scorm.onilearning.com.br/conteudo/slide5df6.pdf]
[C:/Meus Sites/Projetos Elétricos/scorm.onilearning.com.br/trilha/assets/pdf/web/viewer.css]
[C:/Meus Sites/Projetos Elétricos/scorm.onilearning.com.br/conteudo/componente17bd.html]
[C:/Meus Sites/Projetos Elétricos/scorm.onilearning.com.br/trilha/assets/pdf/web/viewer.js]
[C:/Meus Sites/Projetos Elétricos/scorm.onilearning.com.br/conteudo/slide1d44.pdf]
[C:/Meus Sites/Projetos Elétricos/scorm.onilearning.com.br/conteudo/componente1fd6.html]
[C:/Meus Sites/Projetos Elétricos/scorm.onilearning.com.br/conteudo/componentefc7d.html]
[C:/Meus Sites/Projetos Elétricos/scorm.onilearning.com.br/conteudo/componente5790.html]
[C:/Meus Sites/Projetos Elétricos/cdn.jsdelivr.net/npm/bootstrap-icons@1.11.3/font/bootstrap-icons.css]
[C:/Meus Sites/Projetos Elétricos/code.jquery.com/jquery-3.2.1.min.js]
[C:/Meus Sites/Projetos Elétricos/cdn.jsdelivr.net/npm/uikit@3.16.15/dist/js/uikit.min.js]
[C:/Meus Sites/Projetos Elétricos/cdnjs.cloudflare.com/ajax/libs/jspdf/2.4.0/jspdf.umd.min.js]
[C:/Meus Sites/Projetos Elétricos/cdnjs.cloudflare.com/ajax/libs/html2pdf.js/0.10.1/html2pdf.bundle.min.js]
[C:/Meus Sites/Projetos Elétricos/scorm.onilearning.com.br/conteudo/novo_scorm/scorm-padrao/padrao/js/bootstrap.min.js]
[C:/Meus Sites/Projetos Elétricos/scorm.onilearning.com.br/conteudo/componentebd06.html]
[C:/Meus Sites/Projetos Elétricos/scorm.onilearning.com.br/conteudo/slide0161.pdf]
[C:/Meus Sites/Projetos Elétricos/scorm.onilearning.com.br/conteudo/componente2cbc.html]
[C:/Meus Sites/Projetos Elétricos/scorm.onilearning.com.br/conteudo/slide9b6c.pdf]
[C:/Meus Sites/Projetos Elétricos/scorm.onilearning.com.br/conteudo/componente775d.html]
[C:/Meus Sites/Projetos Elétricos/scorm.onilearning.com.br/conteudo/componente32ae.html]
[C:/Meus Sites/Projetos Elétricos/scorm.onilearning.com.br/conteudo/componente32da.html]
[C:/Meus Sites/Projetos Elétricos/scorm.onilearning.com.br/conteudo/componente5606.html]
[C:/Meus Sites/Projetos Elétricos/scorm.onilearning.com.br/conteudo/slidef4b7.pdf]
[C:/Meus Sites/Projetos Elétricos/scorm.onilearning.com.br/conteudo/componente6401.html]
[C:/Meus Sites/Projetos Elétricos/scorm.onilearning.com.br/conteudo/slide0407.pdf]
[C:/Meus Sites/Projetos Elétricos/scorm.onilearning.com.br/conteudo/componente3c0a.html]
[C:/Meus Sites/Projetos Elétricos/scorm.onilearning.com.br/conteudo/componented567.html]
[C:/Meus Sites/Projetos Elétricos/scorm.onilearning.com.br/conteudo/componenteaa00.html]
[C:/Meus Sites/Projetos Elétricos/scorm.onilearning.com.br/conteudo/componente6953.html]
[C:/Meus Sites/Projetos Elétricos/scorm.onilearning.com.br/conteudo/slide2a9a.pdf]
[C:/Meus Sites/Projetos Elétricos/scorm.onilearning.com.br/conteudo/componentee3e5.html]
[C:/Meus Sites/Projetos Elétricos/scorm.onilearning.com.br/conteudo/slide7cdf.pdf]
[C:/Meus Sites/Projetos Elétricos/scorm.onilearning.com.br/conteudo/componente2bee.html]
[C:/Meus Sites/Projetos Elétricos/scorm.onilearning.com.br/conteudo/componentea70a.html]
[C:/Meus Sites/Projetos Elétricos/scorm.onilearning.com.br/conteudo/componente1c39.html]
[C:/Meus Sites/Projetos Elétricos/scorm.onilearning.com.br/conteudo/componentebf8d.html]
[C:/Meus Sites/Projetos Elétricos/scorm.onilearning.com.br/conteudo/componentecfb4.html]
[C:/Meus Sites/Projetos Elétricos/scorm.onilearning.com.br/conteudo/locale/locale.html]
[C:/Meus Sites/Projetos Elétricos/scorm.onilearning.com.br/trilha/assets/pdf/web/viewer.css]
[C:/Meus Sites/Projetos Elétricos/scorm.onilearning.com.br/trilha/assets/pdf/build/pdf.js]
[C:/Meus Sites/Projetos Elétricos/scorm.onilearning.com.br/conteudo/chatpdf/audioQuestion92bd.html]
[C:/Meus Sites/Projetos Elétricos/scorm.onilearning.com.br/conteudo/dist/hls.js]
[C:/Meus Sites/Projetos Elétricos/scorm.onilearning.com.br/conteudo/componente94e0.html]
[C:/Meus Sites/Projetos Elétricos/scorm.onilearning.com.br/conteudo/componentee30b.html]
[C:/Meus Sites/Projetos Elétricos/scorm.onilearning.com.br/conteudo/componenteb40d.html]
