[C:/Meus Sites/6-Usinagem e Conformação Mecânica/backblue.gif]
[C:/Meus Sites/6-Usinagem e Conformação Mecânica/fade.gif]
[C:/Meus Sites/6-Usinagem e Conformação Mecânica/index.html]
[C:/Meus Sites/6-Usinagem e Conformação Mecânica/scorm.onilearning.com.br/conteudo/assets/img/ONIfavicon-96x96.png]
[C:/Meus Sites/6-Usinagem e Conformação Mecânica/scorm.onilearning.com.br/conteudo/assets/css/novaTrilha.css]
[C:/Meus Sites/6-Usinagem e Conformação Mecânica/scorm.onilearning.com.br/conteudo/assets/js/acess_scripts.js]
[C:/Meus Sites/6-Usinagem e Conformação Mecânica/cdn.jsdelivr.net/npm/@phosphor-icons/web@2.1.1/src/regular/style.css]
[C:/Meus Sites/6-Usinagem e Conformação Mecânica/cdn.jsdelivr.net/npm/@phosphor-icons/web@2.1.1/src/bold/style.css]
[C:/Meus Sites/6-Usinagem e Conformação Mecânica/cdn.jsdelivr.net/npm/@phosphor-icons/web@2.1.1/src/fill/style.css]
[C:/Meus Sites/6-Usinagem e Conformação Mecânica/oni360.com.br/externo/onicreative/template/3/dist/hls.js]
[C:/Meus Sites/6-Usinagem e Conformação Mecânica/scorm.onilearning.com.br/conteudo/assets/img/iconografia/modelo-3/icone-1.png]
[C:/Meus Sites/6-Usinagem e Conformação Mecânica/scorm.onilearning.com.br/conteudo/assets/img/iconografia/modelo-3/icone-2.png]
[C:/Meus Sites/6-Usinagem e Conformação Mecânica/scorm.onilearning.com.br/conteudo/assets/img/iconografia/modelo-3/icone-3.png]
[C:/Meus Sites/6-Usinagem e Conformação Mecânica/scorm.onilearning.com.br/conteudo/assets/img/iconografia/modelo-3/icone-4.png]
[C:/Meus Sites/6-Usinagem e Conformação Mecânica/scorm.onilearning.com.br/conteudo/assets/img/iconografia/modelo-3/icone-5.png]
[C:/Meus Sites/6-Usinagem e Conformação Mecânica/scorm.onilearning.com.br/conteudo/assets/img/iconografia/modelo-3/icone-6.png]
[C:/Meus Sites/6-Usinagem e Conformação Mecânica/scorm.onilearning.com.br/conteudo/assets/img/iconografia/modelo-3/icone-7.png]
[C:/Meus Sites/6-Usinagem e Conformação Mecânica/scorm.onilearning.com.br/conteudo/assets/img/iconografia/modelo-3/icone-8.png]
[C:/Meus Sites/6-Usinagem e Conformação Mecânica/scorm.onilearning.com.br/conteudo/assets/img/iconografia/modelo-3/icone-9.png]
[C:/Meus Sites/6-Usinagem e Conformação Mecânica/scorm.onilearning.com.br/conteudo/assets/img/iconografia/modelo-3/icone-10.png]
[C:/Meus Sites/6-Usinagem e Conformação Mecânica/scorm.onilearning.com.br/conteudo/assets/img/iconografia/modelo-3/icone-11.png]
[C:/Meus Sites/6-Usinagem e Conformação Mecânica/scorm.onilearning.com.br/conteudo/assets/img/iconografia/modelo-3/icone-12.png]
[C:/Meus Sites/6-Usinagem e Conformação Mecânica/scorm.onilearning.com.br/conteudo/fa50999876c2b5285cac163dbc929db184bc.pdf]
[C:/Meus Sites/6-Usinagem e Conformação Mecânica/scorm.onilearning.com.br/conteudo/arquivo-pdf80fd.pdf]
[C:/Meus Sites/6-Usinagem e Conformação Mecânica/scorm.onilearning.com.br/conteudo/componented946.html]
[C:/Meus Sites/6-Usinagem e Conformação Mecânica/scorm.onilearning.com.br/conteudo/b593f5ef200ab0c61b18963a21d84ef9ba27.pdf]
[C:/Meus Sites/6-Usinagem e Conformação Mecânica/scorm.onilearning.com.br/conteudo/arquivo-pdfd63c.pdf]
[C:/Meus Sites/6-Usinagem e Conformação Mecânica/scorm.onilearning.com.br/conteudo/componente2901.html]
[C:/Meus Sites/6-Usinagem e Conformação Mecânica/scorm.onilearning.com.br/conteudo/5f5b3aafe2b07eccb00b322a935ff5ea02fb.pdf]
[C:/Meus Sites/6-Usinagem e Conformação Mecânica/scorm.onilearning.com.br/conteudo/arquivo-pdfc178.pdf]
[C:/Meus Sites/6-Usinagem e Conformação Mecânica/scorm.onilearning.com.br/conteudo/componente021e.html]
[C:/Meus Sites/6-Usinagem e Conformação Mecânica/scorm.onilearning.com.br/conteudo/fc05e9b71421eef74747754a90d5d55aef5e.pdf]
[C:/Meus Sites/6-Usinagem e Conformação Mecânica/scorm.onilearning.com.br/conteudo/arquivo-pdfe337.pdf]
[C:/Meus Sites/6-Usinagem e Conformação Mecânica/scorm.onilearning.com.br/conteudo/componenteeb12.html]
[C:/Meus Sites/6-Usinagem e Conformação Mecânica/scorm.onilearning.com.br/conteudo/assets/css/reset.css]
[C:/Meus Sites/6-Usinagem e Conformação Mecânica/scorm.onilearning.com.br/conteudo/assets/css/novaTrilha.css]
[C:/Meus Sites/6-Usinagem e Conformação Mecânica/cdnjs.cloudflare.com/ajax/libs/jquery/3.6.4/jquery.min.js]
[C:/Meus Sites/6-Usinagem e Conformação Mecânica/scorm.onilearning.com.br/conteudo/assets/css/acess_contrast.css]
[C:/Meus Sites/6-Usinagem e Conformação Mecânica/scorm.onilearning.com.br/conteudo/assets/css/acess_bar.css]
[C:/Meus Sites/6-Usinagem e Conformação Mecânica/cdn.jsdelivr.net/npm/@phosphor-icons/web@2.1.1/src/regular/style.css]
[C:/Meus Sites/6-Usinagem e Conformação Mecânica/cdn.jsdelivr.net/npm/@phosphor-icons/web@2.1.1/src/bold/style.css]
[C:/Meus Sites/6-Usinagem e Conformação Mecânica/cdn.jsdelivr.net/npm/@phosphor-icons/web@2.1.1/src/fill/style.css]
[C:/Meus Sites/6-Usinagem e Conformação Mecânica/scorm.onilearning.com.br/conteudo/assets/js/novaTrilha.js]
[C:/Meus Sites/6-Usinagem e Conformação Mecânica/cdn.jsdelivr.net/npm/uikit@3.16.15/dist/css/uikit.min.css]
[C:/Meus Sites/6-Usinagem e Conformação Mecânica/api-externa360.onilearning.com.br/exemplo-mapa.jpg]
[C:/Meus Sites/6-Usinagem e Conformação Mecânica/cdn.jsdelivr.net/npm/bootstrap-icons@1.11.3/font/bootstrap-icons.css]
[C:/Meus Sites/6-Usinagem e Conformação Mecânica/scorm.onilearning.com.br/conteudo/novo_scorm/scorm-padrao/padrao/images/banner-trilha.jpg]
[C:/Meus Sites/6-Usinagem e Conformação Mecânica/scorm.onilearning.com.br/conteudo/novo_scorm/scorm-padrao/padrao/js/bootstrap.min.js]
[C:/Meus Sites/6-Usinagem e Conformação Mecânica/cdn.jsdelivr.net/npm/uikit@3.16.15/dist/js/uikit-icons.min.js]
[C:/Meus Sites/6-Usinagem e Conformação Mecânica/scorm.onilearning.com.br/conteudo/novo_scorm/scorm-padrao/padrao/js/main.js]
[C:/Meus Sites/6-Usinagem e Conformação Mecânica/scorm.onilearning.com.br/conteudo/componente16d0.html]
[C:/Meus Sites/6-Usinagem e Conformação Mecânica/scorm.onilearning.com.br/conteudo/assets/img/pdf.svg]
[C:/Meus Sites/6-Usinagem e Conformação Mecânica/scorm.onilearning.com.br/conteudo/assets/img/lang_BR.svg]
[C:/Meus Sites/6-Usinagem e Conformação Mecânica/scorm.onilearning.com.br/conteudo/assets/img/lang_US.svg]
[C:/Meus Sites/6-Usinagem e Conformação Mecânica/scorm.onilearning.com.br/conteudo/assets/img/lang_ES.svg]
[C:/Meus Sites/6-Usinagem e Conformação Mecânica/plugin.handtalk.me/web/latest/handtalk.min.js]
[C:/Meus Sites/6-Usinagem e Conformação Mecânica/scorm.onilearning.com.br/conteudo/chatpdf/HISTORICO.pdf]
[C:/Meus Sites/6-Usinagem e Conformação Mecânica/scorm.onilearning.com.br/conteudo/chat_pdf_onitutor.html]
[C:/Meus Sites/6-Usinagem e Conformação Mecânica/scorm.onilearning.com.br/conteudo/POST.html]
[C:/Meus Sites/6-Usinagem e Conformação Mecânica/scorm.onilearning.com.br/conteudo/chatpdf/FunPerguntapdf.html]
[C:/Meus Sites/6-Usinagem e Conformação Mecânica/scorm.onilearning.com.br/conteudo/chatpdf/carregarConversas.html]
[C:/Meus Sites/6-Usinagem e Conformação Mecânica/scorm.onilearning.com.br/conteudo/scripts.html]
[C:/Meus Sites/6-Usinagem e Conformação Mecânica/scorm.onilearning.com.br/conteudo/componente852e.html]
[C:/Meus Sites/6-Usinagem e Conformação Mecânica/scorm.onilearning.com.br/conteudo/componente5bd6.html]
[C:/Meus Sites/6-Usinagem e Conformação Mecânica/scorm.onilearning.com.br/conteudo/componente89f7.html]
[C:/Meus Sites/6-Usinagem e Conformação Mecânica/scorm.onilearning.com.br/conteudo/novo_scorm/scorm-padrao/padrao/fonts/roboto/Roboto-Thin.woff2]
[C:/Meus Sites/6-Usinagem e Conformação Mecânica/scorm.onilearning.com.br/conteudo/novo_scorm/scorm-padrao/padrao/fonts/roboto/Roboto-Thin.woff]
[C:/Meus Sites/6-Usinagem e Conformação Mecânica/scorm.onilearning.com.br/conteudo/novo_scorm/scorm-padrao/padrao/fonts/roboto/Roboto-Light.woff2]
[C:/Meus Sites/6-Usinagem e Conformação Mecânica/scorm.onilearning.com.br/conteudo/novo_scorm/scorm-padrao/padrao/fonts/roboto/Roboto-Light.woff]
[C:/Meus Sites/6-Usinagem e Conformação Mecânica/scorm.onilearning.com.br/conteudo/novo_scorm/scorm-padrao/padrao/fonts/roboto/Roboto-Regular.woff2]
[C:/Meus Sites/6-Usinagem e Conformação Mecânica/scorm.onilearning.com.br/conteudo/novo_scorm/scorm-padrao/padrao/fonts/roboto/Roboto-Regular.woff]
[C:/Meus Sites/6-Usinagem e Conformação Mecânica/scorm.onilearning.com.br/conteudo/novo_scorm/scorm-padrao/padrao/fonts/roboto/Roboto-Medium.woff2]
[C:/Meus Sites/6-Usinagem e Conformação Mecânica/scorm.onilearning.com.br/conteudo/novo_scorm/scorm-padrao/padrao/fonts/roboto/Roboto-Medium.woff]
[C:/Meus Sites/6-Usinagem e Conformação Mecânica/scorm.onilearning.com.br/conteudo/novo_scorm/scorm-padrao/padrao/fonts/roboto/Roboto-Bold.woff2]
[C:/Meus Sites/6-Usinagem e Conformação Mecânica/scorm.onilearning.com.br/conteudo/novo_scorm/scorm-padrao/padrao/fonts/roboto/Roboto-Bold.woff]
[C:/Meus Sites/6-Usinagem e Conformação Mecânica/scorm.onilearning.com.br/conteudo/novo_scorm/scorm-padrao/padrao/css/materialize.min.css]
[C:/Meus Sites/6-Usinagem e Conformação Mecânica/scorm.onilearning.com.br/conteudo/novo_scorm/scorm-padrao/padrao/contents/background_computador2.jpg]
[C:/Meus Sites/6-Usinagem e Conformação Mecânica/scorm.onilearning.com.br/conteudo/novo_scorm/scorm-padrao/padrao/css/main.css]
[C:/Meus Sites/6-Usinagem e Conformação Mecânica/scorm.onilearning.com.br/conteudo/novo_scorm/scorm-padrao/padrao/css/bootstrap-grid.min.css]
[C:/Meus Sites/6-Usinagem e Conformação Mecânica/cdn.jsdelivr.net/npm/uikit@3.16.15/dist/css/uikit.min.css]
[C:/Meus Sites/6-Usinagem e Conformação Mecânica/scorm.onilearning.com.br/conteudo/componente1776.html]
[C:/Meus Sites/6-Usinagem e Conformação Mecânica/scorm.onilearning.com.br/conteudo/ebooke6a4.pdf]
[C:/Meus Sites/6-Usinagem e Conformação Mecânica/scorm.onilearning.com.br/trilha/assets/pdf/web/viewer.css]
[C:/Meus Sites/6-Usinagem e Conformação Mecânica/scorm.onilearning.com.br/conteudo/componentec751.html]
[C:/Meus Sites/6-Usinagem e Conformação Mecânica/scorm.onilearning.com.br/trilha/assets/pdf/web/viewer.js]
[C:/Meus Sites/6-Usinagem e Conformação Mecânica/scorm.onilearning.com.br/conteudo/slide4b37.pdf]
[C:/Meus Sites/6-Usinagem e Conformação Mecânica/scorm.onilearning.com.br/conteudo/componente0724.html]
[C:/Meus Sites/6-Usinagem e Conformação Mecânica/scorm.onilearning.com.br/conteudo/dist/hls.js]
[C:/Meus Sites/6-Usinagem e Conformação Mecânica/scorm.onilearning.com.br/conteudo/componente8561.html]
[C:/Meus Sites/6-Usinagem e Conformação Mecânica/scorm.onilearning.com.br/conteudo/componente1205.html]
[C:/Meus Sites/6-Usinagem e Conformação Mecânica/cdn.jsdelivr.net/npm/bootstrap-icons@1.11.3/font/bootstrap-icons.css]
[C:/Meus Sites/6-Usinagem e Conformação Mecânica/code.jquery.com/jquery-3.2.1.min.js]
[C:/Meus Sites/6-Usinagem e Conformação Mecânica/cdn.jsdelivr.net/npm/uikit@3.16.15/dist/js/uikit.min.js]
[C:/Meus Sites/6-Usinagem e Conformação Mecânica/cdnjs.cloudflare.com/ajax/libs/html2pdf.js/0.10.1/html2pdf.bundle.min.js]
[C:/Meus Sites/6-Usinagem e Conformação Mecânica/cdnjs.cloudflare.com/ajax/libs/jspdf/2.4.0/jspdf.umd.min.js]
[C:/Meus Sites/6-Usinagem e Conformação Mecânica/scorm.onilearning.com.br/conteudo/componentea90b.html]
[C:/Meus Sites/6-Usinagem e Conformação Mecânica/scorm.onilearning.com.br/conteudo/ebook89ea.pdf]
[C:/Meus Sites/6-Usinagem e Conformação Mecânica/scorm.onilearning.com.br/conteudo/componente1311.html]
[C:/Meus Sites/6-Usinagem e Conformação Mecânica/scorm.onilearning.com.br/conteudo/slidec8e1.pdf]
[C:/Meus Sites/6-Usinagem e Conformação Mecânica/scorm.onilearning.com.br/conteudo/componente90e8.html]
[C:/Meus Sites/6-Usinagem e Conformação Mecânica/scorm.onilearning.com.br/conteudo/componente32ae.html]
[C:/Meus Sites/6-Usinagem e Conformação Mecânica/scorm.onilearning.com.br/conteudo/componente7e9d.html]
[C:/Meus Sites/6-Usinagem e Conformação Mecânica/scorm.onilearning.com.br/conteudo/componenteb5b6.html]
[C:/Meus Sites/6-Usinagem e Conformação Mecânica/scorm.onilearning.com.br/conteudo/ebooka65c.pdf]
[C:/Meus Sites/6-Usinagem e Conformação Mecânica/scorm.onilearning.com.br/conteudo/componente296d.html]
[C:/Meus Sites/6-Usinagem e Conformação Mecânica/scorm.onilearning.com.br/conteudo/slide848b.pdf]
[C:/Meus Sites/6-Usinagem e Conformação Mecânica/scorm.onilearning.com.br/conteudo/componented769.html]
[C:/Meus Sites/6-Usinagem e Conformação Mecânica/scorm.onilearning.com.br/conteudo/componente50ce.html]
[C:/Meus Sites/6-Usinagem e Conformação Mecânica/scorm.onilearning.com.br/conteudo/componente67e7.html]
[C:/Meus Sites/6-Usinagem e Conformação Mecânica/scorm.onilearning.com.br/conteudo/componente6fc2.html]
[C:/Meus Sites/6-Usinagem e Conformação Mecânica/scorm.onilearning.com.br/conteudo/ebook26fa.pdf]
[C:/Meus Sites/6-Usinagem e Conformação Mecânica/scorm.onilearning.com.br/conteudo/componented069.html]
[C:/Meus Sites/6-Usinagem e Conformação Mecânica/scorm.onilearning.com.br/conteudo/slide6400.pdf]
[C:/Meus Sites/6-Usinagem e Conformação Mecânica/scorm.onilearning.com.br/conteudo/componente8dbc.html]
[C:/Meus Sites/6-Usinagem e Conformação Mecânica/scorm.onilearning.com.br/conteudo/componente472d.html]
[C:/Meus Sites/6-Usinagem e Conformação Mecânica/scorm.onilearning.com.br/conteudo/componente957a.html]
[C:/Meus Sites/6-Usinagem e Conformação Mecânica/scorm.onilearning.com.br/conteudo/componente3629.html]
[C:/Meus Sites/6-Usinagem e Conformação Mecânica/scorm.onilearning.com.br/conteudo/componenteba0f.html]
[C:/Meus Sites/6-Usinagem e Conformação Mecânica/scorm.onilearning.com.br/conteudo/locale/locale.html]
[C:/Meus Sites/6-Usinagem e Conformação Mecânica/scorm.onilearning.com.br/trilha/assets/pdf/web/viewer.css]
[C:/Meus Sites/6-Usinagem e Conformação Mecânica/scorm.onilearning.com.br/conteudo/chatpdf/audioQuestion92bd.html]
[C:/Meus Sites/6-Usinagem e Conformação Mecânica/scorm.onilearning.com.br/trilha/assets/pdf/build/pdf.js]
[C:/Meus Sites/6-Usinagem e Conformação Mecânica/scorm.onilearning.com.br/conteudo/componente446e.html]
[C:/Meus Sites/6-Usinagem e Conformação Mecânica/scorm.onilearning.com.br/conteudo/componente39e1.html]
[C:/Meus Sites/6-Usinagem e Conformação Mecânica/scorm.onilearning.com.br/conteudo/componente3e9d.html]
