[C:/Meus Sites/Máquinas Elétricas/backblue.gif]
[C:/Meus Sites/Máquinas Elétricas/fade.gif]
[C:/Meus Sites/Máquinas Elétricas/index.html]
[C:/Meus Sites/Máquinas Elétricas/scorm.onilearning.com.br/conteudo/assets/img/ONIfavicon-96x96.png]
[C:/Meus Sites/Máquinas Elétricas/scorm.onilearning.com.br/conteudo/assets/js/novaTrilha.js]
[C:/Meus Sites/Máquinas Elétricas/scorm.onilearning.com.br/conteudo/assets/js/acess_scripts.js]
[C:/Meus Sites/Máquinas Elétricas/cdn.jsdelivr.net/npm/@phosphor-icons/web@2.1.1/src/regular/style.css]
[C:/Meus Sites/Máquinas Elétricas/cdn.jsdelivr.net/npm/@phosphor-icons/web@2.1.1/src/bold/style.css]
[C:/Meus Sites/Máquinas Elétricas/cdn.jsdelivr.net/npm/@phosphor-icons/web@2.1.1/src/fill/style.css]
[C:/Meus Sites/Máquinas Elétricas/oni360.com.br/externo/onicreative/template/3/dist/hls.js]
[C:/Meus Sites/Máquinas Elétricas/scorm.onilearning.com.br/conteudo/assets/img/iconografia/modelo-3/icone-1.png]
[C:/Meus Sites/Máquinas Elétricas/scorm.onilearning.com.br/conteudo/assets/img/iconografia/modelo-3/icone-2.png]
[C:/Meus Sites/Máquinas Elétricas/scorm.onilearning.com.br/conteudo/assets/img/iconografia/modelo-3/icone-3.png]
[C:/Meus Sites/Máquinas Elétricas/scorm.onilearning.com.br/conteudo/assets/img/iconografia/modelo-3/icone-4.png]
[C:/Meus Sites/Máquinas Elétricas/scorm.onilearning.com.br/conteudo/assets/img/iconografia/modelo-3/icone-5.png]
[C:/Meus Sites/Máquinas Elétricas/scorm.onilearning.com.br/conteudo/assets/img/iconografia/modelo-3/icone-6.png]
[C:/Meus Sites/Máquinas Elétricas/scorm.onilearning.com.br/conteudo/assets/img/iconografia/modelo-3/icone-7.png]
[C:/Meus Sites/Máquinas Elétricas/scorm.onilearning.com.br/conteudo/assets/img/iconografia/modelo-3/icone-8.png]
[C:/Meus Sites/Máquinas Elétricas/scorm.onilearning.com.br/conteudo/assets/img/iconografia/modelo-3/icone-9.png]
[C:/Meus Sites/Máquinas Elétricas/scorm.onilearning.com.br/conteudo/assets/img/iconografia/modelo-3/icone-10.png]
[C:/Meus Sites/Máquinas Elétricas/scorm.onilearning.com.br/conteudo/assets/img/iconografia/modelo-3/icone-11.png]
[C:/Meus Sites/Máquinas Elétricas/scorm.onilearning.com.br/conteudo/assets/img/iconografia/modelo-3/icone-12.png]
[C:/Meus Sites/Máquinas Elétricas/scorm.onilearning.com.br/conteudo/ebook62d7.pdf]
[C:/Meus Sites/Máquinas Elétricas/scorm.onilearning.com.br/conteudo/componented986.html]
[C:/Meus Sites/Máquinas Elétricas/scorm.onilearning.com.br/conteudo/ebookce4f.pdf]
[C:/Meus Sites/Máquinas Elétricas/scorm.onilearning.com.br/conteudo/componente8052.html]
[C:/Meus Sites/Máquinas Elétricas/scorm.onilearning.com.br/conteudo/ebook198b.pdf]
[C:/Meus Sites/Máquinas Elétricas/scorm.onilearning.com.br/conteudo/componentee360.html]
[C:/Meus Sites/Máquinas Elétricas/scorm.onilearning.com.br/conteudo/ebook6fcb.pdf]
[C:/Meus Sites/Máquinas Elétricas/scorm.onilearning.com.br/conteudo/componentea8b1.html]
[C:/Meus Sites/Máquinas Elétricas/scorm.onilearning.com.br/conteudo/assets/css/reset.css]
[C:/Meus Sites/Máquinas Elétricas/scorm.onilearning.com.br/conteudo/assets/css/novaTrilha.css]
[C:/Meus Sites/Máquinas Elétricas/scorm.onilearning.com.br/conteudo/assets/css/acess_contrast.css]
[C:/Meus Sites/Máquinas Elétricas/scorm.onilearning.com.br/conteudo/assets/css/acess_bar.css]
[C:/Meus Sites/Máquinas Elétricas/cdn.jsdelivr.net/npm/@phosphor-icons/web@2.1.1/src/regular/style.css]
[C:/Meus Sites/Máquinas Elétricas/cdn.jsdelivr.net/npm/@phosphor-icons/web@2.1.1/src/bold/style.css]
[C:/Meus Sites/Máquinas Elétricas/cdn.jsdelivr.net/npm/@phosphor-icons/web@2.1.1/src/fill/style.css]
[C:/Meus Sites/Máquinas Elétricas/cdnjs.cloudflare.com/ajax/libs/jquery/3.6.4/jquery.min.js]
[C:/Meus Sites/Máquinas Elétricas/scorm.onilearning.com.br/conteudo/novo_scorm/scorm-padrao/padrao/css/materialize.min.css]
[C:/Meus Sites/Máquinas Elétricas/scorm.onilearning.com.br/conteudo/novo_scorm/scorm-padrao/padrao/css/main.css]
[C:/Meus Sites/Máquinas Elétricas/scorm.onilearning.com.br/conteudo/novo_scorm/scorm-padrao/padrao/css/bootstrap-grid.min.css]
[C:/Meus Sites/Máquinas Elétricas/cdn.jsdelivr.net/npm/uikit@3.16.15/dist/css/uikit.min.css]
[C:/Meus Sites/Máquinas Elétricas/api-externa360.onilearning.com.br/exemplo-mapa.jpg]
[C:/Meus Sites/Máquinas Elétricas/cdn.jsdelivr.net/npm/bootstrap-icons@1.11.3/font/bootstrap-icons.css]
[C:/Meus Sites/Máquinas Elétricas/scorm.onilearning.com.br/conteudo/novo_scorm/scorm-padrao/padrao/images/banner-trilha.jpg]
[C:/Meus Sites/Máquinas Elétricas/cdn.jsdelivr.net/npm/uikit@3.16.15/dist/js/uikit-icons.min.js]
[C:/Meus Sites/Máquinas Elétricas/scorm.onilearning.com.br/conteudo/novo_scorm/scorm-padrao/padrao/js/main.js]
[C:/Meus Sites/Máquinas Elétricas/scorm.onilearning.com.br/conteudo/componentecd54.html]
[C:/Meus Sites/Máquinas Elétricas/scorm.onilearning.com.br/conteudo/assets/img/pdf.svg]
[C:/Meus Sites/Máquinas Elétricas/scorm.onilearning.com.br/conteudo/assets/img/lang_BR.svg]
[C:/Meus Sites/Máquinas Elétricas/scorm.onilearning.com.br/conteudo/assets/img/lang_US.svg]
[C:/Meus Sites/Máquinas Elétricas/scorm.onilearning.com.br/conteudo/assets/img/lang_ES.svg]
[C:/Meus Sites/Máquinas Elétricas/plugin.handtalk.me/web/latest/handtalk.min.js]
[C:/Meus Sites/Máquinas Elétricas/scorm.onilearning.com.br/conteudo/chatpdf/HISTORICO.pdf]
[C:/Meus Sites/Máquinas Elétricas/scorm.onilearning.com.br/conteudo/chat_pdf_onitutor_moni.html]
[C:/Meus Sites/Máquinas Elétricas/scorm.onilearning.com.br/conteudo/chatpdf/moni_onepage.html]
[C:/Meus Sites/Máquinas Elétricas/scorm.onilearning.com.br/conteudo/POST.html]
[C:/Meus Sites/Máquinas Elétricas/scorm.onilearning.com.br/conteudo/chatpdf/audioQuestion_moni92bd.json]
[C:/Meus Sites/Máquinas Elétricas/scorm.onilearning.com.br/conteudo/audio.html]
[C:/Meus Sites/Máquinas Elétricas/scorm.onilearning.com.br/conteudo/scripts.html]
[C:/Meus Sites/Máquinas Elétricas/scorm.onilearning.com.br/conteudo/componente32b8.html]
[C:/Meus Sites/Máquinas Elétricas/scorm.onilearning.com.br/conteudo/componente1d14.html]
[C:/Meus Sites/Máquinas Elétricas/scorm.onilearning.com.br/conteudo/componente671b.html]
[C:/Meus Sites/Máquinas Elétricas/scorm.onilearning.com.br/conteudo/novo_scorm/scorm-padrao/padrao/css/materialize.min.css]
[C:/Meus Sites/Máquinas Elétricas/scorm.onilearning.com.br/conteudo/novo_scorm/scorm-padrao/padrao/contents/background_computador2.jpg]
[C:/Meus Sites/Máquinas Elétricas/scorm.onilearning.com.br/conteudo/novo_scorm/scorm-padrao/padrao/css/main.css]
[C:/Meus Sites/Máquinas Elétricas/scorm.onilearning.com.br/conteudo/novo_scorm/scorm-padrao/padrao/css/bootstrap-grid.min.css]
[C:/Meus Sites/Máquinas Elétricas/cdn.jsdelivr.net/npm/uikit@3.16.15/dist/css/uikit.min.css]
[C:/Meus Sites/Máquinas Elétricas/scorm.onilearning.com.br/conteudo/componenteddfa.html]
[C:/Meus Sites/Máquinas Elétricas/scorm.onilearning.com.br/conteudo/slideadbf.pdf]
[C:/Meus Sites/Máquinas Elétricas/scorm.onilearning.com.br/trilha/assets/pdf/build/pdf.js]
[C:/Meus Sites/Máquinas Elétricas/scorm.onilearning.com.br/trilha/assets/pdf/web/viewer.js]
[C:/Meus Sites/Máquinas Elétricas/scorm.onilearning.com.br/conteudo/componentea219.html]
[C:/Meus Sites/Máquinas Elétricas/scorm.onilearning.com.br/conteudo/slidee36e.pdf]
[C:/Meus Sites/Máquinas Elétricas/scorm.onilearning.com.br/conteudo/componenteb59a.html]
[C:/Meus Sites/Máquinas Elétricas/scorm.onilearning.com.br/conteudo/dist/hls.js]
[C:/Meus Sites/Máquinas Elétricas/scorm.onilearning.com.br/conteudo/componentebf74.html]
[C:/Meus Sites/Máquinas Elétricas/scorm.onilearning.com.br/conteudo/componente4bfc.html]
[C:/Meus Sites/Máquinas Elétricas/cdn.jsdelivr.net/npm/bootstrap-icons@1.11.3/font/bootstrap-icons.css]
[C:/Meus Sites/Máquinas Elétricas/code.jquery.com/jquery-3.2.1.min.js]
[C:/Meus Sites/Máquinas Elétricas/cdn.jsdelivr.net/npm/uikit@3.16.15/dist/js/uikit.min.js]
[C:/Meus Sites/Máquinas Elétricas/cdnjs.cloudflare.com/ajax/libs/html2pdf.js/0.10.1/html2pdf.bundle.min.js]
[C:/Meus Sites/Máquinas Elétricas/cdnjs.cloudflare.com/ajax/libs/jspdf/2.4.0/jspdf.umd.min.js]
[C:/Meus Sites/Máquinas Elétricas/scorm.onilearning.com.br/conteudo/novo_scorm/scorm-padrao/padrao/js/bootstrap.min.js]
[C:/Meus Sites/Máquinas Elétricas/scorm.onilearning.com.br/conteudo/componente961a.html]
[C:/Meus Sites/Máquinas Elétricas/scorm.onilearning.com.br/conteudo/slide1053.pdf]
[C:/Meus Sites/Máquinas Elétricas/scorm.onilearning.com.br/conteudo/componente11db.html]
[C:/Meus Sites/Máquinas Elétricas/scorm.onilearning.com.br/conteudo/slided962.pdf]
[C:/Meus Sites/Máquinas Elétricas/scorm.onilearning.com.br/conteudo/componente44d5.html]
[C:/Meus Sites/Máquinas Elétricas/scorm.onilearning.com.br/conteudo/componente4fbb.html]
[C:/Meus Sites/Máquinas Elétricas/scorm.onilearning.com.br/conteudo/componenteb3ad.html]
[C:/Meus Sites/Máquinas Elétricas/scorm.onilearning.com.br/conteudo/componentefb4f.html]
[C:/Meus Sites/Máquinas Elétricas/scorm.onilearning.com.br/conteudo/slided280.pdf]
[C:/Meus Sites/Máquinas Elétricas/scorm.onilearning.com.br/conteudo/componentecbb4.html]
[C:/Meus Sites/Máquinas Elétricas/scorm.onilearning.com.br/conteudo/slide4303.pdf]
[C:/Meus Sites/Máquinas Elétricas/scorm.onilearning.com.br/conteudo/componentef996.html]
[C:/Meus Sites/Máquinas Elétricas/scorm.onilearning.com.br/conteudo/componentedd9a.html]
[C:/Meus Sites/Máquinas Elétricas/scorm.onilearning.com.br/conteudo/componente4498.html]
[C:/Meus Sites/Máquinas Elétricas/scorm.onilearning.com.br/conteudo/componenteff99.html]
[C:/Meus Sites/Máquinas Elétricas/scorm.onilearning.com.br/conteudo/slide75dd.pdf]
[C:/Meus Sites/Máquinas Elétricas/scorm.onilearning.com.br/conteudo/componented384.html]
[C:/Meus Sites/Máquinas Elétricas/scorm.onilearning.com.br/conteudo/slided832.pdf]
[C:/Meus Sites/Máquinas Elétricas/scorm.onilearning.com.br/conteudo/componente9101.html]
[C:/Meus Sites/Máquinas Elétricas/scorm.onilearning.com.br/conteudo/componentedbb2.html]
[C:/Meus Sites/Máquinas Elétricas/scorm.onilearning.com.br/conteudo/componente9be8.html]
[C:/Meus Sites/Máquinas Elétricas/scorm.onilearning.com.br/conteudo/componenteb86b.html]
[C:/Meus Sites/Máquinas Elétricas/scorm.onilearning.com.br/conteudo/componentef12a.html]
[C:/Meus Sites/Máquinas Elétricas/scorm.onilearning.com.br/conteudo/locale/locale.html]
[C:/Meus Sites/Máquinas Elétricas/scorm.onilearning.com.br/trilha/assets/pdf/web/images/loading-icon.gif]
[C:/Meus Sites/Máquinas Elétricas/scorm.onilearning.com.br/trilha/assets/pdf/web/viewer.css]
[C:/Meus Sites/Máquinas Elétricas/scorm.onilearning.com.br/conteudo/componente0105.html]
[C:/Meus Sites/Máquinas Elétricas/scorm.onilearning.com.br/conteudo/componente7a6a.html]
[C:/Meus Sites/Máquinas Elétricas/scorm.onilearning.com.br/conteudo/componente2346.html]
[C:/Meus Sites/Máquinas Elétricas/scorm.onilearning.com.br/trilha/assets/pdf/web/images/cursor-editorInk.svg]
[C:/Meus Sites/Máquinas Elétricas/scorm.onilearning.com.br/trilha/assets/pdf/web/images/cursor-editorFreeText.svg]
[C:/Meus Sites/Máquinas Elétricas/scorm.onilearning.com.br/trilha/assets/pdf/web/images/loading.svg]
[C:/Meus Sites/Máquinas Elétricas/scorm.onilearning.com.br/trilha/assets/pdf/web/images/treeitem-expanded.svg]
[C:/Meus Sites/Máquinas Elétricas/scorm.onilearning.com.br/trilha/assets/pdf/web/images/treeitem-collapsed.svg]
[C:/Meus Sites/Máquinas Elétricas/scorm.onilearning.com.br/trilha/assets/pdf/web/images/toolbarButton-editorFreeText.svg]
[C:/Meus Sites/Máquinas Elétricas/scorm.onilearning.com.br/trilha/assets/pdf/web/images/toolbarButton-editorInk.svg]
[C:/Meus Sites/Máquinas Elétricas/scorm.onilearning.com.br/trilha/assets/pdf/web/images/toolbarButton-menuArrow.svg]
[C:/Meus Sites/Máquinas Elétricas/scorm.onilearning.com.br/trilha/assets/pdf/web/images/toolbarButton-sidebarToggle.svg]
[C:/Meus Sites/Máquinas Elétricas/scorm.onilearning.com.br/trilha/assets/pdf/web/images/toolbarButton-secondaryToolbarToggle.svg]
[C:/Meus Sites/Máquinas Elétricas/scorm.onilearning.com.br/trilha/assets/pdf/web/images/toolbarButton-pageUp.svg]
[C:/Meus Sites/Máquinas Elétricas/scorm.onilearning.com.br/trilha/assets/pdf/web/images/toolbarButton-pageDown.svg]
[C:/Meus Sites/Máquinas Elétricas/scorm.onilearning.com.br/trilha/assets/pdf/web/images/toolbarButton-zoomOut.svg]
[C:/Meus Sites/Máquinas Elétricas/scorm.onilearning.com.br/trilha/assets/pdf/web/images/toolbarButton-zoomIn.svg]
[C:/Meus Sites/Máquinas Elétricas/scorm.onilearning.com.br/trilha/assets/pdf/web/images/toolbarButton-presentationMode.svg]
[C:/Meus Sites/Máquinas Elétricas/scorm.onilearning.com.br/trilha/assets/pdf/web/images/toolbarButton-print.svg]
[C:/Meus Sites/Máquinas Elétricas/scorm.onilearning.com.br/trilha/assets/pdf/web/images/toolbarButton-openFile.svg]
[C:/Meus Sites/Máquinas Elétricas/scorm.onilearning.com.br/trilha/assets/pdf/web/images/toolbarButton-download.svg]
[C:/Meus Sites/Máquinas Elétricas/scorm.onilearning.com.br/trilha/assets/pdf/web/images/toolbarButton-bookmark.svg]
[C:/Meus Sites/Máquinas Elétricas/scorm.onilearning.com.br/trilha/assets/pdf/web/images/toolbarButton-viewThumbnail.svg]
[C:/Meus Sites/Máquinas Elétricas/scorm.onilearning.com.br/trilha/assets/pdf/web/images/toolbarButton-viewOutline.svg]
[C:/Meus Sites/Máquinas Elétricas/scorm.onilearning.com.br/trilha/assets/pdf/web/images/toolbarButton-viewAttachments.svg]
[C:/Meus Sites/Máquinas Elétricas/scorm.onilearning.com.br/trilha/assets/pdf/web/images/toolbarButton-viewLayers.svg]
[C:/Meus Sites/Máquinas Elétricas/scorm.onilearning.com.br/trilha/assets/pdf/web/images/toolbarButton-currentOutlineItem.svg]
[C:/Meus Sites/Máquinas Elétricas/scorm.onilearning.com.br/trilha/assets/pdf/web/images/toolbarButton-search.svg]
[C:/Meus Sites/Máquinas Elétricas/scorm.onilearning.com.br/trilha/assets/pdf/web/images/findbarButton-previous.svg]
[C:/Meus Sites/Máquinas Elétricas/scorm.onilearning.com.br/trilha/assets/pdf/web/images/findbarButton-next.svg]
[C:/Meus Sites/Máquinas Elétricas/scorm.onilearning.com.br/trilha/assets/pdf/web/images/secondaryToolbarButton-firstPage.svg]
[C:/Meus Sites/Máquinas Elétricas/scorm.onilearning.com.br/trilha/assets/pdf/web/images/secondaryToolbarButton-lastPage.svg]
[C:/Meus Sites/Máquinas Elétricas/scorm.onilearning.com.br/trilha/assets/pdf/web/images/secondaryToolbarButton-rotateCcw.svg]
[C:/Meus Sites/Máquinas Elétricas/scorm.onilearning.com.br/trilha/assets/pdf/web/images/secondaryToolbarButton-rotateCw.svg]
[C:/Meus Sites/Máquinas Elétricas/scorm.onilearning.com.br/trilha/assets/pdf/web/images/secondaryToolbarButton-selectTool.svg]
[C:/Meus Sites/Máquinas Elétricas/scorm.onilearning.com.br/trilha/assets/pdf/web/images/secondaryToolbarButton-handTool.svg]
[C:/Meus Sites/Máquinas Elétricas/scorm.onilearning.com.br/trilha/assets/pdf/web/images/secondaryToolbarButton-scrollPage.svg]
[C:/Meus Sites/Máquinas Elétricas/scorm.onilearning.com.br/trilha/assets/pdf/web/images/secondaryToolbarButton-scrollVertical.svg]
[C:/Meus Sites/Máquinas Elétricas/scorm.onilearning.com.br/trilha/assets/pdf/web/images/secondaryToolbarButton-scrollHorizontal.svg]
[C:/Meus Sites/Máquinas Elétricas/scorm.onilearning.com.br/trilha/assets/pdf/web/images/secondaryToolbarButton-scrollWrapped.svg]
[C:/Meus Sites/Máquinas Elétricas/scorm.onilearning.com.br/trilha/assets/pdf/web/images/secondaryToolbarButton-spreadNone.svg]
[C:/Meus Sites/Máquinas Elétricas/scorm.onilearning.com.br/trilha/assets/pdf/web/images/secondaryToolbarButton-spreadOdd.svg]
[C:/Meus Sites/Máquinas Elétricas/scorm.onilearning.com.br/trilha/assets/pdf/web/images/secondaryToolbarButton-spreadEven.svg]
[C:/Meus Sites/Máquinas Elétricas/scorm.onilearning.com.br/trilha/assets/pdf/web/images/secondaryToolbarButton-documentProperties.svg]
[C:/Meus Sites/Máquinas Elétricas/scorm.onilearning.com.br/trilha/assets/pdf/web/images/loading-dark.svg]
