[C:/Meus Sites/4-Máquinas Mecânicas/backblue.gif]
[C:/Meus Sites/4-Máquinas Mecânicas/fade.gif]
[C:/Meus Sites/4-Máquinas Mecânicas/index.html]
[C:/Meus Sites/4-Máquinas Mecânicas/scorm.onilearning.com.br/conteudo/assets/img/ONIfavicon-96x96.png]
[C:/Meus Sites/4-Máquinas Mecânicas/scorm.onilearning.com.br/conteudo/assets/js/novaTrilha.js]
[C:/Meus Sites/4-Máquinas Mecânicas/scorm.onilearning.com.br/conteudo/assets/js/acess_scripts.js]
[C:/Meus Sites/4-Máquinas Mecânicas/cdn.jsdelivr.net/npm/@phosphor-icons/web@2.1.1/src/regular/style.css]
[C:/Meus Sites/4-Máquinas Mecânicas/cdn.jsdelivr.net/npm/@phosphor-icons/web@2.1.1/src/bold/style.css]
[C:/Meus Sites/4-Máquinas Mecânicas/cdn.jsdelivr.net/npm/@phosphor-icons/web@2.1.1/src/fill/style.css]
[C:/Meus Sites/4-Máquinas Mecânicas/oni360.com.br/externo/onicreative/template/3/dist/hls.js]
[C:/Meus Sites/4-Máquinas Mecânicas/scorm.onilearning.com.br/conteudo/assets/img/iconografia/modelo-3/icone-1.png]
[C:/Meus Sites/4-Máquinas Mecânicas/scorm.onilearning.com.br/conteudo/assets/img/iconografia/modelo-3/icone-2.png]
[C:/Meus Sites/4-Máquinas Mecânicas/scorm.onilearning.com.br/conteudo/assets/img/iconografia/modelo-3/icone-3.png]
[C:/Meus Sites/4-Máquinas Mecânicas/scorm.onilearning.com.br/conteudo/assets/img/iconografia/modelo-3/icone-4.png]
[C:/Meus Sites/4-Máquinas Mecânicas/scorm.onilearning.com.br/conteudo/assets/img/iconografia/modelo-3/icone-5.png]
[C:/Meus Sites/4-Máquinas Mecânicas/scorm.onilearning.com.br/conteudo/assets/img/iconografia/modelo-3/icone-6.png]
[C:/Meus Sites/4-Máquinas Mecânicas/scorm.onilearning.com.br/conteudo/assets/img/iconografia/modelo-3/icone-7.png]
[C:/Meus Sites/4-Máquinas Mecânicas/scorm.onilearning.com.br/conteudo/assets/img/iconografia/modelo-3/icone-8.png]
[C:/Meus Sites/4-Máquinas Mecânicas/scorm.onilearning.com.br/conteudo/assets/img/iconografia/modelo-3/icone-9.png]
[C:/Meus Sites/4-Máquinas Mecânicas/scorm.onilearning.com.br/conteudo/assets/img/iconografia/modelo-3/icone-10.png]
[C:/Meus Sites/4-Máquinas Mecânicas/scorm.onilearning.com.br/conteudo/assets/img/iconografia/modelo-3/icone-11.png]
[C:/Meus Sites/4-Máquinas Mecânicas/scorm.onilearning.com.br/conteudo/assets/img/iconografia/modelo-3/icone-12.png]
[C:/Meus Sites/4-Máquinas Mecânicas/scorm.onilearning.com.br/conteudo/1831253ef7533d86c17df9e0751c31ab210d.pdf]
[C:/Meus Sites/4-Máquinas Mecânicas/scorm.onilearning.com.br/conteudo/arquivo-pdfbc02.pdf]
[C:/Meus Sites/4-Máquinas Mecânicas/scorm.onilearning.com.br/conteudo/componente7565.html]
[C:/Meus Sites/4-Máquinas Mecânicas/scorm.onilearning.com.br/conteudo/fd1ec5c45788f9fe5c93d6e7a70fc9cff288.pdf]
[C:/Meus Sites/4-Máquinas Mecânicas/scorm.onilearning.com.br/conteudo/arquivo-pdf27d2.pdf]
[C:/Meus Sites/4-Máquinas Mecânicas/scorm.onilearning.com.br/conteudo/componente8116.html]
[C:/Meus Sites/4-Máquinas Mecânicas/scorm.onilearning.com.br/conteudo/4741703c19f9c72682fe19f6f5d0c02b1017.pdf]
[C:/Meus Sites/4-Máquinas Mecânicas/scorm.onilearning.com.br/conteudo/arquivo-pdfeeca.pdf]
[C:/Meus Sites/4-Máquinas Mecânicas/scorm.onilearning.com.br/conteudo/componente9dac.html]
[C:/Meus Sites/4-Máquinas Mecânicas/scorm.onilearning.com.br/conteudo/8e9f9f03a30673c1c4a478578ac6bc49a24e.pdf]
[C:/Meus Sites/4-Máquinas Mecânicas/scorm.onilearning.com.br/conteudo/arquivo-pdf3827.pdf]
[C:/Meus Sites/4-Máquinas Mecânicas/scorm.onilearning.com.br/conteudo/componente87cf.html]
[C:/Meus Sites/4-Máquinas Mecânicas/scorm.onilearning.com.br/conteudo/assets/css/reset.css]
[C:/Meus Sites/4-Máquinas Mecânicas/scorm.onilearning.com.br/conteudo/assets/css/novaTrilha.css]
[C:/Meus Sites/4-Máquinas Mecânicas/scorm.onilearning.com.br/conteudo/assets/css/acess_contrast.css]
[C:/Meus Sites/4-Máquinas Mecânicas/scorm.onilearning.com.br/conteudo/assets/css/acess_bar.css]
[C:/Meus Sites/4-Máquinas Mecânicas/cdn.jsdelivr.net/npm/@phosphor-icons/web@2.1.1/src/regular/style.css]
[C:/Meus Sites/4-Máquinas Mecânicas/cdn.jsdelivr.net/npm/@phosphor-icons/web@2.1.1/src/bold/style.css]
[C:/Meus Sites/4-Máquinas Mecânicas/cdn.jsdelivr.net/npm/@phosphor-icons/web@2.1.1/src/fill/style.css]
[C:/Meus Sites/4-Máquinas Mecânicas/cdnjs.cloudflare.com/ajax/libs/jquery/3.6.4/jquery.min.js]
[C:/Meus Sites/4-Máquinas Mecânicas/cdn.jsdelivr.net/npm/uikit@3.16.15/dist/css/uikit.min.css]
[C:/Meus Sites/4-Máquinas Mecânicas/api-externa360.onilearning.com.br/exemplo-mapa.jpg]
[C:/Meus Sites/4-Máquinas Mecânicas/cdn.jsdelivr.net/npm/bootstrap-icons@1.11.3/font/bootstrap-icons.css]
[C:/Meus Sites/4-Máquinas Mecânicas/scorm.onilearning.com.br/conteudo/novo_scorm/scorm-padrao/padrao/images/banner-trilha.jpg]
[C:/Meus Sites/4-Máquinas Mecânicas/scorm.onilearning.com.br/conteudo/novo_scorm/scorm-padrao/padrao/js/bootstrap.min.js]
[C:/Meus Sites/4-Máquinas Mecânicas/cdn.jsdelivr.net/npm/uikit@3.16.15/dist/js/uikit-icons.min.js]
[C:/Meus Sites/4-Máquinas Mecânicas/scorm.onilearning.com.br/conteudo/novo_scorm/scorm-padrao/padrao/js/main.js]
[C:/Meus Sites/4-Máquinas Mecânicas/scorm.onilearning.com.br/conteudo/componente09c1.html]
[C:/Meus Sites/4-Máquinas Mecânicas/scorm.onilearning.com.br/conteudo/assets/img/pdf.svg]
[C:/Meus Sites/4-Máquinas Mecânicas/scorm.onilearning.com.br/conteudo/assets/img/lang_BR.svg]
[C:/Meus Sites/4-Máquinas Mecânicas/scorm.onilearning.com.br/conteudo/assets/img/lang_US.svg]
[C:/Meus Sites/4-Máquinas Mecânicas/scorm.onilearning.com.br/conteudo/assets/img/lang_ES.svg]
[C:/Meus Sites/4-Máquinas Mecânicas/plugin.handtalk.me/web/latest/handtalk.min.js]
[C:/Meus Sites/4-Máquinas Mecânicas/scorm.onilearning.com.br/conteudo/chatpdf/HISTORICO.pdf]
[C:/Meus Sites/4-Máquinas Mecânicas/scorm.onilearning.com.br/conteudo/chat_pdf_onitutor.html]
[C:/Meus Sites/4-Máquinas Mecânicas/scorm.onilearning.com.br/conteudo/POST.html]
[C:/Meus Sites/4-Máquinas Mecânicas/scorm.onilearning.com.br/conteudo/chatpdf/FunPerguntapdf.html]
[C:/Meus Sites/4-Máquinas Mecânicas/scorm.onilearning.com.br/conteudo/chatpdf/carregarConversas.html]
[C:/Meus Sites/4-Máquinas Mecânicas/scorm.onilearning.com.br/conteudo/scripts.html]
[C:/Meus Sites/4-Máquinas Mecânicas/scorm.onilearning.com.br/conteudo/componente6980.html]
[C:/Meus Sites/4-Máquinas Mecânicas/scorm.onilearning.com.br/conteudo/componente213e.html]
[C:/Meus Sites/4-Máquinas Mecânicas/scorm.onilearning.com.br/conteudo/componente352d.html]
[C:/Meus Sites/4-Máquinas Mecânicas/scorm.onilearning.com.br/conteudo/novo_scorm/scorm-padrao/padrao/fonts/roboto/Roboto-Thin.woff2]
[C:/Meus Sites/4-Máquinas Mecânicas/scorm.onilearning.com.br/conteudo/novo_scorm/scorm-padrao/padrao/fonts/roboto/Roboto-Thin.woff]
[C:/Meus Sites/4-Máquinas Mecânicas/scorm.onilearning.com.br/conteudo/novo_scorm/scorm-padrao/padrao/fonts/roboto/Roboto-Light.woff2]
[C:/Meus Sites/4-Máquinas Mecânicas/scorm.onilearning.com.br/conteudo/novo_scorm/scorm-padrao/padrao/fonts/roboto/Roboto-Light.woff]
[C:/Meus Sites/4-Máquinas Mecânicas/scorm.onilearning.com.br/conteudo/novo_scorm/scorm-padrao/padrao/fonts/roboto/Roboto-Regular.woff2]
[C:/Meus Sites/4-Máquinas Mecânicas/scorm.onilearning.com.br/conteudo/novo_scorm/scorm-padrao/padrao/fonts/roboto/Roboto-Regular.woff]
[C:/Meus Sites/4-Máquinas Mecânicas/scorm.onilearning.com.br/conteudo/novo_scorm/scorm-padrao/padrao/fonts/roboto/Roboto-Medium.woff2]
[C:/Meus Sites/4-Máquinas Mecânicas/scorm.onilearning.com.br/conteudo/novo_scorm/scorm-padrao/padrao/fonts/roboto/Roboto-Medium.woff]
[C:/Meus Sites/4-Máquinas Mecânicas/scorm.onilearning.com.br/conteudo/novo_scorm/scorm-padrao/padrao/fonts/roboto/Roboto-Bold.woff2]
[C:/Meus Sites/4-Máquinas Mecânicas/scorm.onilearning.com.br/conteudo/novo_scorm/scorm-padrao/padrao/fonts/roboto/Roboto-Bold.woff]
[C:/Meus Sites/4-Máquinas Mecânicas/scorm.onilearning.com.br/conteudo/novo_scorm/scorm-padrao/padrao/css/materialize.min.css]
[C:/Meus Sites/4-Máquinas Mecânicas/scorm.onilearning.com.br/conteudo/novo_scorm/scorm-padrao/padrao/contents/background_computador2.jpg]
[C:/Meus Sites/4-Máquinas Mecânicas/scorm.onilearning.com.br/conteudo/novo_scorm/scorm-padrao/padrao/css/main.css]
[C:/Meus Sites/4-Máquinas Mecânicas/scorm.onilearning.com.br/conteudo/novo_scorm/scorm-padrao/padrao/css/bootstrap-grid.min.css]
[C:/Meus Sites/4-Máquinas Mecânicas/cdn.jsdelivr.net/npm/uikit@3.16.15/dist/css/uikit.min.css]
[C:/Meus Sites/4-Máquinas Mecânicas/scorm.onilearning.com.br/conteudo/componente68ab.html]
[C:/Meus Sites/4-Máquinas Mecânicas/scorm.onilearning.com.br/conteudo/ebook2bf8.pdf]
[C:/Meus Sites/4-Máquinas Mecânicas/scorm.onilearning.com.br/trilha/assets/pdf/build/pdf.js]
[C:/Meus Sites/4-Máquinas Mecânicas/scorm.onilearning.com.br/trilha/assets/pdf/web/viewer.css]
[C:/Meus Sites/4-Máquinas Mecânicas/scorm.onilearning.com.br/conteudo/componentebb97.html]
[C:/Meus Sites/4-Máquinas Mecânicas/scorm.onilearning.com.br/trilha/assets/pdf/web/viewer.js]
[C:/Meus Sites/4-Máquinas Mecânicas/scorm.onilearning.com.br/conteudo/ebook71e3.pdf]
[C:/Meus Sites/4-Máquinas Mecânicas/scorm.onilearning.com.br/conteudo/componente6a9d.html]
[C:/Meus Sites/4-Máquinas Mecânicas/scorm.onilearning.com.br/conteudo/dist/hls.js]
[C:/Meus Sites/4-Máquinas Mecânicas/scorm.onilearning.com.br/conteudo/componente9075.html]
[C:/Meus Sites/4-Máquinas Mecânicas/scorm.onilearning.com.br/conteudo/componente597e.html]
[C:/Meus Sites/4-Máquinas Mecânicas/cdn.jsdelivr.net/npm/bootstrap-icons@1.11.3/font/bootstrap-icons.css]
[C:/Meus Sites/4-Máquinas Mecânicas/code.jquery.com/jquery-3.2.1.min.js]
[C:/Meus Sites/4-Máquinas Mecânicas/cdn.jsdelivr.net/npm/uikit@3.16.15/dist/js/uikit.min.js]
[C:/Meus Sites/4-Máquinas Mecânicas/cdnjs.cloudflare.com/ajax/libs/jspdf/2.4.0/jspdf.umd.min.js]
[C:/Meus Sites/4-Máquinas Mecânicas/cdnjs.cloudflare.com/ajax/libs/html2pdf.js/0.10.1/html2pdf.bundle.min.js]
[C:/Meus Sites/4-Máquinas Mecânicas/scorm.onilearning.com.br/conteudo/componente37c7.html]
[C:/Meus Sites/4-Máquinas Mecânicas/scorm.onilearning.com.br/conteudo/ebookffff.pdf]
[C:/Meus Sites/4-Máquinas Mecânicas/scorm.onilearning.com.br/conteudo/componentec7c2.html]
[C:/Meus Sites/4-Máquinas Mecânicas/scorm.onilearning.com.br/conteudo/ebook256d.pdf]
[C:/Meus Sites/4-Máquinas Mecânicas/scorm.onilearning.com.br/conteudo/componentec197.html]
[C:/Meus Sites/4-Máquinas Mecânicas/scorm.onilearning.com.br/conteudo/componentea75b.html]
[C:/Meus Sites/4-Máquinas Mecânicas/scorm.onilearning.com.br/conteudo/componentecfd8.html]
[C:/Meus Sites/4-Máquinas Mecânicas/scorm.onilearning.com.br/conteudo/componenteb588.html]
[C:/Meus Sites/4-Máquinas Mecânicas/scorm.onilearning.com.br/conteudo/ebook893f.pdf]
[C:/Meus Sites/4-Máquinas Mecânicas/scorm.onilearning.com.br/conteudo/componente5219.html]
[C:/Meus Sites/4-Máquinas Mecânicas/scorm.onilearning.com.br/conteudo/ebookb81b.pdf]
[C:/Meus Sites/4-Máquinas Mecânicas/scorm.onilearning.com.br/conteudo/componente5862.html]
[C:/Meus Sites/4-Máquinas Mecânicas/scorm.onilearning.com.br/conteudo/componente7cb5.html]
[C:/Meus Sites/4-Máquinas Mecânicas/scorm.onilearning.com.br/conteudo/componente385a.html]
[C:/Meus Sites/4-Máquinas Mecânicas/scorm.onilearning.com.br/conteudo/componenteb39b.html]
[C:/Meus Sites/4-Máquinas Mecânicas/scorm.onilearning.com.br/conteudo/ebookbaa6.pdf]
[C:/Meus Sites/4-Máquinas Mecânicas/scorm.onilearning.com.br/conteudo/componente750b.html]
[C:/Meus Sites/4-Máquinas Mecânicas/scorm.onilearning.com.br/conteudo/ebook0ace.pdf]
[C:/Meus Sites/4-Máquinas Mecânicas/scorm.onilearning.com.br/conteudo/componente433e.html]
[C:/Meus Sites/4-Máquinas Mecânicas/scorm.onilearning.com.br/conteudo/componente4464.html]
[C:/Meus Sites/4-Máquinas Mecânicas/scorm.onilearning.com.br/conteudo/componente0ff9.html]
[C:/Meus Sites/4-Máquinas Mecânicas/scorm.onilearning.com.br/conteudo/componente2fb3.html]
[C:/Meus Sites/4-Máquinas Mecânicas/scorm.onilearning.com.br/conteudo/componente8a8b.html]
[C:/Meus Sites/4-Máquinas Mecânicas/scorm.onilearning.com.br/conteudo/locale/locale.html]
[C:/Meus Sites/4-Máquinas Mecânicas/scorm.onilearning.com.br/trilha/assets/pdf/web/viewer.css]
[C:/Meus Sites/4-Máquinas Mecânicas/scorm.onilearning.com.br/conteudo/chatpdf/audioQuestion92bd.html]
[C:/Meus Sites/4-Máquinas Mecânicas/scorm.onilearning.com.br/conteudo/componente3dc4.html]
[C:/Meus Sites/4-Máquinas Mecânicas/scorm.onilearning.com.br/conteudo/componente734f.html]
[C:/Meus Sites/4-Máquinas Mecânicas/scorm.onilearning.com.br/conteudo/componente102d.html]
