[C:/Meus Sites/Legislação e Ética Aplicada ao Setor Elétrico/backblue.gif]
[C:/Meus Sites/Legislação e Ética Aplicada ao Setor Elétrico/fade.gif]
[C:/Meus Sites/Legislação e Ética Aplicada ao Setor Elétrico/index.html]
[C:/Meus Sites/Legislação e Ética Aplicada ao Setor Elétrico/scorm.onilearning.com.br/conteudo/assets/img/ONIfavicon-96x96.png]
[C:/Meus Sites/Legislação e Ética Aplicada ao Setor Elétrico/scorm.onilearning.com.br/conteudo/assets/css/novaTrilha.css]
[C:/Meus Sites/Legislação e Ética Aplicada ao Setor Elétrico/scorm.onilearning.com.br/conteudo/assets/js/acess_scripts.js]
[C:/Meus Sites/Legislação e Ética Aplicada ao Setor Elétrico/cdn.jsdelivr.net/npm/@phosphor-icons/web@2.1.1/src/regular/style.css]
[C:/Meus Sites/Legislação e Ética Aplicada ao Setor Elétrico/cdn.jsdelivr.net/npm/@phosphor-icons/web@2.1.1/src/bold/style.css]
[C:/Meus Sites/Legislação e Ética Aplicada ao Setor Elétrico/cdn.jsdelivr.net/npm/@phosphor-icons/web@2.1.1/src/fill/style.css]
[C:/Meus Sites/Legislação e Ética Aplicada ao Setor Elétrico/oni360.com.br/externo/onicreative/template/3/dist/hls.js]
[C:/Meus Sites/Legislação e Ética Aplicada ao Setor Elétrico/scorm.onilearning.com.br/conteudo/assets/img/iconografia/modelo-3/icone-1.png]
[C:/Meus Sites/Legislação e Ética Aplicada ao Setor Elétrico/scorm.onilearning.com.br/conteudo/assets/img/iconografia/modelo-3/icone-2.png]
[C:/Meus Sites/Legislação e Ética Aplicada ao Setor Elétrico/scorm.onilearning.com.br/conteudo/assets/img/iconografia/modelo-3/icone-3.png]
[C:/Meus Sites/Legislação e Ética Aplicada ao Setor Elétrico/scorm.onilearning.com.br/conteudo/assets/img/iconografia/modelo-3/icone-4.png]
[C:/Meus Sites/Legislação e Ética Aplicada ao Setor Elétrico/scorm.onilearning.com.br/conteudo/assets/img/iconografia/modelo-3/icone-5.png]
[C:/Meus Sites/Legislação e Ética Aplicada ao Setor Elétrico/scorm.onilearning.com.br/conteudo/assets/img/iconografia/modelo-3/icone-6.png]
[C:/Meus Sites/Legislação e Ética Aplicada ao Setor Elétrico/scorm.onilearning.com.br/conteudo/assets/img/iconografia/modelo-3/icone-7.png]
[C:/Meus Sites/Legislação e Ética Aplicada ao Setor Elétrico/scorm.onilearning.com.br/conteudo/assets/img/iconografia/modelo-3/icone-8.png]
[C:/Meus Sites/Legislação e Ética Aplicada ao Setor Elétrico/scorm.onilearning.com.br/conteudo/assets/img/iconografia/modelo-3/icone-9.png]
[C:/Meus Sites/Legislação e Ética Aplicada ao Setor Elétrico/scorm.onilearning.com.br/conteudo/assets/img/iconografia/modelo-3/icone-10.png]
[C:/Meus Sites/Legislação e Ética Aplicada ao Setor Elétrico/scorm.onilearning.com.br/conteudo/assets/img/iconografia/modelo-3/icone-11.png]
[C:/Meus Sites/Legislação e Ética Aplicada ao Setor Elétrico/scorm.onilearning.com.br/conteudo/assets/img/iconografia/modelo-3/icone-12.png]
[C:/Meus Sites/Legislação e Ética Aplicada ao Setor Elétrico/scorm.onilearning.com.br/conteudo/ebookcc8b.pdf]
[C:/Meus Sites/Legislação e Ética Aplicada ao Setor Elétrico/scorm.onilearning.com.br/conteudo/arquivo-pdfccdc.pdf]
[C:/Meus Sites/Legislação e Ética Aplicada ao Setor Elétrico/scorm.onilearning.com.br/conteudo/componente24cc.html]
[C:/Meus Sites/Legislação e Ética Aplicada ao Setor Elétrico/scorm.onilearning.com.br/conteudo/ebookcd1f.pdf]
[C:/Meus Sites/Legislação e Ética Aplicada ao Setor Elétrico/scorm.onilearning.com.br/conteudo/arquivo-pdfbf35.pdf]
[C:/Meus Sites/Legislação e Ética Aplicada ao Setor Elétrico/scorm.onilearning.com.br/conteudo/componentebeda.html]
[C:/Meus Sites/Legislação e Ética Aplicada ao Setor Elétrico/scorm.onilearning.com.br/conteudo/ebookdb28.pdf]
[C:/Meus Sites/Legislação e Ética Aplicada ao Setor Elétrico/scorm.onilearning.com.br/conteudo/arquivo-pdf9953.pdf]
[C:/Meus Sites/Legislação e Ética Aplicada ao Setor Elétrico/scorm.onilearning.com.br/conteudo/componentebb29.html]
[C:/Meus Sites/Legislação e Ética Aplicada ao Setor Elétrico/scorm.onilearning.com.br/conteudo/ebook34bc.pdf]
[C:/Meus Sites/Legislação e Ética Aplicada ao Setor Elétrico/scorm.onilearning.com.br/conteudo/arquivo-pdf8fdc.pdf]
[C:/Meus Sites/Legislação e Ética Aplicada ao Setor Elétrico/scorm.onilearning.com.br/conteudo/componentefcbe.html]
[C:/Meus Sites/Legislação e Ética Aplicada ao Setor Elétrico/s3.us-east-2.amazonaws.com/game.telesapiens.com.br/LEGISLACAO_E_ETICA_APLICADA_AO_SETOR_ELETRICO/index.html]
[C:/Meus Sites/Legislação e Ética Aplicada ao Setor Elétrico/scorm.onilearning.com.br/conteudo/assets/css/reset.css]
[C:/Meus Sites/Legislação e Ética Aplicada ao Setor Elétrico/scorm.onilearning.com.br/conteudo/assets/css/novaTrilha.css]
[C:/Meus Sites/Legislação e Ética Aplicada ao Setor Elétrico/cdnjs.cloudflare.com/ajax/libs/jquery/3.6.4/jquery.min.js]
[C:/Meus Sites/Legislação e Ética Aplicada ao Setor Elétrico/scorm.onilearning.com.br/conteudo/assets/css/acess_contrast.css]
[C:/Meus Sites/Legislação e Ética Aplicada ao Setor Elétrico/scorm.onilearning.com.br/conteudo/assets/css/acess_bar.css]
[C:/Meus Sites/Legislação e Ética Aplicada ao Setor Elétrico/cdn.jsdelivr.net/npm/@phosphor-icons/web@2.1.1/src/regular/style.css]
[C:/Meus Sites/Legislação e Ética Aplicada ao Setor Elétrico/cdn.jsdelivr.net/npm/@phosphor-icons/web@2.1.1/src/bold/style.css]
[C:/Meus Sites/Legislação e Ética Aplicada ao Setor Elétrico/cdn.jsdelivr.net/npm/@phosphor-icons/web@2.1.1/src/fill/style.css]
[C:/Meus Sites/Legislação e Ética Aplicada ao Setor Elétrico/scorm.onilearning.com.br/conteudo/assets/js/novaTrilha.js]
[C:/Meus Sites/Legislação e Ética Aplicada ao Setor Elétrico/scorm.onilearning.com.br/conteudo/novo_scorm/scorm-padrao/padrao/css/materialize.min.css]
[C:/Meus Sites/Legislação e Ética Aplicada ao Setor Elétrico/scorm.onilearning.com.br/conteudo/novo_scorm/scorm-padrao/padrao/css/main.css]
[C:/Meus Sites/Legislação e Ética Aplicada ao Setor Elétrico/scorm.onilearning.com.br/conteudo/novo_scorm/scorm-padrao/padrao/css/bootstrap-grid.min.css]
[C:/Meus Sites/Legislação e Ética Aplicada ao Setor Elétrico/cdn.jsdelivr.net/npm/uikit@3.16.15/dist/css/uikit.min.css]
[C:/Meus Sites/Legislação e Ética Aplicada ao Setor Elétrico/api-externa360.onilearning.com.br/exemplo-mapa.jpg]
[C:/Meus Sites/Legislação e Ética Aplicada ao Setor Elétrico/cdn.jsdelivr.net/npm/bootstrap-icons@1.11.3/font/bootstrap-icons.css]
[C:/Meus Sites/Legislação e Ética Aplicada ao Setor Elétrico/scorm.onilearning.com.br/conteudo/novo_scorm/scorm-padrao/padrao/images/banner-trilha.jpg]
[C:/Meus Sites/Legislação e Ética Aplicada ao Setor Elétrico/cdn.jsdelivr.net/npm/uikit@3.16.15/dist/js/uikit-icons.min.js]
[C:/Meus Sites/Legislação e Ética Aplicada ao Setor Elétrico/scorm.onilearning.com.br/conteudo/novo_scorm/scorm-padrao/padrao/js/main.js]
[C:/Meus Sites/Legislação e Ética Aplicada ao Setor Elétrico/scorm.onilearning.com.br/conteudo/componente764b.html]
[C:/Meus Sites/Legislação e Ética Aplicada ao Setor Elétrico/scorm.onilearning.com.br/conteudo/assets/img/pdf.svg]
[C:/Meus Sites/Legislação e Ética Aplicada ao Setor Elétrico/scorm.onilearning.com.br/conteudo/assets/img/lang_BR.svg]
[C:/Meus Sites/Legislação e Ética Aplicada ao Setor Elétrico/plugin.handtalk.me/web/latest/handtalk.min.js]
[C:/Meus Sites/Legislação e Ética Aplicada ao Setor Elétrico/scorm.onilearning.com.br/conteudo/chatpdf/HISTORICO.pdf]
[C:/Meus Sites/Legislação e Ética Aplicada ao Setor Elétrico/scorm.onilearning.com.br/conteudo/chat_pdf_onitutor.html]
[C:/Meus Sites/Legislação e Ética Aplicada ao Setor Elétrico/scorm.onilearning.com.br/conteudo/POST.html]
[C:/Meus Sites/Legislação e Ética Aplicada ao Setor Elétrico/scorm.onilearning.com.br/conteudo/chatpdf/FunPerguntapdf.html]
[C:/Meus Sites/Legislação e Ética Aplicada ao Setor Elétrico/scorm.onilearning.com.br/conteudo/chatpdf/carregarConversas.html]
[C:/Meus Sites/Legislação e Ética Aplicada ao Setor Elétrico/scorm.onilearning.com.br/conteudo/scripts.html]
[C:/Meus Sites/Legislação e Ética Aplicada ao Setor Elétrico/scorm.onilearning.com.br/conteudo/componentec529.html]
[C:/Meus Sites/Legislação e Ética Aplicada ao Setor Elétrico/scorm.onilearning.com.br/conteudo/componentea5b2.html]
[C:/Meus Sites/Legislação e Ética Aplicada ao Setor Elétrico/scorm.onilearning.com.br/conteudo/componentee22c.html]
[C:/Meus Sites/Legislação e Ética Aplicada ao Setor Elétrico/scorm.onilearning.com.br/conteudo/novo_scorm/scorm-padrao/padrao/css/materialize.min.css]
[C:/Meus Sites/Legislação e Ética Aplicada ao Setor Elétrico/scorm.onilearning.com.br/conteudo/novo_scorm/scorm-padrao/padrao/contents/background_computador2.jpg]
[C:/Meus Sites/Legislação e Ética Aplicada ao Setor Elétrico/scorm.onilearning.com.br/conteudo/novo_scorm/scorm-padrao/padrao/css/main.css]
[C:/Meus Sites/Legislação e Ética Aplicada ao Setor Elétrico/scorm.onilearning.com.br/conteudo/novo_scorm/scorm-padrao/padrao/css/bootstrap-grid.min.css]
[C:/Meus Sites/Legislação e Ética Aplicada ao Setor Elétrico/cdn.jsdelivr.net/npm/uikit@3.16.15/dist/css/uikit.min.css]
[C:/Meus Sites/Legislação e Ética Aplicada ao Setor Elétrico/scorm.onilearning.com.br/conteudo/componente3de3.html]
[C:/Meus Sites/Legislação e Ética Aplicada ao Setor Elétrico/scorm.onilearning.com.br/conteudo/slide19b4.pdf]
[C:/Meus Sites/Legislação e Ética Aplicada ao Setor Elétrico/scorm.onilearning.com.br/trilha/assets/pdf/web/viewer.css]
[C:/Meus Sites/Legislação e Ética Aplicada ao Setor Elétrico/scorm.onilearning.com.br/conteudo/componente1f8d.html]
[C:/Meus Sites/Legislação e Ética Aplicada ao Setor Elétrico/scorm.onilearning.com.br/trilha/assets/pdf/web/viewer.js]
[C:/Meus Sites/Legislação e Ética Aplicada ao Setor Elétrico/scorm.onilearning.com.br/conteudo/slidedfbe.pdf]
[C:/Meus Sites/Legislação e Ética Aplicada ao Setor Elétrico/scorm.onilearning.com.br/conteudo/componente47fe.html]
[C:/Meus Sites/Legislação e Ética Aplicada ao Setor Elétrico/scorm.onilearning.com.br/conteudo/componentead8e.html]
[C:/Meus Sites/Legislação e Ética Aplicada ao Setor Elétrico/scorm.onilearning.com.br/conteudo/componentef6b5.html]
[C:/Meus Sites/Legislação e Ética Aplicada ao Setor Elétrico/cdn.jsdelivr.net/npm/bootstrap-icons@1.11.3/font/bootstrap-icons.css]
[C:/Meus Sites/Legislação e Ética Aplicada ao Setor Elétrico/code.jquery.com/jquery-3.2.1.min.js]
[C:/Meus Sites/Legislação e Ética Aplicada ao Setor Elétrico/cdn.jsdelivr.net/npm/uikit@3.16.15/dist/js/uikit.min.js]
[C:/Meus Sites/Legislação e Ética Aplicada ao Setor Elétrico/cdnjs.cloudflare.com/ajax/libs/jspdf/2.4.0/jspdf.umd.min.js]
[C:/Meus Sites/Legislação e Ética Aplicada ao Setor Elétrico/cdnjs.cloudflare.com/ajax/libs/html2pdf.js/0.10.1/html2pdf.bundle.min.js]
[C:/Meus Sites/Legislação e Ética Aplicada ao Setor Elétrico/scorm.onilearning.com.br/conteudo/novo_scorm/scorm-padrao/padrao/js/bootstrap.min.js]
[C:/Meus Sites/Legislação e Ética Aplicada ao Setor Elétrico/scorm.onilearning.com.br/conteudo/componenteb6c6.html]
[C:/Meus Sites/Legislação e Ética Aplicada ao Setor Elétrico/scorm.onilearning.com.br/conteudo/slidee95e.pdf]
[C:/Meus Sites/Legislação e Ética Aplicada ao Setor Elétrico/scorm.onilearning.com.br/conteudo/componenteaeb6.html]
[C:/Meus Sites/Legislação e Ética Aplicada ao Setor Elétrico/scorm.onilearning.com.br/conteudo/slide671c.pdf]
[C:/Meus Sites/Legislação e Ética Aplicada ao Setor Elétrico/scorm.onilearning.com.br/conteudo/componente5672.html]
[C:/Meus Sites/Legislação e Ética Aplicada ao Setor Elétrico/scorm.onilearning.com.br/conteudo/componente1230.html]
[C:/Meus Sites/Legislação e Ética Aplicada ao Setor Elétrico/scorm.onilearning.com.br/conteudo/componente4979.html]
[C:/Meus Sites/Legislação e Ética Aplicada ao Setor Elétrico/scorm.onilearning.com.br/conteudo/componente7913.html]
[C:/Meus Sites/Legislação e Ética Aplicada ao Setor Elétrico/scorm.onilearning.com.br/conteudo/slide5e2f.pdf]
[C:/Meus Sites/Legislação e Ética Aplicada ao Setor Elétrico/scorm.onilearning.com.br/conteudo/componenteb34b.html]
[C:/Meus Sites/Legislação e Ética Aplicada ao Setor Elétrico/scorm.onilearning.com.br/conteudo/slidee1c8.pdf]
[C:/Meus Sites/Legislação e Ética Aplicada ao Setor Elétrico/scorm.onilearning.com.br/conteudo/componente54b2.html]
[C:/Meus Sites/Legislação e Ética Aplicada ao Setor Elétrico/scorm.onilearning.com.br/conteudo/componentea58e.html]
[C:/Meus Sites/Legislação e Ética Aplicada ao Setor Elétrico/scorm.onilearning.com.br/conteudo/componenteb3ab.html]
[C:/Meus Sites/Legislação e Ética Aplicada ao Setor Elétrico/scorm.onilearning.com.br/conteudo/componente05c6.html]
[C:/Meus Sites/Legislação e Ética Aplicada ao Setor Elétrico/scorm.onilearning.com.br/conteudo/slide9467.pdf]
[C:/Meus Sites/Legislação e Ética Aplicada ao Setor Elétrico/scorm.onilearning.com.br/conteudo/componented927.html]
[C:/Meus Sites/Legislação e Ética Aplicada ao Setor Elétrico/scorm.onilearning.com.br/conteudo/slidee064.pdf]
[C:/Meus Sites/Legislação e Ética Aplicada ao Setor Elétrico/scorm.onilearning.com.br/conteudo/componente2912.html]
[C:/Meus Sites/Legislação e Ética Aplicada ao Setor Elétrico/scorm.onilearning.com.br/conteudo/componente0980.html]
[C:/Meus Sites/Legislação e Ética Aplicada ao Setor Elétrico/scorm.onilearning.com.br/conteudo/componente195b.html]
[C:/Meus Sites/Legislação e Ética Aplicada ao Setor Elétrico/scorm.onilearning.com.br/conteudo/componente9b38.html]
[C:/Meus Sites/Legislação e Ética Aplicada ao Setor Elétrico/scorm.onilearning.com.br/conteudo/componentef370.html]
[C:/Meus Sites/Legislação e Ética Aplicada ao Setor Elétrico/scorm.onilearning.com.br/conteudo/locale/locale.html]
[C:/Meus Sites/Legislação e Ética Aplicada ao Setor Elétrico/scorm.onilearning.com.br/trilha/assets/pdf/build/pdf.js]
[C:/Meus Sites/Legislação e Ética Aplicada ao Setor Elétrico/scorm.onilearning.com.br/trilha/assets/pdf/web/viewer.css]
[C:/Meus Sites/Legislação e Ética Aplicada ao Setor Elétrico/scorm.onilearning.com.br/conteudo/chatpdf/audioQuestion92bd.html]
[C:/Meus Sites/Legislação e Ética Aplicada ao Setor Elétrico/scorm.onilearning.com.br/conteudo/componenteeee9.html]
[C:/Meus Sites/Legislação e Ética Aplicada ao Setor Elétrico/scorm.onilearning.com.br/conteudo/componente353d.html]
[C:/Meus Sites/Legislação e Ética Aplicada ao Setor Elétrico/scorm.onilearning.com.br/conteudo/componente9b22.html]
[C:/Meus Sites/Legislação e Ética Aplicada ao Setor Elétrico/scorm.onilearning.com.br/conteudo/dist/hls.js]
